CRITICAL - 2023-12-23 23:00:46 --> The framework needs the following extension(s) installed and loaded: intl.
in SYSTEMPATH\CodeIgniter.php on line 246.
 1 SYSTEMPATH\CodeIgniter.php(246): CodeIgniter\Exceptions\FrameworkException::forMissingExtension('intl')
 2 SYSTEMPATH\CodeIgniter.php(210): CodeIgniter\CodeIgniter->resolvePlatformExtensions()
 3 ROOTPATH\spark(88): CodeIgniter\CodeIgniter->initialize()
CRITICAL - 2023-12-23 23:00:46 --> Uncaught Error: Class "Locale" not found in D:\STMIK-Jayanusa\SEMESTER 5\Pemrograman WEB 2\Project\LatihanCI_Masjid\system\I18n\TimeTrait.php:74
Stack trace:
#0 D:\STMIK-Jayanusa\SEMESTER 5\Pemrograman WEB 2\Project\LatihanCI_Masjid\system\I18n\TimeTrait.php(115): CodeIgniter\I18n\Time->__construct(NULL, NULL, NULL)
#1 D:\STMIK-Jayanusa\SEMESTER 5\Pemrograman WEB 2\Project\LatihanCI_Masjid\system\HTTP\ResponseTrait.php(468): CodeIgniter\I18n\Time::now()
#2 D:\STMIK-Jayanusa\SEMESTER 5\Pemrograman WEB 2\Project\LatihanCI_Masjid\system\HTTP\ResponseTrait.php(446): CodeIgniter\HTTP\Response->sendHeaders()
#3 D:\STMIK-Jayanusa\SEMESTER 5\Pemrograman WEB 2\Project\LatihanCI_Masjid\system\Debug\ExceptionHandler.php(78): CodeIgniter\HTTP\Response->send()
#4 D:\STMIK-Jayanusa\SEMESTER 5\Pemrograman WEB 2\Project\LatihanCI_Masjid\system\Debug\Exceptions.php(146): CodeIgniter\Debug\ExceptionHandler->handle(Object(CodeIgniter\Exceptions\FrameworkException), Object(CodeIgniter\HTTP\IncomingRequest), Object(CodeIgniter\HTTP\Response), 500, 1)
#5 [internal function]: CodeIgniter\Debug\Exceptions->exceptionHandler(Object(CodeIgniter\Exceptions\FrameworkException))
#6 {main}
  thrown
【Previous Exception】
CodeIgniter\Exceptions\FrameworkException
The framework needs the following extension(s) installed and loaded: intl.
#0 D:\STMIK-Jayanusa\SEMESTER 5\Pemrograman WEB 2\Project\LatihanCI_Masjid\system\CodeIgniter.php(246): CodeIgniter\Exceptions\FrameworkException::forMissingExtension('intl')
#1 D:\STMIK-Jayanusa\SEMESTER 5\Pemrograman WEB 2\Project\LatihanCI_Masjid\system\CodeIgniter.php(210): CodeIgniter\CodeIgniter->resolvePlatformExtensions()
#2 D:\STMIK-Jayanusa\SEMESTER 5\Pemrograman WEB 2\Project\LatihanCI_Masjid\spark(88): CodeIgniter\CodeIgniter->initialize()
#3 {main}
in SYSTEMPATH\I18n\TimeTrait.php on line 74.
 1 [internal function]: CodeIgniter\Debug\Exceptions->shutdownHandler()
INFO - 2023-12-23 22:02:33 --> Session: Class initialized using 'CodeIgniter\Session\Handlers\FileHandler' driver.
