INFO - 2024-01-17 00:43:11 --> Session: Class initialized using 'CodeIgniter\Session\Handlers\FileHandler' driver.
INFO - 2024-01-17 00:43:28 --> Session: Class initialized using 'CodeIgniter\Session\Handlers\FileHandler' driver.
INFO - 2024-01-17 00:43:32 --> Session: Class initialized using 'CodeIgniter\Session\Handlers\FileHandler' driver.
INFO - 2024-01-17 00:43:39 --> Session: Class initialized using 'CodeIgniter\Session\Handlers\FileHandler' driver.
INFO - 2024-01-17 00:43:47 --> Session: Class initialized using 'CodeIgniter\Session\Handlers\FileHandler' driver.
INFO - 2024-01-17 00:43:50 --> Session: Class initialized using 'CodeIgniter\Session\Handlers\FileHandler' driver.
INFO - 2024-01-17 00:44:10 --> Session: Class initialized using 'CodeIgniter\Session\Handlers\FileHandler' driver.
INFO - 2024-01-17 00:44:18 --> Session: Class initialized using 'CodeIgniter\Session\Handlers\FileHandler' driver.
INFO - 2024-01-17 00:46:14 --> Session: Class initialized using 'CodeIgniter\Session\Handlers\FileHandler' driver.
INFO - 2024-01-17 00:46:21 --> Session: Class initialized using 'CodeIgniter\Session\Handlers\FileHandler' driver.
INFO - 2024-01-17 00:46:30 --> Session: Class initialized using 'CodeIgniter\Session\Handlers\FileHandler' driver.
INFO - 2024-01-17 00:46:34 --> Session: Class initialized using 'CodeIgniter\Session\Handlers\FileHandler' driver.
INFO - 2024-01-17 00:46:36 --> Session: Class initialized using 'CodeIgniter\Session\Handlers\FileHandler' driver.
INFO - 2024-01-17 00:46:38 --> Session: Class initialized using 'CodeIgniter\Session\Handlers\FileHandler' driver.
INFO - 2024-01-17 00:46:40 --> Session: Class initialized using 'CodeIgniter\Session\Handlers\FileHandler' driver.
INFO - 2024-01-17 00:47:55 --> Session: Class initialized using 'CodeIgniter\Session\Handlers\FileHandler' driver.
INFO - 2024-01-17 00:48:07 --> Session: Class initialized using 'CodeIgniter\Session\Handlers\FileHandler' driver.
INFO - 2024-01-17 00:48:08 --> Session: Class initialized using 'CodeIgniter\Session\Handlers\FileHandler' driver.
INFO - 2024-01-17 00:48:25 --> Session: Class initialized using 'CodeIgniter\Session\Handlers\FileHandler' driver.
INFO - 2024-01-17 00:48:25 --> Session: Class initialized using 'CodeIgniter\Session\Handlers\FileHandler' driver.
INFO - 2024-01-17 00:48:30 --> Session: Class initialized using 'CodeIgniter\Session\Handlers\FileHandler' driver.
INFO - 2024-01-17 00:48:32 --> Session: Class initialized using 'CodeIgniter\Session\Handlers\FileHandler' driver.
INFO - 2024-01-17 00:48:34 --> Session: Class initialized using 'CodeIgniter\Session\Handlers\FileHandler' driver.
INFO - 2024-01-17 00:50:16 --> Session: Class initialized using 'CodeIgniter\Session\Handlers\FileHandler' driver.
INFO - 2024-01-17 00:50:41 --> Session: Class initialized using 'CodeIgniter\Session\Handlers\FileHandler' driver.
INFO - 2024-01-17 00:50:49 --> Session: Class initialized using 'CodeIgniter\Session\Handlers\FileHandler' driver.
INFO - 2024-01-17 00:50:54 --> Session: Class initialized using 'CodeIgniter\Session\Handlers\FileHandler' driver.
INFO - 2024-01-17 00:51:47 --> Session: Class initialized using 'CodeIgniter\Session\Handlers\FileHandler' driver.
INFO - 2024-01-17 00:52:05 --> Session: Class initialized using 'CodeIgniter\Session\Handlers\FileHandler' driver.
INFO - 2024-01-17 01:09:41 --> Session: Class initialized using 'CodeIgniter\Session\Handlers\FileHandler' driver.
INFO - 2024-01-17 01:10:11 --> Session: Class initialized using 'CodeIgniter\Session\Handlers\FileHandler' driver.
INFO - 2024-01-17 01:10:11 --> Session: Class initialized using 'CodeIgniter\Session\Handlers\FileHandler' driver.
INFO - 2024-01-17 01:10:21 --> Session: Class initialized using 'CodeIgniter\Session\Handlers\FileHandler' driver.
INFO - 2024-01-17 01:10:30 --> Session: Class initialized using 'CodeIgniter\Session\Handlers\FileHandler' driver.
INFO - 2024-01-17 01:10:34 --> Session: Class initialized using 'CodeIgniter\Session\Handlers\FileHandler' driver.
INFO - 2024-01-17 01:10:39 --> Session: Class initialized using 'CodeIgniter\Session\Handlers\FileHandler' driver.
INFO - 2024-01-17 01:10:49 --> Session: Class initialized using 'CodeIgniter\Session\Handlers\FileHandler' driver.
INFO - 2024-01-17 01:10:54 --> Session: Class initialized using 'CodeIgniter\Session\Handlers\FileHandler' driver.
INFO - 2024-01-17 01:11:06 --> Session: Class initialized using 'CodeIgniter\Session\Handlers\FileHandler' driver.
INFO - 2024-01-17 01:11:18 --> Session: Class initialized using 'CodeIgniter\Session\Handlers\FileHandler' driver.
INFO - 2024-01-17 01:11:27 --> Session: Class initialized using 'CodeIgniter\Session\Handlers\FileHandler' driver.
INFO - 2024-01-17 03:42:59 --> Session: Class initialized using 'CodeIgniter\Session\Handlers\FileHandler' driver.
INFO - 2024-01-17 03:43:26 --> Session: Class initialized using 'CodeIgniter\Session\Handlers\FileHandler' driver.
INFO - 2024-01-17 03:43:34 --> Session: Class initialized using 'CodeIgniter\Session\Handlers\FileHandler' driver.
INFO - 2024-01-17 03:43:34 --> Session: Class initialized using 'CodeIgniter\Session\Handlers\FileHandler' driver.
CRITICAL - 2024-01-17 03:43:44 --> Undefined variable $role
in APPPATH\Views\user\v_user.php on line 58.
 1 APPPATH\Views\user\v_user.php(58): CodeIgniter\Debug\Exceptions->errorHandler(2, 'Undefined variable $role', 'D:\\STMIK-Jayanusa\\SEMESTER 5\\Pemrograman WEB 2\\Project\\DigitalisasiMasjid\\app\\Views\\user\\v_user.php', 58)
 2 SYSTEMPATH\View\View.php(226): include('D:\\STMIK-Jayanusa\\SEMESTER 5\\Pemrograman WEB 2\\Project\\DigitalisasiMasjid\\app\\Views\\user\\v_user.php')
 3 SYSTEMPATH\View\View.php(229): CodeIgniter\View\View->CodeIgniter\View\{closure}()
 4 SYSTEMPATH\Common.php(1188): CodeIgniter\View\View->render('user/v_user', [], true)
 5 APPPATH\Controllers\User.php(11): view('user/v_user', [...])
 6 SYSTEMPATH\CodeIgniter.php(919): App\Controllers\User->index()
 7 SYSTEMPATH\CodeIgniter.php(494): CodeIgniter\CodeIgniter->runController(Object(App\Controllers\User))
 8 SYSTEMPATH\CodeIgniter.php(353): CodeIgniter\CodeIgniter->handleRequest(null, Object(Config\Cache), false)
 9 FCPATH\index.php(79): CodeIgniter\CodeIgniter->run()
10 SYSTEMPATH\Commands\Server\rewrite.php(47): require_once('D:\\STMIK-Jayanusa\\SEMESTER 5\\Pemrograman WEB 2\\Project\\DigitalisasiMasjid\\public\\index.php')
INFO - 2024-01-17 03:43:47 --> Session: Class initialized using 'CodeIgniter\Session\Handlers\FileHandler' driver.
INFO - 2024-01-17 03:43:51 --> Session: Class initialized using 'CodeIgniter\Session\Handlers\FileHandler' driver.
INFO - 2024-01-17 03:43:54 --> Session: Class initialized using 'CodeIgniter\Session\Handlers\FileHandler' driver.
CRITICAL - 2024-01-17 03:43:57 --> Undefined variable $role
in APPPATH\Views\user\v_user.php on line 58.
 1 APPPATH\Views\user\v_user.php(58): CodeIgniter\Debug\Exceptions->errorHandler(2, 'Undefined variable $role', 'D:\\STMIK-Jayanusa\\SEMESTER 5\\Pemrograman WEB 2\\Project\\DigitalisasiMasjid\\app\\Views\\user\\v_user.php', 58)
 2 SYSTEMPATH\View\View.php(226): include('D:\\STMIK-Jayanusa\\SEMESTER 5\\Pemrograman WEB 2\\Project\\DigitalisasiMasjid\\app\\Views\\user\\v_user.php')
 3 SYSTEMPATH\View\View.php(229): CodeIgniter\View\View->CodeIgniter\View\{closure}()
 4 SYSTEMPATH\Common.php(1188): CodeIgniter\View\View->render('user/v_user', [], true)
 5 APPPATH\Controllers\User.php(11): view('user/v_user', [...])
 6 SYSTEMPATH\CodeIgniter.php(919): App\Controllers\User->index()
 7 SYSTEMPATH\CodeIgniter.php(494): CodeIgniter\CodeIgniter->runController(Object(App\Controllers\User))
 8 SYSTEMPATH\CodeIgniter.php(353): CodeIgniter\CodeIgniter->handleRequest(null, Object(Config\Cache), false)
 9 FCPATH\index.php(79): CodeIgniter\CodeIgniter->run()
10 SYSTEMPATH\Commands\Server\rewrite.php(47): require_once('D:\\STMIK-Jayanusa\\SEMESTER 5\\Pemrograman WEB 2\\Project\\DigitalisasiMasjid\\public\\index.php')
INFO - 2024-01-17 03:44:09 --> Session: Class initialized using 'CodeIgniter\Session\Handlers\FileHandler' driver.
INFO - 2024-01-17 03:44:21 --> Session: Class initialized using 'CodeIgniter\Session\Handlers\FileHandler' driver.
INFO - 2024-01-17 03:44:58 --> Session: Class initialized using 'CodeIgniter\Session\Handlers\FileHandler' driver.
INFO - 2024-01-17 03:45:18 --> Session: Class initialized using 'CodeIgniter\Session\Handlers\FileHandler' driver.
INFO - 2024-01-17 03:45:40 --> Session: Class initialized using 'CodeIgniter\Session\Handlers\FileHandler' driver.
INFO - 2024-01-17 03:46:14 --> Session: Class initialized using 'CodeIgniter\Session\Handlers\FileHandler' driver.
INFO - 2024-01-17 03:46:14 --> Session: Class initialized using 'CodeIgniter\Session\Handlers\FileHandler' driver.
INFO - 2024-01-17 03:46:25 --> Session: Class initialized using 'CodeIgniter\Session\Handlers\FileHandler' driver.
INFO - 2024-01-17 03:46:41 --> Session: Class initialized using 'CodeIgniter\Session\Handlers\FileHandler' driver.
INFO - 2024-01-17 03:46:55 --> Session: Class initialized using 'CodeIgniter\Session\Handlers\FileHandler' driver.
INFO - 2024-01-17 03:47:20 --> Session: Class initialized using 'CodeIgniter\Session\Handlers\FileHandler' driver.
INFO - 2024-01-17 06:01:24 --> Session: Class initialized using 'CodeIgniter\Session\Handlers\FileHandler' driver.
INFO - 2024-01-17 06:01:31 --> Session: Class initialized using 'CodeIgniter\Session\Handlers\FileHandler' driver.
INFO - 2024-01-17 06:01:33 --> Session: Class initialized using 'CodeIgniter\Session\Handlers\FileHandler' driver.
INFO - 2024-01-17 06:01:39 --> Session: Class initialized using 'CodeIgniter\Session\Handlers\FileHandler' driver.
INFO - 2024-01-17 06:01:43 --> Session: Class initialized using 'CodeIgniter\Session\Handlers\FileHandler' driver.
INFO - 2024-01-17 06:02:44 --> Session: Class initialized using 'CodeIgniter\Session\Handlers\FileHandler' driver.
INFO - 2024-01-17 06:03:22 --> Session: Class initialized using 'CodeIgniter\Session\Handlers\FileHandler' driver.
INFO - 2024-01-17 06:03:50 --> Session: Class initialized using 'CodeIgniter\Session\Handlers\FileHandler' driver.
INFO - 2024-01-17 06:04:39 --> Session: Class initialized using 'CodeIgniter\Session\Handlers\FileHandler' driver.
INFO - 2024-01-17 06:07:03 --> Session: Class initialized using 'CodeIgniter\Session\Handlers\FileHandler' driver.
INFO - 2024-01-17 06:08:59 --> Session: Class initialized using 'CodeIgniter\Session\Handlers\FileHandler' driver.
INFO - 2024-01-17 06:09:02 --> Session: Class initialized using 'CodeIgniter\Session\Handlers\FileHandler' driver.
INFO - 2024-01-17 06:09:47 --> Session: Class initialized using 'CodeIgniter\Session\Handlers\FileHandler' driver.
INFO - 2024-01-17 06:09:50 --> Session: Class initialized using 'CodeIgniter\Session\Handlers\FileHandler' driver.
INFO - 2024-01-17 06:12:04 --> Session: Class initialized using 'CodeIgniter\Session\Handlers\FileHandler' driver.
INFO - 2024-01-17 06:12:34 --> Session: Class initialized using 'CodeIgniter\Session\Handlers\FileHandler' driver.
INFO - 2024-01-17 06:12:39 --> Session: Class initialized using 'CodeIgniter\Session\Handlers\FileHandler' driver.
INFO - 2024-01-17 06:13:36 --> Session: Class initialized using 'CodeIgniter\Session\Handlers\FileHandler' driver.
INFO - 2024-01-17 06:13:40 --> Session: Class initialized using 'CodeIgniter\Session\Handlers\FileHandler' driver.
INFO - 2024-01-17 06:13:55 --> Session: Class initialized using 'CodeIgniter\Session\Handlers\FileHandler' driver.
INFO - 2024-01-17 06:13:58 --> Session: Class initialized using 'CodeIgniter\Session\Handlers\FileHandler' driver.
INFO - 2024-01-17 06:14:42 --> Session: Class initialized using 'CodeIgniter\Session\Handlers\FileHandler' driver.
INFO - 2024-01-17 06:14:51 --> Session: Class initialized using 'CodeIgniter\Session\Handlers\FileHandler' driver.
INFO - 2024-01-17 06:15:17 --> Session: Class initialized using 'CodeIgniter\Session\Handlers\FileHandler' driver.
INFO - 2024-01-17 06:15:20 --> Session: Class initialized using 'CodeIgniter\Session\Handlers\FileHandler' driver.
CRITICAL - 2024-01-17 06:15:32 --> Undefined variable $role
in APPPATH\Views\user\v_user.php on line 58.
 1 APPPATH\Views\user\v_user.php(58): CodeIgniter\Debug\Exceptions->errorHandler(2, 'Undefined variable $role', 'D:\\STMIK-Jayanusa\\SEMESTER 5\\Pemrograman WEB 2\\Project\\DigitalisasiMasjid\\app\\Views\\user\\v_user.php', 58)
 2 SYSTEMPATH\View\View.php(226): include('D:\\STMIK-Jayanusa\\SEMESTER 5\\Pemrograman WEB 2\\Project\\DigitalisasiMasjid\\app\\Views\\user\\v_user.php')
 3 SYSTEMPATH\View\View.php(229): CodeIgniter\View\View->CodeIgniter\View\{closure}()
 4 SYSTEMPATH\Common.php(1188): CodeIgniter\View\View->render('user/v_user', [], true)
 5 APPPATH\Controllers\User.php(11): view('user/v_user', [...])
 6 SYSTEMPATH\CodeIgniter.php(919): App\Controllers\User->index()
 7 SYSTEMPATH\CodeIgniter.php(494): CodeIgniter\CodeIgniter->runController(Object(App\Controllers\User))
 8 SYSTEMPATH\CodeIgniter.php(353): CodeIgniter\CodeIgniter->handleRequest(null, Object(Config\Cache), false)
 9 FCPATH\index.php(79): CodeIgniter\CodeIgniter->run()
10 SYSTEMPATH\Commands\Server\rewrite.php(47): require_once('D:\\STMIK-Jayanusa\\SEMESTER 5\\Pemrograman WEB 2\\Project\\DigitalisasiMasjid\\public\\index.php')
CRITICAL - 2024-01-17 06:16:50 --> Undefined variable $role
in APPPATH\Views\user\v_user.php on line 58.
 1 APPPATH\Views\user\v_user.php(58): CodeIgniter\Debug\Exceptions->errorHandler(2, 'Undefined variable $role', 'D:\\STMIK-Jayanusa\\SEMESTER 5\\Pemrograman WEB 2\\Project\\DigitalisasiMasjid\\app\\Views\\user\\v_user.php', 58)
 2 SYSTEMPATH\View\View.php(226): include('D:\\STMIK-Jayanusa\\SEMESTER 5\\Pemrograman WEB 2\\Project\\DigitalisasiMasjid\\app\\Views\\user\\v_user.php')
 3 SYSTEMPATH\View\View.php(229): CodeIgniter\View\View->CodeIgniter\View\{closure}()
 4 SYSTEMPATH\Common.php(1188): CodeIgniter\View\View->render('user/v_user', [], true)
 5 APPPATH\Controllers\User.php(11): view('user/v_user', [...])
 6 SYSTEMPATH\CodeIgniter.php(919): App\Controllers\User->index()
 7 SYSTEMPATH\CodeIgniter.php(494): CodeIgniter\CodeIgniter->runController(Object(App\Controllers\User))
 8 SYSTEMPATH\CodeIgniter.php(353): CodeIgniter\CodeIgniter->handleRequest(null, Object(Config\Cache), false)
 9 FCPATH\index.php(79): CodeIgniter\CodeIgniter->run()
10 SYSTEMPATH\Commands\Server\rewrite.php(47): require_once('D:\\STMIK-Jayanusa\\SEMESTER 5\\Pemrograman WEB 2\\Project\\DigitalisasiMasjid\\public\\index.php')
CRITICAL - 2024-01-17 06:16:52 --> Undefined variable $role
in APPPATH\Views\user\v_user.php on line 58.
 1 APPPATH\Views\user\v_user.php(58): CodeIgniter\Debug\Exceptions->errorHandler(2, 'Undefined variable $role', 'D:\\STMIK-Jayanusa\\SEMESTER 5\\Pemrograman WEB 2\\Project\\DigitalisasiMasjid\\app\\Views\\user\\v_user.php', 58)
 2 SYSTEMPATH\View\View.php(226): include('D:\\STMIK-Jayanusa\\SEMESTER 5\\Pemrograman WEB 2\\Project\\DigitalisasiMasjid\\app\\Views\\user\\v_user.php')
 3 SYSTEMPATH\View\View.php(229): CodeIgniter\View\View->CodeIgniter\View\{closure}()
 4 SYSTEMPATH\Common.php(1188): CodeIgniter\View\View->render('user/v_user', [], true)
 5 APPPATH\Controllers\User.php(11): view('user/v_user', [...])
 6 SYSTEMPATH\CodeIgniter.php(919): App\Controllers\User->index()
 7 SYSTEMPATH\CodeIgniter.php(494): CodeIgniter\CodeIgniter->runController(Object(App\Controllers\User))
 8 SYSTEMPATH\CodeIgniter.php(353): CodeIgniter\CodeIgniter->handleRequest(null, Object(Config\Cache), false)
 9 FCPATH\index.php(79): CodeIgniter\CodeIgniter->run()
10 SYSTEMPATH\Commands\Server\rewrite.php(47): require_once('D:\\STMIK-Jayanusa\\SEMESTER 5\\Pemrograman WEB 2\\Project\\DigitalisasiMasjid\\public\\index.php')
CRITICAL - 2024-01-17 06:16:53 --> Undefined variable $role
in APPPATH\Views\user\v_user.php on line 58.
 1 APPPATH\Views\user\v_user.php(58): CodeIgniter\Debug\Exceptions->errorHandler(2, 'Undefined variable $role', 'D:\\STMIK-Jayanusa\\SEMESTER 5\\Pemrograman WEB 2\\Project\\DigitalisasiMasjid\\app\\Views\\user\\v_user.php', 58)
 2 SYSTEMPATH\View\View.php(226): include('D:\\STMIK-Jayanusa\\SEMESTER 5\\Pemrograman WEB 2\\Project\\DigitalisasiMasjid\\app\\Views\\user\\v_user.php')
 3 SYSTEMPATH\View\View.php(229): CodeIgniter\View\View->CodeIgniter\View\{closure}()
 4 SYSTEMPATH\Common.php(1188): CodeIgniter\View\View->render('user/v_user', [], true)
 5 APPPATH\Controllers\User.php(11): view('user/v_user', [...])
 6 SYSTEMPATH\CodeIgniter.php(919): App\Controllers\User->index()
 7 SYSTEMPATH\CodeIgniter.php(494): CodeIgniter\CodeIgniter->runController(Object(App\Controllers\User))
 8 SYSTEMPATH\CodeIgniter.php(353): CodeIgniter\CodeIgniter->handleRequest(null, Object(Config\Cache), false)
 9 FCPATH\index.php(79): CodeIgniter\CodeIgniter->run()
10 SYSTEMPATH\Commands\Server\rewrite.php(47): require_once('D:\\STMIK-Jayanusa\\SEMESTER 5\\Pemrograman WEB 2\\Project\\DigitalisasiMasjid\\public\\index.php')
INFO - 2024-01-17 06:17:14 --> Session: Class initialized using 'CodeIgniter\Session\Handlers\FileHandler' driver.
INFO - 2024-01-17 06:19:08 --> Session: Class initialized using 'CodeIgniter\Session\Handlers\FileHandler' driver.
INFO - 2024-01-17 06:31:10 --> Session: Class initialized using 'CodeIgniter\Session\Handlers\FileHandler' driver.
INFO - 2024-01-17 06:31:18 --> Session: Class initialized using 'CodeIgniter\Session\Handlers\FileHandler' driver.
INFO - 2024-01-17 06:31:22 --> Session: Class initialized using 'CodeIgniter\Session\Handlers\FileHandler' driver.
INFO - 2024-01-17 06:31:26 --> Session: Class initialized using 'CodeIgniter\Session\Handlers\FileHandler' driver.
INFO - 2024-01-17 06:42:30 --> Session: Class initialized using 'CodeIgniter\Session\Handlers\FileHandler' driver.
INFO - 2024-01-17 06:42:35 --> Session: Class initialized using 'CodeIgniter\Session\Handlers\FileHandler' driver.
INFO - 2024-01-17 06:42:36 --> Session: Class initialized using 'CodeIgniter\Session\Handlers\FileHandler' driver.
INFO - 2024-01-17 06:42:47 --> Session: Class initialized using 'CodeIgniter\Session\Handlers\FileHandler' driver.
INFO - 2024-01-17 06:42:52 --> Session: Class initialized using 'CodeIgniter\Session\Handlers\FileHandler' driver.
INFO - 2024-01-17 06:43:24 --> Session: Class initialized using 'CodeIgniter\Session\Handlers\FileHandler' driver.
INFO - 2024-01-17 06:43:30 --> Session: Class initialized using 'CodeIgniter\Session\Handlers\FileHandler' driver.
INFO - 2024-01-17 06:44:01 --> Session: Class initialized using 'CodeIgniter\Session\Handlers\FileHandler' driver.
INFO - 2024-01-17 06:44:19 --> Session: Class initialized using 'CodeIgniter\Session\Handlers\FileHandler' driver.
INFO - 2024-01-17 07:10:20 --> Session: Class initialized using 'CodeIgniter\Session\Handlers\FileHandler' driver.
ERROR - 2024-01-17 07:10:23 --> mysqli_sql_exception: You have an error in your SQL syntax; check the manual that corresponds to your MariaDB server version for the right syntax to use near ' sum(kas_keluar) as totalkeluar from tbl_kas_keluar where jenis_kas"Anak Yatim"' at line 1 in D:\STMIK-Jayanusa\SEMESTER 5\Pemrograman WEB 2\Project\DigitalisasiMasjid\system\Database\MySQLi\Connection.php:306
Stack trace:
#0 D:\STMIK-Jayanusa\SEMESTER 5\Pemrograman WEB 2\Project\DigitalisasiMasjid\system\Database\MySQLi\Connection.php(306): mysqli->query('select sum(kas_...', 0)
#1 D:\STMIK-Jayanusa\SEMESTER 5\Pemrograman WEB 2\Project\DigitalisasiMasjid\system\Database\BaseConnection.php(692): CodeIgniter\Database\MySQLi\Connection->execute('select sum(kas_...')
#2 D:\STMIK-Jayanusa\SEMESTER 5\Pemrograman WEB 2\Project\DigitalisasiMasjid\system\Database\BaseConnection.php(606): CodeIgniter\Database\BaseConnection->simpleQuery('select sum(kas_...')
#3 D:\STMIK-Jayanusa\SEMESTER 5\Pemrograman WEB 2\Project\DigitalisasiMasjid\app\Models\Modelkaskeluar.php(34): CodeIgniter\Database\BaseConnection->query('select sum(kas_...')
#4 D:\STMIK-Jayanusa\SEMESTER 5\Pemrograman WEB 2\Project\DigitalisasiMasjid\app\Controllers\Kaskeluar.php(18): App\Models\Modelkaskeluar->getTotalkasanakyatim()
#5 D:\STMIK-Jayanusa\SEMESTER 5\Pemrograman WEB 2\Project\DigitalisasiMasjid\system\CodeIgniter.php(919): App\Controllers\Kaskeluar->anakyatim()
#6 D:\STMIK-Jayanusa\SEMESTER 5\Pemrograman WEB 2\Project\DigitalisasiMasjid\system\CodeIgniter.php(494): CodeIgniter\CodeIgniter->runController(Object(App\Controllers\Kaskeluar))
#7 D:\STMIK-Jayanusa\SEMESTER 5\Pemrograman WEB 2\Project\DigitalisasiMasjid\system\CodeIgniter.php(353): CodeIgniter\CodeIgniter->handleRequest(NULL, Object(Config\Cache), false)
#8 D:\STMIK-Jayanusa\SEMESTER 5\Pemrograman WEB 2\Project\DigitalisasiMasjid\public\index.php(79): CodeIgniter\CodeIgniter->run()
#9 D:\STMIK-Jayanusa\SEMESTER 5\Pemrograman WEB 2\Project\DigitalisasiMasjid\system\Commands\Server\rewrite.php(47): require_once('D:\\STMIK-Jayanu...')
#10 {main}
CRITICAL - 2024-01-17 07:10:23 --> You have an error in your SQL syntax; check the manual that corresponds to your MariaDB server version for the right syntax to use near ' sum(kas_keluar) as totalkeluar from tbl_kas_keluar where jenis_kas"Anak Yatim"' at line 1
in SYSTEMPATH\Database\BaseConnection.php on line 646.
 1 APPPATH\Models\Modelkaskeluar.php(34): CodeIgniter\Database\BaseConnection->query('select sum(kas_masuk) as totalmasuk from tbl_kas_masjid where jenis_kas="Anak Yatim", sum(kas_keluar) as totalkeluar from tbl_kas_keluar where jenis_kas"Anak Yatim"')
 2 APPPATH\Controllers\Kaskeluar.php(18): App\Models\Modelkaskeluar->getTotalkasanakyatim()
 3 SYSTEMPATH\CodeIgniter.php(919): App\Controllers\Kaskeluar->anakyatim()
 4 SYSTEMPATH\CodeIgniter.php(494): CodeIgniter\CodeIgniter->runController(Object(App\Controllers\Kaskeluar))
 5 SYSTEMPATH\CodeIgniter.php(353): CodeIgniter\CodeIgniter->handleRequest(null, Object(Config\Cache), false)
 6 FCPATH\index.php(79): CodeIgniter\CodeIgniter->run()
 7 SYSTEMPATH\Commands\Server\rewrite.php(47): require_once('D:\\STMIK-Jayanusa\\SEMESTER 5\\Pemrograman WEB 2\\Project\\DigitalisasiMasjid\\public\\index.php')
ERROR - 2024-01-17 07:11:39 --> mysqli_sql_exception: You have an error in your SQL syntax; check the manual that corresponds to your MariaDB server version for the right syntax to use near ' sum(kas_keluar) as totalkeluar from tbl_kas_keluar where jenis_kas"Anak Yatim"' at line 1 in D:\STMIK-Jayanusa\SEMESTER 5\Pemrograman WEB 2\Project\DigitalisasiMasjid\system\Database\MySQLi\Connection.php:306
Stack trace:
#0 D:\STMIK-Jayanusa\SEMESTER 5\Pemrograman WEB 2\Project\DigitalisasiMasjid\system\Database\MySQLi\Connection.php(306): mysqli->query('select sum(kas_...', 0)
#1 D:\STMIK-Jayanusa\SEMESTER 5\Pemrograman WEB 2\Project\DigitalisasiMasjid\system\Database\BaseConnection.php(692): CodeIgniter\Database\MySQLi\Connection->execute('select sum(kas_...')
#2 D:\STMIK-Jayanusa\SEMESTER 5\Pemrograman WEB 2\Project\DigitalisasiMasjid\system\Database\BaseConnection.php(606): CodeIgniter\Database\BaseConnection->simpleQuery('select sum(kas_...')
#3 D:\STMIK-Jayanusa\SEMESTER 5\Pemrograman WEB 2\Project\DigitalisasiMasjid\app\Models\Modelkaskeluar.php(34): CodeIgniter\Database\BaseConnection->query('select sum(kas_...')
#4 D:\STMIK-Jayanusa\SEMESTER 5\Pemrograman WEB 2\Project\DigitalisasiMasjid\app\Controllers\Kaskeluar.php(18): App\Models\Modelkaskeluar->getTotalkasanakyatim()
#5 D:\STMIK-Jayanusa\SEMESTER 5\Pemrograman WEB 2\Project\DigitalisasiMasjid\system\CodeIgniter.php(919): App\Controllers\Kaskeluar->anakyatim()
#6 D:\STMIK-Jayanusa\SEMESTER 5\Pemrograman WEB 2\Project\DigitalisasiMasjid\system\CodeIgniter.php(494): CodeIgniter\CodeIgniter->runController(Object(App\Controllers\Kaskeluar))
#7 D:\STMIK-Jayanusa\SEMESTER 5\Pemrograman WEB 2\Project\DigitalisasiMasjid\system\CodeIgniter.php(353): CodeIgniter\CodeIgniter->handleRequest(NULL, Object(Config\Cache), false)
#8 D:\STMIK-Jayanusa\SEMESTER 5\Pemrograman WEB 2\Project\DigitalisasiMasjid\public\index.php(79): CodeIgniter\CodeIgniter->run()
#9 D:\STMIK-Jayanusa\SEMESTER 5\Pemrograman WEB 2\Project\DigitalisasiMasjid\system\Commands\Server\rewrite.php(47): require_once('D:\\STMIK-Jayanu...')
#10 {main}
CRITICAL - 2024-01-17 07:11:39 --> You have an error in your SQL syntax; check the manual that corresponds to your MariaDB server version for the right syntax to use near ' sum(kas_keluar) as totalkeluar from tbl_kas_keluar where jenis_kas"Anak Yatim"' at line 1
in SYSTEMPATH\Database\BaseConnection.php on line 646.
 1 APPPATH\Models\Modelkaskeluar.php(34): CodeIgniter\Database\BaseConnection->query('select sum(kas_masuk) as totalmasuk from tbl_kas_masjid where jenis_kas="Anak Yatim", sum(kas_keluar) as totalkeluar from tbl_kas_keluar where jenis_kas"Anak Yatim"')
 2 APPPATH\Controllers\Kaskeluar.php(18): App\Models\Modelkaskeluar->getTotalkasanakyatim()
 3 SYSTEMPATH\CodeIgniter.php(919): App\Controllers\Kaskeluar->anakyatim()
 4 SYSTEMPATH\CodeIgniter.php(494): CodeIgniter\CodeIgniter->runController(Object(App\Controllers\Kaskeluar))
 5 SYSTEMPATH\CodeIgniter.php(353): CodeIgniter\CodeIgniter->handleRequest(null, Object(Config\Cache), false)
 6 FCPATH\index.php(79): CodeIgniter\CodeIgniter->run()
 7 SYSTEMPATH\Commands\Server\rewrite.php(47): require_once('D:\\STMIK-Jayanusa\\SEMESTER 5\\Pemrograman WEB 2\\Project\\DigitalisasiMasjid\\public\\index.php')
ERROR - 2024-01-17 07:11:40 --> mysqli_sql_exception: You have an error in your SQL syntax; check the manual that corresponds to your MariaDB server version for the right syntax to use near ' sum(kas_keluar) as totalkeluar from tbl_kas_keluar where jenis_kas"Anak Yatim"' at line 1 in D:\STMIK-Jayanusa\SEMESTER 5\Pemrograman WEB 2\Project\DigitalisasiMasjid\system\Database\MySQLi\Connection.php:306
Stack trace:
#0 D:\STMIK-Jayanusa\SEMESTER 5\Pemrograman WEB 2\Project\DigitalisasiMasjid\system\Database\MySQLi\Connection.php(306): mysqli->query('select sum(kas_...', 0)
#1 D:\STMIK-Jayanusa\SEMESTER 5\Pemrograman WEB 2\Project\DigitalisasiMasjid\system\Database\BaseConnection.php(692): CodeIgniter\Database\MySQLi\Connection->execute('select sum(kas_...')
#2 D:\STMIK-Jayanusa\SEMESTER 5\Pemrograman WEB 2\Project\DigitalisasiMasjid\system\Database\BaseConnection.php(606): CodeIgniter\Database\BaseConnection->simpleQuery('select sum(kas_...')
#3 D:\STMIK-Jayanusa\SEMESTER 5\Pemrograman WEB 2\Project\DigitalisasiMasjid\app\Models\Modelkaskeluar.php(34): CodeIgniter\Database\BaseConnection->query('select sum(kas_...')
#4 D:\STMIK-Jayanusa\SEMESTER 5\Pemrograman WEB 2\Project\DigitalisasiMasjid\app\Controllers\Kaskeluar.php(18): App\Models\Modelkaskeluar->getTotalkasanakyatim()
#5 D:\STMIK-Jayanusa\SEMESTER 5\Pemrograman WEB 2\Project\DigitalisasiMasjid\system\CodeIgniter.php(919): App\Controllers\Kaskeluar->anakyatim()
#6 D:\STMIK-Jayanusa\SEMESTER 5\Pemrograman WEB 2\Project\DigitalisasiMasjid\system\CodeIgniter.php(494): CodeIgniter\CodeIgniter->runController(Object(App\Controllers\Kaskeluar))
#7 D:\STMIK-Jayanusa\SEMESTER 5\Pemrograman WEB 2\Project\DigitalisasiMasjid\system\CodeIgniter.php(353): CodeIgniter\CodeIgniter->handleRequest(NULL, Object(Config\Cache), false)
#8 D:\STMIK-Jayanusa\SEMESTER 5\Pemrograman WEB 2\Project\DigitalisasiMasjid\public\index.php(79): CodeIgniter\CodeIgniter->run()
#9 D:\STMIK-Jayanusa\SEMESTER 5\Pemrograman WEB 2\Project\DigitalisasiMasjid\system\Commands\Server\rewrite.php(47): require_once('D:\\STMIK-Jayanu...')
#10 {main}
CRITICAL - 2024-01-17 07:11:40 --> You have an error in your SQL syntax; check the manual that corresponds to your MariaDB server version for the right syntax to use near ' sum(kas_keluar) as totalkeluar from tbl_kas_keluar where jenis_kas"Anak Yatim"' at line 1
in SYSTEMPATH\Database\BaseConnection.php on line 646.
 1 APPPATH\Models\Modelkaskeluar.php(34): CodeIgniter\Database\BaseConnection->query('select sum(kas_masuk) as totalmasuk from tbl_kas_masjid where jenis_kas="Anak Yatim", sum(kas_keluar) as totalkeluar from tbl_kas_keluar where jenis_kas"Anak Yatim"')
 2 APPPATH\Controllers\Kaskeluar.php(18): App\Models\Modelkaskeluar->getTotalkasanakyatim()
 3 SYSTEMPATH\CodeIgniter.php(919): App\Controllers\Kaskeluar->anakyatim()
 4 SYSTEMPATH\CodeIgniter.php(494): CodeIgniter\CodeIgniter->runController(Object(App\Controllers\Kaskeluar))
 5 SYSTEMPATH\CodeIgniter.php(353): CodeIgniter\CodeIgniter->handleRequest(null, Object(Config\Cache), false)
 6 FCPATH\index.php(79): CodeIgniter\CodeIgniter->run()
 7 SYSTEMPATH\Commands\Server\rewrite.php(47): require_once('D:\\STMIK-Jayanusa\\SEMESTER 5\\Pemrograman WEB 2\\Project\\DigitalisasiMasjid\\public\\index.php')
INFO - 2024-01-17 07:12:39 --> Session: Class initialized using 'CodeIgniter\Session\Handlers\FileHandler' driver.
CRITICAL - 2024-01-17 07:12:39 --> Undefined variable $kasmasuk
in APPPATH\Views\kaskeluar\vkkanakyatim.php on line 187.
 1 APPPATH\Views\kaskeluar\vkkanakyatim.php(187): CodeIgniter\Debug\Exceptions->errorHandler(2, 'Undefined variable $kasmasuk', 'D:\\STMIK-Jayanusa\\SEMESTER 5\\Pemrograman WEB 2\\Project\\DigitalisasiMasjid\\app\\Views\\kaskeluar\\vkkanakyatim.php', 187)
 2 SYSTEMPATH\View\View.php(226): include('D:\\STMIK-Jayanusa\\SEMESTER 5\\Pemrograman WEB 2\\Project\\DigitalisasiMasjid\\app\\Views\\kaskeluar\\vkkanakyatim.php')
 3 SYSTEMPATH\View\View.php(229): CodeIgniter\View\View->CodeIgniter\View\{closure}()
 4 SYSTEMPATH\Common.php(1188): CodeIgniter\View\View->render('kaskeluar/vkkanakyatim', [], true)
 5 APPPATH\Controllers\Kaskeluar.php(19): view('kaskeluar/vkkanakyatim', [...])
 6 SYSTEMPATH\CodeIgniter.php(919): App\Controllers\Kaskeluar->anakyatim()
 7 SYSTEMPATH\CodeIgniter.php(494): CodeIgniter\CodeIgniter->runController(Object(App\Controllers\Kaskeluar))
 8 SYSTEMPATH\CodeIgniter.php(353): CodeIgniter\CodeIgniter->handleRequest(null, Object(Config\Cache), false)
 9 FCPATH\index.php(79): CodeIgniter\CodeIgniter->run()
10 SYSTEMPATH\Commands\Server\rewrite.php(47): require_once('D:\\STMIK-Jayanusa\\SEMESTER 5\\Pemrograman WEB 2\\Project\\DigitalisasiMasjid\\public\\index.php')
INFO - 2024-01-17 07:13:02 --> Session: Class initialized using 'CodeIgniter\Session\Handlers\FileHandler' driver.
INFO - 2024-01-17 07:23:42 --> Session: Class initialized using 'CodeIgniter\Session\Handlers\FileHandler' driver.
ERROR - 2024-01-17 07:34:55 --> mysqli_sql_exception: You have an error in your SQL syntax; check the manual that corresponds to your MariaDB server version for the right syntax to use near 'select sum(kas_masuk) as totalkeluar from tbl_kas_keluar where jenis_kas="Ana...' at line 1 in D:\STMIK-Jayanusa\SEMESTER 5\Pemrograman WEB 2\Project\DigitalisasiMasjid\system\Database\MySQLi\Connection.php:306
Stack trace:
#0 D:\STMIK-Jayanusa\SEMESTER 5\Pemrograman WEB 2\Project\DigitalisasiMasjid\system\Database\MySQLi\Connection.php(306): mysqli->query('select sum(kas_...', 0)
#1 D:\STMIK-Jayanusa\SEMESTER 5\Pemrograman WEB 2\Project\DigitalisasiMasjid\system\Database\BaseConnection.php(692): CodeIgniter\Database\MySQLi\Connection->execute('select sum(kas_...')
#2 D:\STMIK-Jayanusa\SEMESTER 5\Pemrograman WEB 2\Project\DigitalisasiMasjid\system\Database\BaseConnection.php(606): CodeIgniter\Database\BaseConnection->simpleQuery('select sum(kas_...')
#3 D:\STMIK-Jayanusa\SEMESTER 5\Pemrograman WEB 2\Project\DigitalisasiMasjid\app\Models\Modelkaskeluar.php(34): CodeIgniter\Database\BaseConnection->query('select sum(kas_...')
#4 D:\STMIK-Jayanusa\SEMESTER 5\Pemrograman WEB 2\Project\DigitalisasiMasjid\app\Controllers\Kaskeluar.php(18): App\Models\Modelkaskeluar->getTotalkasanakyatim()
#5 D:\STMIK-Jayanusa\SEMESTER 5\Pemrograman WEB 2\Project\DigitalisasiMasjid\system\CodeIgniter.php(919): App\Controllers\Kaskeluar->anakyatim()
#6 D:\STMIK-Jayanusa\SEMESTER 5\Pemrograman WEB 2\Project\DigitalisasiMasjid\system\CodeIgniter.php(494): CodeIgniter\CodeIgniter->runController(Object(App\Controllers\Kaskeluar))
#7 D:\STMIK-Jayanusa\SEMESTER 5\Pemrograman WEB 2\Project\DigitalisasiMasjid\system\CodeIgniter.php(353): CodeIgniter\CodeIgniter->handleRequest(NULL, Object(Config\Cache), false)
#8 D:\STMIK-Jayanusa\SEMESTER 5\Pemrograman WEB 2\Project\DigitalisasiMasjid\public\index.php(79): CodeIgniter\CodeIgniter->run()
#9 D:\STMIK-Jayanusa\SEMESTER 5\Pemrograman WEB 2\Project\DigitalisasiMasjid\system\Commands\Server\rewrite.php(47): require_once('D:\\STMIK-Jayanu...')
#10 {main}
CRITICAL - 2024-01-17 07:34:55 --> You have an error in your SQL syntax; check the manual that corresponds to your MariaDB server version for the right syntax to use near 'select sum(kas_masuk) as totalkeluar from tbl_kas_keluar where jenis_kas="Ana...' at line 1
in SYSTEMPATH\Database\BaseConnection.php on line 646.
 1 APPPATH\Models\Modelkaskeluar.php(34): CodeIgniter\Database\BaseConnection->query('select sum(kas_masuk) as totalmasuk from tbl_kas_masjid where jenis_kas="Anak Yatim",select sum(kas_masuk) as totalkeluar from tbl_kas_keluar where jenis_kas="Anak Yatim"')
 2 APPPATH\Controllers\Kaskeluar.php(18): App\Models\Modelkaskeluar->getTotalkasanakyatim()
 3 SYSTEMPATH\CodeIgniter.php(919): App\Controllers\Kaskeluar->anakyatim()
 4 SYSTEMPATH\CodeIgniter.php(494): CodeIgniter\CodeIgniter->runController(Object(App\Controllers\Kaskeluar))
 5 SYSTEMPATH\CodeIgniter.php(353): CodeIgniter\CodeIgniter->handleRequest(null, Object(Config\Cache), false)
 6 FCPATH\index.php(79): CodeIgniter\CodeIgniter->run()
 7 SYSTEMPATH\Commands\Server\rewrite.php(47): require_once('D:\\STMIK-Jayanusa\\SEMESTER 5\\Pemrograman WEB 2\\Project\\DigitalisasiMasjid\\public\\index.php')
ERROR - 2024-01-17 07:35:58 --> mysqli_sql_exception: You have an error in your SQL syntax; check the manual that corresponds to your MariaDB server version for the right syntax to use near '' at line 1 in D:\STMIK-Jayanusa\SEMESTER 5\Pemrograman WEB 2\Project\DigitalisasiMasjid\system\Database\MySQLi\Connection.php:306
Stack trace:
#0 D:\STMIK-Jayanusa\SEMESTER 5\Pemrograman WEB 2\Project\DigitalisasiMasjid\system\Database\MySQLi\Connection.php(306): mysqli->query('select sum(kas_...', 0)
#1 D:\STMIK-Jayanusa\SEMESTER 5\Pemrograman WEB 2\Project\DigitalisasiMasjid\system\Database\BaseConnection.php(692): CodeIgniter\Database\MySQLi\Connection->execute('select sum(kas_...')
#2 D:\STMIK-Jayanusa\SEMESTER 5\Pemrograman WEB 2\Project\DigitalisasiMasjid\system\Database\BaseConnection.php(606): CodeIgniter\Database\BaseConnection->simpleQuery('select sum(kas_...')
#3 D:\STMIK-Jayanusa\SEMESTER 5\Pemrograman WEB 2\Project\DigitalisasiMasjid\app\Models\Modelkaskeluar.php(34): CodeIgniter\Database\BaseConnection->query('select sum(kas_...')
#4 D:\STMIK-Jayanusa\SEMESTER 5\Pemrograman WEB 2\Project\DigitalisasiMasjid\app\Controllers\Kaskeluar.php(18): App\Models\Modelkaskeluar->getTotalkasanakyatim()
#5 D:\STMIK-Jayanusa\SEMESTER 5\Pemrograman WEB 2\Project\DigitalisasiMasjid\system\CodeIgniter.php(919): App\Controllers\Kaskeluar->anakyatim()
#6 D:\STMIK-Jayanusa\SEMESTER 5\Pemrograman WEB 2\Project\DigitalisasiMasjid\system\CodeIgniter.php(494): CodeIgniter\CodeIgniter->runController(Object(App\Controllers\Kaskeluar))
#7 D:\STMIK-Jayanusa\SEMESTER 5\Pemrograman WEB 2\Project\DigitalisasiMasjid\system\CodeIgniter.php(353): CodeIgniter\CodeIgniter->handleRequest(NULL, Object(Config\Cache), false)
#8 D:\STMIK-Jayanusa\SEMESTER 5\Pemrograman WEB 2\Project\DigitalisasiMasjid\public\index.php(79): CodeIgniter\CodeIgniter->run()
#9 D:\STMIK-Jayanusa\SEMESTER 5\Pemrograman WEB 2\Project\DigitalisasiMasjid\system\Commands\Server\rewrite.php(47): require_once('D:\\STMIK-Jayanu...')
#10 {main}
CRITICAL - 2024-01-17 07:35:58 --> You have an error in your SQL syntax; check the manual that corresponds to your MariaDB server version for the right syntax to use near '' at line 1
in SYSTEMPATH\Database\BaseConnection.php on line 646.
 1 APPPATH\Models\Modelkaskeluar.php(34): CodeIgniter\Database\BaseConnection->query('select sum(kas_masuk) as totalmasuk from tbl_kas_masjid where jenis_kas="Anak Yatim",')
 2 APPPATH\Controllers\Kaskeluar.php(18): App\Models\Modelkaskeluar->getTotalkasanakyatim()
 3 SYSTEMPATH\CodeIgniter.php(919): App\Controllers\Kaskeluar->anakyatim()
 4 SYSTEMPATH\CodeIgniter.php(494): CodeIgniter\CodeIgniter->runController(Object(App\Controllers\Kaskeluar))
 5 SYSTEMPATH\CodeIgniter.php(353): CodeIgniter\CodeIgniter->handleRequest(null, Object(Config\Cache), false)
 6 FCPATH\index.php(79): CodeIgniter\CodeIgniter->run()
 7 SYSTEMPATH\Commands\Server\rewrite.php(47): require_once('D:\\STMIK-Jayanusa\\SEMESTER 5\\Pemrograman WEB 2\\Project\\DigitalisasiMasjid\\public\\index.php')
ERROR - 2024-01-17 07:36:07 --> mysqli_sql_exception: You have an error in your SQL syntax; check the manual that corresponds to your MariaDB server version for the right syntax to use near '' at line 1 in D:\STMIK-Jayanusa\SEMESTER 5\Pemrograman WEB 2\Project\DigitalisasiMasjid\system\Database\MySQLi\Connection.php:306
Stack trace:
#0 D:\STMIK-Jayanusa\SEMESTER 5\Pemrograman WEB 2\Project\DigitalisasiMasjid\system\Database\MySQLi\Connection.php(306): mysqli->query('select sum(kas_...', 0)
#1 D:\STMIK-Jayanusa\SEMESTER 5\Pemrograman WEB 2\Project\DigitalisasiMasjid\system\Database\BaseConnection.php(692): CodeIgniter\Database\MySQLi\Connection->execute('select sum(kas_...')
#2 D:\STMIK-Jayanusa\SEMESTER 5\Pemrograman WEB 2\Project\DigitalisasiMasjid\system\Database\BaseConnection.php(606): CodeIgniter\Database\BaseConnection->simpleQuery('select sum(kas_...')
#3 D:\STMIK-Jayanusa\SEMESTER 5\Pemrograman WEB 2\Project\DigitalisasiMasjid\app\Models\Modelkaskeluar.php(34): CodeIgniter\Database\BaseConnection->query('select sum(kas_...')
#4 D:\STMIK-Jayanusa\SEMESTER 5\Pemrograman WEB 2\Project\DigitalisasiMasjid\app\Controllers\Kaskeluar.php(18): App\Models\Modelkaskeluar->getTotalkasanakyatim()
#5 D:\STMIK-Jayanusa\SEMESTER 5\Pemrograman WEB 2\Project\DigitalisasiMasjid\system\CodeIgniter.php(919): App\Controllers\Kaskeluar->anakyatim()
#6 D:\STMIK-Jayanusa\SEMESTER 5\Pemrograman WEB 2\Project\DigitalisasiMasjid\system\CodeIgniter.php(494): CodeIgniter\CodeIgniter->runController(Object(App\Controllers\Kaskeluar))
#7 D:\STMIK-Jayanusa\SEMESTER 5\Pemrograman WEB 2\Project\DigitalisasiMasjid\system\CodeIgniter.php(353): CodeIgniter\CodeIgniter->handleRequest(NULL, Object(Config\Cache), false)
#8 D:\STMIK-Jayanusa\SEMESTER 5\Pemrograman WEB 2\Project\DigitalisasiMasjid\public\index.php(79): CodeIgniter\CodeIgniter->run()
#9 D:\STMIK-Jayanusa\SEMESTER 5\Pemrograman WEB 2\Project\DigitalisasiMasjid\system\Commands\Server\rewrite.php(47): require_once('D:\\STMIK-Jayanu...')
#10 {main}
CRITICAL - 2024-01-17 07:36:07 --> You have an error in your SQL syntax; check the manual that corresponds to your MariaDB server version for the right syntax to use near '' at line 1
in SYSTEMPATH\Database\BaseConnection.php on line 646.
 1 APPPATH\Models\Modelkaskeluar.php(34): CodeIgniter\Database\BaseConnection->query('select sum(kas_masuk) as totalmasuk from tbl_kas_masjid where jenis_kas="Anak Yatim",')
 2 APPPATH\Controllers\Kaskeluar.php(18): App\Models\Modelkaskeluar->getTotalkasanakyatim()
 3 SYSTEMPATH\CodeIgniter.php(919): App\Controllers\Kaskeluar->anakyatim()
 4 SYSTEMPATH\CodeIgniter.php(494): CodeIgniter\CodeIgniter->runController(Object(App\Controllers\Kaskeluar))
 5 SYSTEMPATH\CodeIgniter.php(353): CodeIgniter\CodeIgniter->handleRequest(null, Object(Config\Cache), false)
 6 FCPATH\index.php(79): CodeIgniter\CodeIgniter->run()
 7 SYSTEMPATH\Commands\Server\rewrite.php(47): require_once('D:\\STMIK-Jayanusa\\SEMESTER 5\\Pemrograman WEB 2\\Project\\DigitalisasiMasjid\\public\\index.php')
INFO - 2024-01-17 07:36:08 --> Session: Class initialized using 'CodeIgniter\Session\Handlers\FileHandler' driver.
INFO - 2024-01-17 07:44:53 --> Session: Class initialized using 'CodeIgniter\Session\Handlers\FileHandler' driver.
INFO - 2024-01-17 07:45:03 --> Session: Class initialized using 'CodeIgniter\Session\Handlers\FileHandler' driver.
INFO - 2024-01-17 07:45:08 --> Session: Class initialized using 'CodeIgniter\Session\Handlers\FileHandler' driver.
INFO - 2024-01-17 07:45:13 --> Session: Class initialized using 'CodeIgniter\Session\Handlers\FileHandler' driver.
INFO - 2024-01-17 07:45:16 --> Session: Class initialized using 'CodeIgniter\Session\Handlers\FileHandler' driver.
INFO - 2024-01-17 07:45:23 --> Session: Class initialized using 'CodeIgniter\Session\Handlers\FileHandler' driver.
INFO - 2024-01-17 07:45:46 --> Session: Class initialized using 'CodeIgniter\Session\Handlers\FileHandler' driver.
INFO - 2024-01-17 07:45:51 --> Session: Class initialized using 'CodeIgniter\Session\Handlers\FileHandler' driver.
INFO - 2024-01-17 07:46:15 --> Session: Class initialized using 'CodeIgniter\Session\Handlers\FileHandler' driver.
INFO - 2024-01-17 07:46:21 --> Session: Class initialized using 'CodeIgniter\Session\Handlers\FileHandler' driver.
INFO - 2024-01-17 07:47:58 --> Session: Class initialized using 'CodeIgniter\Session\Handlers\FileHandler' driver.
INFO - 2024-01-17 07:48:32 --> Session: Class initialized using 'CodeIgniter\Session\Handlers\FileHandler' driver.
INFO - 2024-01-17 07:49:04 --> Session: Class initialized using 'CodeIgniter\Session\Handlers\FileHandler' driver.
INFO - 2024-01-17 07:49:23 --> Session: Class initialized using 'CodeIgniter\Session\Handlers\FileHandler' driver.
INFO - 2024-01-17 07:56:04 --> Session: Class initialized using 'CodeIgniter\Session\Handlers\FileHandler' driver.
CRITICAL - 2024-01-17 07:56:04 --> Undefined variable $anakyatimm
in APPPATH\Views\kaskeluar\vkkanakyatim.php on line 105.
 1 APPPATH\Views\kaskeluar\vkkanakyatim.php(105): CodeIgniter\Debug\Exceptions->errorHandler(2, 'Undefined variable $anakyatimm', 'D:\\STMIK-Jayanusa\\SEMESTER 5\\Pemrograman WEB 2\\Project\\DigitalisasiMasjid\\app\\Views\\kaskeluar\\vkkanakyatim.php', 105)
 2 SYSTEMPATH\View\View.php(226): include('D:\\STMIK-Jayanusa\\SEMESTER 5\\Pemrograman WEB 2\\Project\\DigitalisasiMasjid\\app\\Views\\kaskeluar\\vkkanakyatim.php')
 3 SYSTEMPATH\View\View.php(229): CodeIgniter\View\View->CodeIgniter\View\{closure}()
 4 SYSTEMPATH\Common.php(1188): CodeIgniter\View\View->render('kaskeluar/vkkanakyatim', [], true)
 5 APPPATH\Controllers\Kaskeluar.php(19): view('kaskeluar/vkkanakyatim', [...])
 6 SYSTEMPATH\CodeIgniter.php(919): App\Controllers\Kaskeluar->anakyatim()
 7 SYSTEMPATH\CodeIgniter.php(494): CodeIgniter\CodeIgniter->runController(Object(App\Controllers\Kaskeluar))
 8 SYSTEMPATH\CodeIgniter.php(353): CodeIgniter\CodeIgniter->handleRequest(null, Object(Config\Cache), false)
 9 FCPATH\index.php(79): CodeIgniter\CodeIgniter->run()
10 SYSTEMPATH\Commands\Server\rewrite.php(47): require_once('D:\\STMIK-Jayanusa\\SEMESTER 5\\Pemrograman WEB 2\\Project\\DigitalisasiMasjid\\public\\index.php')
INFO - 2024-01-17 07:56:09 --> Session: Class initialized using 'CodeIgniter\Session\Handlers\FileHandler' driver.
CRITICAL - 2024-01-17 07:56:09 --> Cannot use object of type stdClass as array
in APPPATH\Views\kaskeluar\vkkanakyatim.php on line 108.
 1 SYSTEMPATH\View\View.php(226): include()
 2 SYSTEMPATH\View\View.php(229): CodeIgniter\View\View->CodeIgniter\View\{closure}()
 3 SYSTEMPATH\Common.php(1188): CodeIgniter\View\View->render('kaskeluar/vkkanakyatim', [], true)
 4 APPPATH\Controllers\Kaskeluar.php(19): view('kaskeluar/vkkanakyatim', [...])
 5 SYSTEMPATH\CodeIgniter.php(919): App\Controllers\Kaskeluar->anakyatim()
 6 SYSTEMPATH\CodeIgniter.php(494): CodeIgniter\CodeIgniter->runController(Object(App\Controllers\Kaskeluar))
 7 SYSTEMPATH\CodeIgniter.php(353): CodeIgniter\CodeIgniter->handleRequest(null, Object(Config\Cache), false)
 8 FCPATH\index.php(79): CodeIgniter\CodeIgniter->run()
 9 SYSTEMPATH\Commands\Server\rewrite.php(47): require_once('D:\\STMIK-Jayanusa\\SEMESTER 5\\Pemrograman WEB 2\\Project\\DigitalisasiMasjid\\public\\index.php')
INFO - 2024-01-17 07:56:44 --> Session: Class initialized using 'CodeIgniter\Session\Handlers\FileHandler' driver.
CRITICAL - 2024-01-17 07:56:44 --> Cannot use object of type stdClass as array
in APPPATH\Views\kaskeluar\vkkanakyatim.php on line 108.
 1 SYSTEMPATH\View\View.php(226): include()
 2 SYSTEMPATH\View\View.php(229): CodeIgniter\View\View->CodeIgniter\View\{closure}()
 3 SYSTEMPATH\Common.php(1188): CodeIgniter\View\View->render('kaskeluar/vkkanakyatim', [], true)
 4 APPPATH\Controllers\Kaskeluar.php(19): view('kaskeluar/vkkanakyatim', [...])
 5 SYSTEMPATH\CodeIgniter.php(919): App\Controllers\Kaskeluar->anakyatim()
 6 SYSTEMPATH\CodeIgniter.php(494): CodeIgniter\CodeIgniter->runController(Object(App\Controllers\Kaskeluar))
 7 SYSTEMPATH\CodeIgniter.php(353): CodeIgniter\CodeIgniter->handleRequest(null, Object(Config\Cache), false)
 8 FCPATH\index.php(79): CodeIgniter\CodeIgniter->run()
 9 SYSTEMPATH\Commands\Server\rewrite.php(47): require_once('D:\\STMIK-Jayanusa\\SEMESTER 5\\Pemrograman WEB 2\\Project\\DigitalisasiMasjid\\public\\index.php')
INFO - 2024-01-17 07:59:06 --> Session: Class initialized using 'CodeIgniter\Session\Handlers\FileHandler' driver.
INFO - 2024-01-17 08:01:47 --> Session: Class initialized using 'CodeIgniter\Session\Handlers\FileHandler' driver.
INFO - 2024-01-17 08:06:21 --> Session: Class initialized using 'CodeIgniter\Session\Handlers\FileHandler' driver.
CRITICAL - 2024-01-17 08:06:21 --> foreach() argument must be of type array|object, string given
in APPPATH\Views\kaskeluar\vkkanakyatim.php on line 105.
 1 APPPATH\Views\kaskeluar\vkkanakyatim.php(105): CodeIgniter\Debug\Exceptions->errorHandler(2, 'foreach() argument must be of type array|object, string given', 'D:\\STMIK-Jayanusa\\SEMESTER 5\\Pemrograman WEB 2\\Project\\DigitalisasiMasjid\\app\\Views\\kaskeluar\\vkkanakyatim.php', 105)
 2 SYSTEMPATH\View\View.php(226): include('D:\\STMIK-Jayanusa\\SEMESTER 5\\Pemrograman WEB 2\\Project\\DigitalisasiMasjid\\app\\Views\\kaskeluar\\vkkanakyatim.php')
 3 SYSTEMPATH\View\View.php(229): CodeIgniter\View\View->CodeIgniter\View\{closure}()
 4 SYSTEMPATH\Common.php(1188): CodeIgniter\View\View->render('kaskeluar/vkkanakyatim', [], true)
 5 APPPATH\Controllers\Kaskeluar.php(20): view('kaskeluar/vkkanakyatim', [...])
 6 SYSTEMPATH\CodeIgniter.php(919): App\Controllers\Kaskeluar->anakyatim()
 7 SYSTEMPATH\CodeIgniter.php(494): CodeIgniter\CodeIgniter->runController(Object(App\Controllers\Kaskeluar))
 8 SYSTEMPATH\CodeIgniter.php(353): CodeIgniter\CodeIgniter->handleRequest(null, Object(Config\Cache), false)
 9 FCPATH\index.php(79): CodeIgniter\CodeIgniter->run()
10 SYSTEMPATH\Commands\Server\rewrite.php(47): require_once('D:\\STMIK-Jayanusa\\SEMESTER 5\\Pemrograman WEB 2\\Project\\DigitalisasiMasjid\\public\\index.php')
INFO - 2024-01-17 08:06:35 --> Session: Class initialized using 'CodeIgniter\Session\Handlers\FileHandler' driver.
CRITICAL - 2024-01-17 08:06:35 --> foreach() argument must be of type array|object, string given
in APPPATH\Views\kaskeluar\vkkanakyatim.php on line 114.
 1 APPPATH\Views\kaskeluar\vkkanakyatim.php(114): CodeIgniter\Debug\Exceptions->errorHandler(2, 'foreach() argument must be of type array|object, string given', 'D:\\STMIK-Jayanusa\\SEMESTER 5\\Pemrograman WEB 2\\Project\\DigitalisasiMasjid\\app\\Views\\kaskeluar\\vkkanakyatim.php', 114)
 2 SYSTEMPATH\View\View.php(226): include('D:\\STMIK-Jayanusa\\SEMESTER 5\\Pemrograman WEB 2\\Project\\DigitalisasiMasjid\\app\\Views\\kaskeluar\\vkkanakyatim.php')
 3 SYSTEMPATH\View\View.php(229): CodeIgniter\View\View->CodeIgniter\View\{closure}()
 4 SYSTEMPATH\Common.php(1188): CodeIgniter\View\View->render('kaskeluar/vkkanakyatim', [], true)
 5 APPPATH\Controllers\Kaskeluar.php(20): view('kaskeluar/vkkanakyatim', [...])
 6 SYSTEMPATH\CodeIgniter.php(919): App\Controllers\Kaskeluar->anakyatim()
 7 SYSTEMPATH\CodeIgniter.php(494): CodeIgniter\CodeIgniter->runController(Object(App\Controllers\Kaskeluar))
 8 SYSTEMPATH\CodeIgniter.php(353): CodeIgniter\CodeIgniter->handleRequest(null, Object(Config\Cache), false)
 9 FCPATH\index.php(79): CodeIgniter\CodeIgniter->run()
10 SYSTEMPATH\Commands\Server\rewrite.php(47): require_once('D:\\STMIK-Jayanusa\\SEMESTER 5\\Pemrograman WEB 2\\Project\\DigitalisasiMasjid\\public\\index.php')
INFO - 2024-01-17 08:07:15 --> Session: Class initialized using 'CodeIgniter\Session\Handlers\FileHandler' driver.
INFO - 2024-01-17 08:08:08 --> Session: Class initialized using 'CodeIgniter\Session\Handlers\FileHandler' driver.
INFO - 2024-01-17 08:08:28 --> Session: Class initialized using 'CodeIgniter\Session\Handlers\FileHandler' driver.
INFO - 2024-01-17 08:08:39 --> Session: Class initialized using 'CodeIgniter\Session\Handlers\FileHandler' driver.
INFO - 2024-01-17 08:08:44 --> Session: Class initialized using 'CodeIgniter\Session\Handlers\FileHandler' driver.
INFO - 2024-01-17 08:11:59 --> Session: Class initialized using 'CodeIgniter\Session\Handlers\FileHandler' driver.
CRITICAL - 2024-01-17 08:12:31 --> Call to a member function getRow() on array
in APPPATH\Controllers\Kaskeluar.php on line 27.
 1 SYSTEMPATH\CodeIgniter.php(919): App\Controllers\Kaskeluar->save()
 2 SYSTEMPATH\CodeIgniter.php(494): CodeIgniter\CodeIgniter->runController(Object(App\Controllers\Kaskeluar))
 3 SYSTEMPATH\CodeIgniter.php(353): CodeIgniter\CodeIgniter->handleRequest(null, Object(Config\Cache), false)
 4 FCPATH\index.php(79): CodeIgniter\CodeIgniter->run()
 5 SYSTEMPATH\Commands\Server\rewrite.php(47): require_once('D:\\STMIK-Jayanusa\\SEMESTER 5\\Pemrograman WEB 2\\Project\\DigitalisasiMasjid\\public\\index.php')
INFO - 2024-01-17 08:13:09 --> Session: Class initialized using 'CodeIgniter\Session\Handlers\FileHandler' driver.
INFO - 2024-01-17 08:13:41 --> Session: Class initialized using 'CodeIgniter\Session\Handlers\FileHandler' driver.
INFO - 2024-01-17 08:20:58 --> Session: Class initialized using 'CodeIgniter\Session\Handlers\FileHandler' driver.
INFO - 2024-01-17 08:21:16 --> Session: Class initialized using 'CodeIgniter\Session\Handlers\FileHandler' driver.
INFO - 2024-01-17 08:22:33 --> Session: Class initialized using 'CodeIgniter\Session\Handlers\FileHandler' driver.
INFO - 2024-01-17 08:23:01 --> Session: Class initialized using 'CodeIgniter\Session\Handlers\FileHandler' driver.
INFO - 2024-01-17 08:23:13 --> Session: Class initialized using 'CodeIgniter\Session\Handlers\FileHandler' driver.
INFO - 2024-01-17 08:23:29 --> Session: Class initialized using 'CodeIgniter\Session\Handlers\FileHandler' driver.
INFO - 2024-01-17 08:23:36 --> Session: Class initialized using 'CodeIgniter\Session\Handlers\FileHandler' driver.
INFO - 2024-01-17 08:23:56 --> Session: Class initialized using 'CodeIgniter\Session\Handlers\FileHandler' driver.
INFO - 2024-01-17 08:24:27 --> Session: Class initialized using 'CodeIgniter\Session\Handlers\FileHandler' driver.
INFO - 2024-01-17 08:24:29 --> Session: Class initialized using 'CodeIgniter\Session\Handlers\FileHandler' driver.
INFO - 2024-01-17 08:24:38 --> Session: Class initialized using 'CodeIgniter\Session\Handlers\FileHandler' driver.
INFO - 2024-01-17 08:34:20 --> Session: Class initialized using 'CodeIgniter\Session\Handlers\FileHandler' driver.
INFO - 2024-01-17 08:34:32 --> Session: Class initialized using 'CodeIgniter\Session\Handlers\FileHandler' driver.
INFO - 2024-01-17 08:36:10 --> Session: Class initialized using 'CodeIgniter\Session\Handlers\FileHandler' driver.
INFO - 2024-01-17 08:36:13 --> Session: Class initialized using 'CodeIgniter\Session\Handlers\FileHandler' driver.
CRITICAL - 2024-01-17 08:36:13 --> Undefined variable $kasmasuk
in APPPATH\Views\kaskeluar\vkktpq.php on line 105.
 1 APPPATH\Views\kaskeluar\vkktpq.php(105): CodeIgniter\Debug\Exceptions->errorHandler(2, 'Undefined variable $kasmasuk', 'D:\\STMIK-Jayanusa\\SEMESTER 5\\Pemrograman WEB 2\\Project\\DigitalisasiMasjid\\app\\Views\\kaskeluar\\vkktpq.php', 105)
 2 SYSTEMPATH\View\View.php(226): include('D:\\STMIK-Jayanusa\\SEMESTER 5\\Pemrograman WEB 2\\Project\\DigitalisasiMasjid\\app\\Views\\kaskeluar\\vkktpq.php')
 3 SYSTEMPATH\View\View.php(229): CodeIgniter\View\View->CodeIgniter\View\{closure}()
 4 SYSTEMPATH\Common.php(1188): CodeIgniter\View\View->render('kaskeluar/vkktpq', [], true)
 5 APPPATH\Controllers\Kaskeluar.php(72): view('kaskeluar/vkktpq', [...])
 6 SYSTEMPATH\CodeIgniter.php(919): App\Controllers\Kaskeluar->tpq()
 7 SYSTEMPATH\CodeIgniter.php(494): CodeIgniter\CodeIgniter->runController(Object(App\Controllers\Kaskeluar))
 8 SYSTEMPATH\CodeIgniter.php(353): CodeIgniter\CodeIgniter->handleRequest(null, Object(Config\Cache), false)
 9 FCPATH\index.php(79): CodeIgniter\CodeIgniter->run()
10 SYSTEMPATH\Commands\Server\rewrite.php(47): require_once('D:\\STMIK-Jayanusa\\SEMESTER 5\\Pemrograman WEB 2\\Project\\DigitalisasiMasjid\\public\\index.php')
INFO - 2024-01-17 08:37:10 --> Session: Class initialized using 'CodeIgniter\Session\Handlers\FileHandler' driver.
INFO - 2024-01-17 08:37:25 --> Session: Class initialized using 'CodeIgniter\Session\Handlers\FileHandler' driver.
INFO - 2024-01-17 08:38:34 --> Session: Class initialized using 'CodeIgniter\Session\Handlers\FileHandler' driver.
INFO - 2024-01-17 08:38:50 --> Session: Class initialized using 'CodeIgniter\Session\Handlers\FileHandler' driver.
INFO - 2024-01-17 08:39:04 --> Session: Class initialized using 'CodeIgniter\Session\Handlers\FileHandler' driver.
INFO - 2024-01-17 08:42:03 --> Session: Class initialized using 'CodeIgniter\Session\Handlers\FileHandler' driver.
INFO - 2024-01-17 08:42:13 --> Session: Class initialized using 'CodeIgniter\Session\Handlers\FileHandler' driver.
INFO - 2024-01-17 08:42:20 --> Session: Class initialized using 'CodeIgniter\Session\Handlers\FileHandler' driver.
INFO - 2024-01-17 08:46:22 --> Session: Class initialized using 'CodeIgniter\Session\Handlers\FileHandler' driver.
CRITICAL - 2024-01-17 08:46:22 --> Undefined variable $tpq
in APPPATH\Views\kaskeluar\vkksosial.php on line 103.
 1 APPPATH\Views\kaskeluar\vkksosial.php(103): CodeIgniter\Debug\Exceptions->errorHandler(2, 'Undefined variable $tpq', 'D:\\STMIK-Jayanusa\\SEMESTER 5\\Pemrograman WEB 2\\Project\\DigitalisasiMasjid\\app\\Views\\kaskeluar\\vkksosial.php', 103)
 2 SYSTEMPATH\View\View.php(226): include('D:\\STMIK-Jayanusa\\SEMESTER 5\\Pemrograman WEB 2\\Project\\DigitalisasiMasjid\\app\\Views\\kaskeluar\\vkksosial.php')
 3 SYSTEMPATH\View\View.php(229): CodeIgniter\View\View->CodeIgniter\View\{closure}()
 4 SYSTEMPATH\Common.php(1188): CodeIgniter\View\View->render('kaskeluar/vkksosial', [], true)
 5 APPPATH\Controllers\Kaskeluar.php(123): view('kaskeluar/vkksosial', [...])
 6 SYSTEMPATH\CodeIgniter.php(919): App\Controllers\Kaskeluar->sosial()
 7 SYSTEMPATH\CodeIgniter.php(494): CodeIgniter\CodeIgniter->runController(Object(App\Controllers\Kaskeluar))
 8 SYSTEMPATH\CodeIgniter.php(353): CodeIgniter\CodeIgniter->handleRequest(null, Object(Config\Cache), false)
 9 FCPATH\index.php(79): CodeIgniter\CodeIgniter->run()
10 SYSTEMPATH\Commands\Server\rewrite.php(47): require_once('D:\\STMIK-Jayanusa\\SEMESTER 5\\Pemrograman WEB 2\\Project\\DigitalisasiMasjid\\public\\index.php')
INFO - 2024-01-17 08:46:34 --> Session: Class initialized using 'CodeIgniter\Session\Handlers\FileHandler' driver.
INFO - 2024-01-17 08:46:58 --> Session: Class initialized using 'CodeIgniter\Session\Handlers\FileHandler' driver.
INFO - 2024-01-17 08:47:07 --> Session: Class initialized using 'CodeIgniter\Session\Handlers\FileHandler' driver.
CRITICAL - 2024-01-17 08:47:07 --> Undefined variable $tpq
in APPPATH\Views\kaskeluar\vkksosial.php on line 103.
 1 APPPATH\Views\kaskeluar\vkksosial.php(103): CodeIgniter\Debug\Exceptions->errorHandler(2, 'Undefined variable $tpq', 'D:\\STMIK-Jayanusa\\SEMESTER 5\\Pemrograman WEB 2\\Project\\DigitalisasiMasjid\\app\\Views\\kaskeluar\\vkksosial.php', 103)
 2 SYSTEMPATH\View\View.php(226): include('D:\\STMIK-Jayanusa\\SEMESTER 5\\Pemrograman WEB 2\\Project\\DigitalisasiMasjid\\app\\Views\\kaskeluar\\vkksosial.php')
 3 SYSTEMPATH\View\View.php(229): CodeIgniter\View\View->CodeIgniter\View\{closure}()
 4 SYSTEMPATH\Common.php(1188): CodeIgniter\View\View->render('kaskeluar/vkksosial', [], true)
 5 APPPATH\Controllers\Kaskeluar.php(123): view('kaskeluar/vkksosial', [...])
 6 SYSTEMPATH\CodeIgniter.php(919): App\Controllers\Kaskeluar->sosial()
 7 SYSTEMPATH\CodeIgniter.php(494): CodeIgniter\CodeIgniter->runController(Object(App\Controllers\Kaskeluar))
 8 SYSTEMPATH\CodeIgniter.php(353): CodeIgniter\CodeIgniter->handleRequest(null, Object(Config\Cache), false)
 9 FCPATH\index.php(79): CodeIgniter\CodeIgniter->run()
10 SYSTEMPATH\Commands\Server\rewrite.php(47): require_once('D:\\STMIK-Jayanusa\\SEMESTER 5\\Pemrograman WEB 2\\Project\\DigitalisasiMasjid\\public\\index.php')
INFO - 2024-01-17 08:47:10 --> Session: Class initialized using 'CodeIgniter\Session\Handlers\FileHandler' driver.
CRITICAL - 2024-01-17 08:47:10 --> Undefined variable $tpq
in APPPATH\Views\kaskeluar\vkksosial.php on line 103.
 1 APPPATH\Views\kaskeluar\vkksosial.php(103): CodeIgniter\Debug\Exceptions->errorHandler(2, 'Undefined variable $tpq', 'D:\\STMIK-Jayanusa\\SEMESTER 5\\Pemrograman WEB 2\\Project\\DigitalisasiMasjid\\app\\Views\\kaskeluar\\vkksosial.php', 103)
 2 SYSTEMPATH\View\View.php(226): include('D:\\STMIK-Jayanusa\\SEMESTER 5\\Pemrograman WEB 2\\Project\\DigitalisasiMasjid\\app\\Views\\kaskeluar\\vkksosial.php')
 3 SYSTEMPATH\View\View.php(229): CodeIgniter\View\View->CodeIgniter\View\{closure}()
 4 SYSTEMPATH\Common.php(1188): CodeIgniter\View\View->render('kaskeluar/vkksosial', [], true)
 5 APPPATH\Controllers\Kaskeluar.php(123): view('kaskeluar/vkksosial', [...])
 6 SYSTEMPATH\CodeIgniter.php(919): App\Controllers\Kaskeluar->sosial()
 7 SYSTEMPATH\CodeIgniter.php(494): CodeIgniter\CodeIgniter->runController(Object(App\Controllers\Kaskeluar))
 8 SYSTEMPATH\CodeIgniter.php(353): CodeIgniter\CodeIgniter->handleRequest(null, Object(Config\Cache), false)
 9 FCPATH\index.php(79): CodeIgniter\CodeIgniter->run()
10 SYSTEMPATH\Commands\Server\rewrite.php(47): require_once('D:\\STMIK-Jayanusa\\SEMESTER 5\\Pemrograman WEB 2\\Project\\DigitalisasiMasjid\\public\\index.php')
INFO - 2024-01-17 08:47:48 --> Session: Class initialized using 'CodeIgniter\Session\Handlers\FileHandler' driver.
CRITICAL - 2024-01-17 08:47:48 --> Undefined variable $tpq
in APPPATH\Views\kaskeluar\vkksosial.php on line 104.
 1 APPPATH\Views\kaskeluar\vkksosial.php(104): CodeIgniter\Debug\Exceptions->errorHandler(2, 'Undefined variable $tpq', 'D:\\STMIK-Jayanusa\\SEMESTER 5\\Pemrograman WEB 2\\Project\\DigitalisasiMasjid\\app\\Views\\kaskeluar\\vkksosial.php', 104)
 2 SYSTEMPATH\View\View.php(226): include('D:\\STMIK-Jayanusa\\SEMESTER 5\\Pemrograman WEB 2\\Project\\DigitalisasiMasjid\\app\\Views\\kaskeluar\\vkksosial.php')
 3 SYSTEMPATH\View\View.php(229): CodeIgniter\View\View->CodeIgniter\View\{closure}()
 4 SYSTEMPATH\Common.php(1188): CodeIgniter\View\View->render('kaskeluar/vkksosial', [], true)
 5 APPPATH\Controllers\Kaskeluar.php(123): view('kaskeluar/vkksosial', [...])
 6 SYSTEMPATH\CodeIgniter.php(919): App\Controllers\Kaskeluar->sosial()
 7 SYSTEMPATH\CodeIgniter.php(494): CodeIgniter\CodeIgniter->runController(Object(App\Controllers\Kaskeluar))
 8 SYSTEMPATH\CodeIgniter.php(353): CodeIgniter\CodeIgniter->handleRequest(null, Object(Config\Cache), false)
 9 FCPATH\index.php(79): CodeIgniter\CodeIgniter->run()
10 SYSTEMPATH\Commands\Server\rewrite.php(47): require_once('D:\\STMIK-Jayanusa\\SEMESTER 5\\Pemrograman WEB 2\\Project\\DigitalisasiMasjid\\public\\index.php')
INFO - 2024-01-17 08:47:55 --> Session: Class initialized using 'CodeIgniter\Session\Handlers\FileHandler' driver.
CRITICAL - 2024-01-17 08:47:55 --> Undefined variable $tpq
in APPPATH\Views\kaskeluar\vkksosial.php on line 104.
 1 APPPATH\Views\kaskeluar\vkksosial.php(104): CodeIgniter\Debug\Exceptions->errorHandler(2, 'Undefined variable $tpq', 'D:\\STMIK-Jayanusa\\SEMESTER 5\\Pemrograman WEB 2\\Project\\DigitalisasiMasjid\\app\\Views\\kaskeluar\\vkksosial.php', 104)
 2 SYSTEMPATH\View\View.php(226): include('D:\\STMIK-Jayanusa\\SEMESTER 5\\Pemrograman WEB 2\\Project\\DigitalisasiMasjid\\app\\Views\\kaskeluar\\vkksosial.php')
 3 SYSTEMPATH\View\View.php(229): CodeIgniter\View\View->CodeIgniter\View\{closure}()
 4 SYSTEMPATH\Common.php(1188): CodeIgniter\View\View->render('kaskeluar/vkksosial', [], true)
 5 APPPATH\Controllers\Kaskeluar.php(123): view('kaskeluar/vkksosial', [...])
 6 SYSTEMPATH\CodeIgniter.php(919): App\Controllers\Kaskeluar->sosial()
 7 SYSTEMPATH\CodeIgniter.php(494): CodeIgniter\CodeIgniter->runController(Object(App\Controllers\Kaskeluar))
 8 SYSTEMPATH\CodeIgniter.php(353): CodeIgniter\CodeIgniter->handleRequest(null, Object(Config\Cache), false)
 9 FCPATH\index.php(79): CodeIgniter\CodeIgniter->run()
10 SYSTEMPATH\Commands\Server\rewrite.php(47): require_once('D:\\STMIK-Jayanusa\\SEMESTER 5\\Pemrograman WEB 2\\Project\\DigitalisasiMasjid\\public\\index.php')
INFO - 2024-01-17 08:47:56 --> Session: Class initialized using 'CodeIgniter\Session\Handlers\FileHandler' driver.
CRITICAL - 2024-01-17 08:47:56 --> Undefined variable $kasmasuk
in APPPATH\Views\kaskeluar\vkksosial.php on line 201.
 1 APPPATH\Views\kaskeluar\vkksosial.php(201): CodeIgniter\Debug\Exceptions->errorHandler(2, 'Undefined variable $kasmasuk', 'D:\\STMIK-Jayanusa\\SEMESTER 5\\Pemrograman WEB 2\\Project\\DigitalisasiMasjid\\app\\Views\\kaskeluar\\vkksosial.php', 201)
 2 SYSTEMPATH\View\View.php(226): include('D:\\STMIK-Jayanusa\\SEMESTER 5\\Pemrograman WEB 2\\Project\\DigitalisasiMasjid\\app\\Views\\kaskeluar\\vkksosial.php')
 3 SYSTEMPATH\View\View.php(229): CodeIgniter\View\View->CodeIgniter\View\{closure}()
 4 SYSTEMPATH\Common.php(1188): CodeIgniter\View\View->render('kaskeluar/vkksosial', [], true)
 5 APPPATH\Controllers\Kaskeluar.php(123): view('kaskeluar/vkksosial', [...])
 6 SYSTEMPATH\CodeIgniter.php(919): App\Controllers\Kaskeluar->sosial()
 7 SYSTEMPATH\CodeIgniter.php(494): CodeIgniter\CodeIgniter->runController(Object(App\Controllers\Kaskeluar))
 8 SYSTEMPATH\CodeIgniter.php(353): CodeIgniter\CodeIgniter->handleRequest(null, Object(Config\Cache), false)
 9 FCPATH\index.php(79): CodeIgniter\CodeIgniter->run()
10 SYSTEMPATH\Commands\Server\rewrite.php(47): require_once('D:\\STMIK-Jayanusa\\SEMESTER 5\\Pemrograman WEB 2\\Project\\DigitalisasiMasjid\\public\\index.php')
INFO - 2024-01-17 08:48:22 --> Session: Class initialized using 'CodeIgniter\Session\Handlers\FileHandler' driver.
INFO - 2024-01-17 08:48:33 --> Session: Class initialized using 'CodeIgniter\Session\Handlers\FileHandler' driver.
INFO - 2024-01-17 08:49:48 --> Session: Class initialized using 'CodeIgniter\Session\Handlers\FileHandler' driver.
INFO - 2024-01-17 08:50:11 --> Session: Class initialized using 'CodeIgniter\Session\Handlers\FileHandler' driver.
INFO - 2024-01-17 08:50:22 --> Session: Class initialized using 'CodeIgniter\Session\Handlers\FileHandler' driver.
INFO - 2024-01-17 08:50:30 --> Session: Class initialized using 'CodeIgniter\Session\Handlers\FileHandler' driver.
INFO - 2024-01-17 08:52:27 --> Session: Class initialized using 'CodeIgniter\Session\Handlers\FileHandler' driver.
CRITICAL - 2024-01-17 08:52:27 --> Undefined variable $kasmasuk
in APPPATH\Views\kaskeluar\vkkmesjid.php on line 105.
 1 APPPATH\Views\kaskeluar\vkkmesjid.php(105): CodeIgniter\Debug\Exceptions->errorHandler(2, 'Undefined variable $kasmasuk', 'D:\\STMIK-Jayanusa\\SEMESTER 5\\Pemrograman WEB 2\\Project\\DigitalisasiMasjid\\app\\Views\\kaskeluar\\vkkmesjid.php', 105)
 2 SYSTEMPATH\View\View.php(226): include('D:\\STMIK-Jayanusa\\SEMESTER 5\\Pemrograman WEB 2\\Project\\DigitalisasiMasjid\\app\\Views\\kaskeluar\\vkkmesjid.php')
 3 SYSTEMPATH\View\View.php(229): CodeIgniter\View\View->CodeIgniter\View\{closure}()
 4 SYSTEMPATH\Common.php(1188): CodeIgniter\View\View->render('kaskeluar/vkkmesjid', [], true)
 5 APPPATH\Controllers\Kaskeluar.php(174): view('kaskeluar/vkkmesjid', [...])
 6 SYSTEMPATH\CodeIgniter.php(919): App\Controllers\Kaskeluar->mesjid()
 7 SYSTEMPATH\CodeIgniter.php(494): CodeIgniter\CodeIgniter->runController(Object(App\Controllers\Kaskeluar))
 8 SYSTEMPATH\CodeIgniter.php(353): CodeIgniter\CodeIgniter->handleRequest(null, Object(Config\Cache), false)
 9 FCPATH\index.php(79): CodeIgniter\CodeIgniter->run()
10 SYSTEMPATH\Commands\Server\rewrite.php(47): require_once('D:\\STMIK-Jayanusa\\SEMESTER 5\\Pemrograman WEB 2\\Project\\DigitalisasiMasjid\\public\\index.php')
INFO - 2024-01-17 08:53:25 --> Session: Class initialized using 'CodeIgniter\Session\Handlers\FileHandler' driver.
INFO - 2024-01-17 08:54:06 --> Session: Class initialized using 'CodeIgniter\Session\Handlers\FileHandler' driver.
INFO - 2024-01-17 08:54:30 --> Session: Class initialized using 'CodeIgniter\Session\Handlers\FileHandler' driver.
INFO - 2024-01-17 08:54:33 --> Session: Class initialized using 'CodeIgniter\Session\Handlers\FileHandler' driver.
INFO - 2024-01-17 08:54:45 --> Session: Class initialized using 'CodeIgniter\Session\Handlers\FileHandler' driver.
INFO - 2024-01-17 08:54:57 --> Session: Class initialized using 'CodeIgniter\Session\Handlers\FileHandler' driver.
INFO - 2024-01-17 08:55:10 --> Session: Class initialized using 'CodeIgniter\Session\Handlers\FileHandler' driver.
INFO - 2024-01-17 09:10:39 --> Session: Class initialized using 'CodeIgniter\Session\Handlers\FileHandler' driver.
INFO - 2024-01-17 09:16:15 --> Session: Class initialized using 'CodeIgniter\Session\Handlers\FileHandler' driver.
INFO - 2024-01-17 09:16:33 --> Session: Class initialized using 'CodeIgniter\Session\Handlers\FileHandler' driver.
INFO - 2024-01-17 09:16:45 --> Session: Class initialized using 'CodeIgniter\Session\Handlers\FileHandler' driver.
