CRITICAL - 2023-11-24 03:56:12 --> You must set the database table to be used with your query.
in SYSTEMPATH\Database\BaseConnection.php on line 883.
 1 SYSTEMPATH\Model.php(635): CodeIgniter\Database\BaseConnection->table(null)
 2 SYSTEMPATH\Model.php(863): CodeIgniter\Model->builder()
 3 APPPATH\Controllers\Pengurus.php(34): CodeIgniter\Model->__call('deletepengurus', [...])
 4 SYSTEMPATH\CodeIgniter.php(919): App\Controllers\Pengurus->delete()
 5 SYSTEMPATH\CodeIgniter.php(494): CodeIgniter\CodeIgniter->runController(Object(App\Controllers\Pengurus))
 6 SYSTEMPATH\CodeIgniter.php(353): CodeIgniter\CodeIgniter->handleRequest(null, Object(Config\Cache), false)
 7 FCPATH\index.php(79): CodeIgniter\CodeIgniter->run()
 8 SYSTEMPATH\Commands\Server\rewrite.php(47): require_once('D:\\STMIK-Jayanusa\\SEMESTER 5\\Pemrograman WEB 2\\Project\\LatihanCI_Masjid\\public\\index.php')
CRITICAL - 2023-11-24 03:56:50 --> You must set the database table to be used with your query.
in SYSTEMPATH\Database\BaseConnection.php on line 883.
 1 SYSTEMPATH\Model.php(635): CodeIgniter\Database\BaseConnection->table(null)
 2 SYSTEMPATH\Model.php(863): CodeIgniter\Model->builder()
 3 APPPATH\Controllers\Pengurus.php(34): CodeIgniter\Model->__call('deletepengurus', [...])
 4 SYSTEMPATH\CodeIgniter.php(919): App\Controllers\Pengurus->delete()
 5 SYSTEMPATH\CodeIgniter.php(494): CodeIgniter\CodeIgniter->runController(Object(App\Controllers\Pengurus))
 6 SYSTEMPATH\CodeIgniter.php(353): CodeIgniter\CodeIgniter->handleRequest(null, Object(Config\Cache), false)
 7 FCPATH\index.php(79): CodeIgniter\CodeIgniter->run()
 8 SYSTEMPATH\Commands\Server\rewrite.php(47): require_once('D:\\STMIK-Jayanusa\\SEMESTER 5\\Pemrograman WEB 2\\Project\\LatihanCI_Masjid\\public\\index.php')
CRITICAL - 2023-11-24 04:17:06 --> Array to string conversion
in APPPATH\Views\pengurus\v_pengurus.php on line 55.
 1 APPPATH\Views\pengurus\v_pengurus.php(55): CodeIgniter\Debug\Exceptions->errorHandler(2, 'Array to string conversion', 'D:\\STMIK-Jayanusa\\SEMESTER 5\\Pemrograman WEB 2\\Project\\LatihanCI_Masjid\\app\\Views\\pengurus\\v_pengurus.php', 55)
 2 SYSTEMPATH\View\View.php(226): include('D:\\STMIK-Jayanusa\\SEMESTER 5\\Pemrograman WEB 2\\Project\\LatihanCI_Masjid\\app\\Views\\pengurus\\v_pengurus.php')
 3 SYSTEMPATH\View\View.php(229): CodeIgniter\View\View->CodeIgniter\View\{closure}()
 4 SYSTEMPATH\Common.php(1188): CodeIgniter\View\View->render('pengurus/v_pengurus', [], true)
 5 APPPATH\Controllers\Pengurus.php(13): view('pengurus/v_pengurus', [...])
 6 SYSTEMPATH\CodeIgniter.php(919): App\Controllers\Pengurus->index()
 7 SYSTEMPATH\CodeIgniter.php(494): CodeIgniter\CodeIgniter->runController(Object(App\Controllers\Pengurus))
 8 SYSTEMPATH\CodeIgniter.php(353): CodeIgniter\CodeIgniter->handleRequest(null, Object(Config\Cache), false)
 9 FCPATH\index.php(79): CodeIgniter\CodeIgniter->run()
10 SYSTEMPATH\Commands\Server\rewrite.php(47): require_once('D:\\STMIK-Jayanusa\\SEMESTER 5\\Pemrograman WEB 2\\Project\\LatihanCI_Masjid\\public\\index.php')
CRITICAL - 2023-11-24 04:17:34 --> Array to string conversion
in APPPATH\Views\pengurus\v_pengurus.php on line 55.
 1 APPPATH\Views\pengurus\v_pengurus.php(55): CodeIgniter\Debug\Exceptions->errorHandler(2, 'Array to string conversion', 'D:\\STMIK-Jayanusa\\SEMESTER 5\\Pemrograman WEB 2\\Project\\LatihanCI_Masjid\\app\\Views\\pengurus\\v_pengurus.php', 55)
 2 SYSTEMPATH\View\View.php(226): include('D:\\STMIK-Jayanusa\\SEMESTER 5\\Pemrograman WEB 2\\Project\\LatihanCI_Masjid\\app\\Views\\pengurus\\v_pengurus.php')
 3 SYSTEMPATH\View\View.php(229): CodeIgniter\View\View->CodeIgniter\View\{closure}()
 4 SYSTEMPATH\Common.php(1188): CodeIgniter\View\View->render('pengurus/v_pengurus', [], true)
 5 APPPATH\Controllers\Pengurus.php(13): view('pengurus/v_pengurus', [...])
 6 SYSTEMPATH\CodeIgniter.php(919): App\Controllers\Pengurus->index()
 7 SYSTEMPATH\CodeIgniter.php(494): CodeIgniter\CodeIgniter->runController(Object(App\Controllers\Pengurus))
 8 SYSTEMPATH\CodeIgniter.php(353): CodeIgniter\CodeIgniter->handleRequest(null, Object(Config\Cache), false)
 9 FCPATH\index.php(79): CodeIgniter\CodeIgniter->run()
10 SYSTEMPATH\Commands\Server\rewrite.php(47): require_once('D:\\STMIK-Jayanusa\\SEMESTER 5\\Pemrograman WEB 2\\Project\\LatihanCI_Masjid\\public\\index.php')
CRITICAL - 2023-11-24 04:19:26 --> Array to string conversion
in APPPATH\Views\pengurus\v_pengurus.php on line 55.
 1 APPPATH\Views\pengurus\v_pengurus.php(55): CodeIgniter\Debug\Exceptions->errorHandler(2, 'Array to string conversion', 'D:\\STMIK-Jayanusa\\SEMESTER 5\\Pemrograman WEB 2\\Project\\LatihanCI_Masjid\\app\\Views\\pengurus\\v_pengurus.php', 55)
 2 SYSTEMPATH\View\View.php(226): include('D:\\STMIK-Jayanusa\\SEMESTER 5\\Pemrograman WEB 2\\Project\\LatihanCI_Masjid\\app\\Views\\pengurus\\v_pengurus.php')
 3 SYSTEMPATH\View\View.php(229): CodeIgniter\View\View->CodeIgniter\View\{closure}()
 4 SYSTEMPATH\Common.php(1188): CodeIgniter\View\View->render('pengurus/v_pengurus', [], true)
 5 APPPATH\Controllers\Pengurus.php(13): view('pengurus/v_pengurus', [...])
 6 SYSTEMPATH\CodeIgniter.php(919): App\Controllers\Pengurus->index()
 7 SYSTEMPATH\CodeIgniter.php(494): CodeIgniter\CodeIgniter->runController(Object(App\Controllers\Pengurus))
 8 SYSTEMPATH\CodeIgniter.php(353): CodeIgniter\CodeIgniter->handleRequest(null, Object(Config\Cache), false)
 9 FCPATH\index.php(79): CodeIgniter\CodeIgniter->run()
10 SYSTEMPATH\Commands\Server\rewrite.php(47): require_once('D:\\STMIK-Jayanusa\\SEMESTER 5\\Pemrograman WEB 2\\Project\\LatihanCI_Masjid\\public\\index.php')
CRITICAL - 2023-11-24 04:20:06 --> Array to string conversion
in APPPATH\Views\pengurus\v_pengurus.php on line 55.
 1 APPPATH\Views\pengurus\v_pengurus.php(55): CodeIgniter\Debug\Exceptions->errorHandler(2, 'Array to string conversion', 'D:\\STMIK-Jayanusa\\SEMESTER 5\\Pemrograman WEB 2\\Project\\LatihanCI_Masjid\\app\\Views\\pengurus\\v_pengurus.php', 55)
 2 SYSTEMPATH\View\View.php(226): include('D:\\STMIK-Jayanusa\\SEMESTER 5\\Pemrograman WEB 2\\Project\\LatihanCI_Masjid\\app\\Views\\pengurus\\v_pengurus.php')
 3 SYSTEMPATH\View\View.php(229): CodeIgniter\View\View->CodeIgniter\View\{closure}()
 4 SYSTEMPATH\Common.php(1188): CodeIgniter\View\View->render('pengurus/v_pengurus', [], true)
 5 APPPATH\Controllers\Pengurus.php(13): view('pengurus/v_pengurus', [...])
 6 SYSTEMPATH\CodeIgniter.php(919): App\Controllers\Pengurus->index()
 7 SYSTEMPATH\CodeIgniter.php(494): CodeIgniter\CodeIgniter->runController(Object(App\Controllers\Pengurus))
 8 SYSTEMPATH\CodeIgniter.php(353): CodeIgniter\CodeIgniter->handleRequest(null, Object(Config\Cache), false)
 9 FCPATH\index.php(79): CodeIgniter\CodeIgniter->run()
10 SYSTEMPATH\Commands\Server\rewrite.php(47): require_once('D:\\STMIK-Jayanusa\\SEMESTER 5\\Pemrograman WEB 2\\Project\\LatihanCI_Masjid\\public\\index.php')
CRITICAL - 2023-11-24 04:22:22 --> Array to string conversion
in APPPATH\Views\pengurus\v_pengurus.php on line 55.
 1 APPPATH\Views\pengurus\v_pengurus.php(55): CodeIgniter\Debug\Exceptions->errorHandler(2, 'Array to string conversion', 'D:\\STMIK-Jayanusa\\SEMESTER 5\\Pemrograman WEB 2\\Project\\LatihanCI_Masjid\\app\\Views\\pengurus\\v_pengurus.php', 55)
 2 SYSTEMPATH\View\View.php(226): include('D:\\STMIK-Jayanusa\\SEMESTER 5\\Pemrograman WEB 2\\Project\\LatihanCI_Masjid\\app\\Views\\pengurus\\v_pengurus.php')
 3 SYSTEMPATH\View\View.php(229): CodeIgniter\View\View->CodeIgniter\View\{closure}()
 4 SYSTEMPATH\Common.php(1188): CodeIgniter\View\View->render('pengurus/v_pengurus', [], true)
 5 APPPATH\Controllers\Pengurus.php(13): view('pengurus/v_pengurus', [...])
 6 SYSTEMPATH\CodeIgniter.php(919): App\Controllers\Pengurus->index()
 7 SYSTEMPATH\CodeIgniter.php(494): CodeIgniter\CodeIgniter->runController(Object(App\Controllers\Pengurus))
 8 SYSTEMPATH\CodeIgniter.php(353): CodeIgniter\CodeIgniter->handleRequest(null, Object(Config\Cache), false)
 9 FCPATH\index.php(79): CodeIgniter\CodeIgniter->run()
10 SYSTEMPATH\Commands\Server\rewrite.php(47): require_once('D:\\STMIK-Jayanusa\\SEMESTER 5\\Pemrograman WEB 2\\Project\\LatihanCI_Masjid\\public\\index.php')
CRITICAL - 2023-11-24 04:26:31 --> Array to string conversion
in APPPATH\Views\pengurus\v_pengurus.php on line 55.
 1 APPPATH\Views\pengurus\v_pengurus.php(55): CodeIgniter\Debug\Exceptions->errorHandler(2, 'Array to string conversion', 'D:\\STMIK-Jayanusa\\SEMESTER 5\\Pemrograman WEB 2\\Project\\LatihanCI_Masjid\\app\\Views\\pengurus\\v_pengurus.php', 55)
 2 SYSTEMPATH\View\View.php(226): include('D:\\STMIK-Jayanusa\\SEMESTER 5\\Pemrograman WEB 2\\Project\\LatihanCI_Masjid\\app\\Views\\pengurus\\v_pengurus.php')
 3 SYSTEMPATH\View\View.php(229): CodeIgniter\View\View->CodeIgniter\View\{closure}()
 4 SYSTEMPATH\Common.php(1188): CodeIgniter\View\View->render('pengurus/v_pengurus', [], true)
 5 APPPATH\Controllers\Pengurus.php(13): view('pengurus/v_pengurus', [...])
 6 SYSTEMPATH\CodeIgniter.php(919): App\Controllers\Pengurus->index()
 7 SYSTEMPATH\CodeIgniter.php(494): CodeIgniter\CodeIgniter->runController(Object(App\Controllers\Pengurus))
 8 SYSTEMPATH\CodeIgniter.php(353): CodeIgniter\CodeIgniter->handleRequest(null, Object(Config\Cache), false)
 9 FCPATH\index.php(79): CodeIgniter\CodeIgniter->run()
10 SYSTEMPATH\Commands\Server\rewrite.php(47): require_once('D:\\STMIK-Jayanusa\\SEMESTER 5\\Pemrograman WEB 2\\Project\\LatihanCI_Masjid\\public\\index.php')
CRITICAL - 2023-11-24 04:26:35 --> Array to string conversion
in APPPATH\Views\pengurus\v_pengurus.php on line 55.
 1 APPPATH\Views\pengurus\v_pengurus.php(55): CodeIgniter\Debug\Exceptions->errorHandler(2, 'Array to string conversion', 'D:\\STMIK-Jayanusa\\SEMESTER 5\\Pemrograman WEB 2\\Project\\LatihanCI_Masjid\\app\\Views\\pengurus\\v_pengurus.php', 55)
 2 SYSTEMPATH\View\View.php(226): include('D:\\STMIK-Jayanusa\\SEMESTER 5\\Pemrograman WEB 2\\Project\\LatihanCI_Masjid\\app\\Views\\pengurus\\v_pengurus.php')
 3 SYSTEMPATH\View\View.php(229): CodeIgniter\View\View->CodeIgniter\View\{closure}()
 4 SYSTEMPATH\Common.php(1188): CodeIgniter\View\View->render('pengurus/v_pengurus', [], true)
 5 APPPATH\Controllers\Pengurus.php(13): view('pengurus/v_pengurus', [...])
 6 SYSTEMPATH\CodeIgniter.php(919): App\Controllers\Pengurus->index()
 7 SYSTEMPATH\CodeIgniter.php(494): CodeIgniter\CodeIgniter->runController(Object(App\Controllers\Pengurus))
 8 SYSTEMPATH\CodeIgniter.php(353): CodeIgniter\CodeIgniter->handleRequest(null, Object(Config\Cache), false)
 9 FCPATH\index.php(79): CodeIgniter\CodeIgniter->run()
10 SYSTEMPATH\Commands\Server\rewrite.php(47): require_once('D:\\STMIK-Jayanusa\\SEMESTER 5\\Pemrograman WEB 2\\Project\\LatihanCI_Masjid\\public\\index.php')
CRITICAL - 2023-11-24 04:27:20 --> Array to string conversion
in APPPATH\Views\pengurus\v_pengurus.php on line 55.
 1 APPPATH\Views\pengurus\v_pengurus.php(55): CodeIgniter\Debug\Exceptions->errorHandler(2, 'Array to string conversion', 'D:\\STMIK-Jayanusa\\SEMESTER 5\\Pemrograman WEB 2\\Project\\LatihanCI_Masjid\\app\\Views\\pengurus\\v_pengurus.php', 55)
 2 SYSTEMPATH\View\View.php(226): include('D:\\STMIK-Jayanusa\\SEMESTER 5\\Pemrograman WEB 2\\Project\\LatihanCI_Masjid\\app\\Views\\pengurus\\v_pengurus.php')
 3 SYSTEMPATH\View\View.php(229): CodeIgniter\View\View->CodeIgniter\View\{closure}()
 4 SYSTEMPATH\Common.php(1188): CodeIgniter\View\View->render('pengurus/v_pengurus', [], true)
 5 APPPATH\Controllers\Pengurus.php(13): view('pengurus/v_pengurus', [...])
 6 SYSTEMPATH\CodeIgniter.php(919): App\Controllers\Pengurus->index()
 7 SYSTEMPATH\CodeIgniter.php(494): CodeIgniter\CodeIgniter->runController(Object(App\Controllers\Pengurus))
 8 SYSTEMPATH\CodeIgniter.php(353): CodeIgniter\CodeIgniter->handleRequest(null, Object(Config\Cache), false)
 9 FCPATH\index.php(79): CodeIgniter\CodeIgniter->run()
10 SYSTEMPATH\Commands\Server\rewrite.php(47): require_once('D:\\STMIK-Jayanusa\\SEMESTER 5\\Pemrograman WEB 2\\Project\\LatihanCI_Masjid\\public\\index.php')
CRITICAL - 2023-11-24 04:27:23 --> Array to string conversion
in APPPATH\Views\pengurus\v_pengurus.php on line 55.
 1 APPPATH\Views\pengurus\v_pengurus.php(55): CodeIgniter\Debug\Exceptions->errorHandler(2, 'Array to string conversion', 'D:\\STMIK-Jayanusa\\SEMESTER 5\\Pemrograman WEB 2\\Project\\LatihanCI_Masjid\\app\\Views\\pengurus\\v_pengurus.php', 55)
 2 SYSTEMPATH\View\View.php(226): include('D:\\STMIK-Jayanusa\\SEMESTER 5\\Pemrograman WEB 2\\Project\\LatihanCI_Masjid\\app\\Views\\pengurus\\v_pengurus.php')
 3 SYSTEMPATH\View\View.php(229): CodeIgniter\View\View->CodeIgniter\View\{closure}()
 4 SYSTEMPATH\Common.php(1188): CodeIgniter\View\View->render('pengurus/v_pengurus', [], true)
 5 APPPATH\Controllers\Pengurus.php(13): view('pengurus/v_pengurus', [...])
 6 SYSTEMPATH\CodeIgniter.php(919): App\Controllers\Pengurus->index()
 7 SYSTEMPATH\CodeIgniter.php(494): CodeIgniter\CodeIgniter->runController(Object(App\Controllers\Pengurus))
 8 SYSTEMPATH\CodeIgniter.php(353): CodeIgniter\CodeIgniter->handleRequest(null, Object(Config\Cache), false)
 9 FCPATH\index.php(79): CodeIgniter\CodeIgniter->run()
10 SYSTEMPATH\Commands\Server\rewrite.php(47): require_once('D:\\STMIK-Jayanusa\\SEMESTER 5\\Pemrograman WEB 2\\Project\\LatihanCI_Masjid\\public\\index.php')
CRITICAL - 2023-11-24 04:28:07 --> Array to string conversion
in APPPATH\Views\pengurus\v_pengurus.php on line 55.
 1 APPPATH\Views\pengurus\v_pengurus.php(55): CodeIgniter\Debug\Exceptions->errorHandler(2, 'Array to string conversion', 'D:\\STMIK-Jayanusa\\SEMESTER 5\\Pemrograman WEB 2\\Project\\LatihanCI_Masjid\\app\\Views\\pengurus\\v_pengurus.php', 55)
 2 SYSTEMPATH\View\View.php(226): include('D:\\STMIK-Jayanusa\\SEMESTER 5\\Pemrograman WEB 2\\Project\\LatihanCI_Masjid\\app\\Views\\pengurus\\v_pengurus.php')
 3 SYSTEMPATH\View\View.php(229): CodeIgniter\View\View->CodeIgniter\View\{closure}()
 4 SYSTEMPATH\Common.php(1188): CodeIgniter\View\View->render('pengurus/v_pengurus', [], true)
 5 APPPATH\Controllers\Pengurus.php(13): view('pengurus/v_pengurus', [...])
 6 SYSTEMPATH\CodeIgniter.php(919): App\Controllers\Pengurus->index()
 7 SYSTEMPATH\CodeIgniter.php(494): CodeIgniter\CodeIgniter->runController(Object(App\Controllers\Pengurus))
 8 SYSTEMPATH\CodeIgniter.php(353): CodeIgniter\CodeIgniter->handleRequest(null, Object(Config\Cache), false)
 9 FCPATH\index.php(79): CodeIgniter\CodeIgniter->run()
10 SYSTEMPATH\Commands\Server\rewrite.php(47): require_once('D:\\STMIK-Jayanusa\\SEMESTER 5\\Pemrograman WEB 2\\Project\\LatihanCI_Masjid\\public\\index.php')
CRITICAL - 2023-11-24 04:29:08 --> Array to string conversion
in APPPATH\Views\pengurus\v_pengurus.php on line 55.
 1 APPPATH\Views\pengurus\v_pengurus.php(55): CodeIgniter\Debug\Exceptions->errorHandler(2, 'Array to string conversion', 'D:\\STMIK-Jayanusa\\SEMESTER 5\\Pemrograman WEB 2\\Project\\LatihanCI_Masjid\\app\\Views\\pengurus\\v_pengurus.php', 55)
 2 SYSTEMPATH\View\View.php(226): include('D:\\STMIK-Jayanusa\\SEMESTER 5\\Pemrograman WEB 2\\Project\\LatihanCI_Masjid\\app\\Views\\pengurus\\v_pengurus.php')
 3 SYSTEMPATH\View\View.php(229): CodeIgniter\View\View->CodeIgniter\View\{closure}()
 4 SYSTEMPATH\Common.php(1188): CodeIgniter\View\View->render('pengurus/v_pengurus', [], true)
 5 APPPATH\Controllers\Pengurus.php(13): view('pengurus/v_pengurus', [...])
 6 SYSTEMPATH\CodeIgniter.php(919): App\Controllers\Pengurus->index()
 7 SYSTEMPATH\CodeIgniter.php(494): CodeIgniter\CodeIgniter->runController(Object(App\Controllers\Pengurus))
 8 SYSTEMPATH\CodeIgniter.php(353): CodeIgniter\CodeIgniter->handleRequest(null, Object(Config\Cache), false)
 9 FCPATH\index.php(79): CodeIgniter\CodeIgniter->run()
10 SYSTEMPATH\Commands\Server\rewrite.php(47): require_once('D:\\STMIK-Jayanusa\\SEMESTER 5\\Pemrograman WEB 2\\Project\\LatihanCI_Masjid\\public\\index.php')
CRITICAL - 2023-11-24 04:29:43 --> Array to string conversion
in APPPATH\Views\pengurus\v_pengurus.php on line 55.
 1 APPPATH\Views\pengurus\v_pengurus.php(55): CodeIgniter\Debug\Exceptions->errorHandler(2, 'Array to string conversion', 'D:\\STMIK-Jayanusa\\SEMESTER 5\\Pemrograman WEB 2\\Project\\LatihanCI_Masjid\\app\\Views\\pengurus\\v_pengurus.php', 55)
 2 SYSTEMPATH\View\View.php(226): include('D:\\STMIK-Jayanusa\\SEMESTER 5\\Pemrograman WEB 2\\Project\\LatihanCI_Masjid\\app\\Views\\pengurus\\v_pengurus.php')
 3 SYSTEMPATH\View\View.php(229): CodeIgniter\View\View->CodeIgniter\View\{closure}()
 4 SYSTEMPATH\Common.php(1188): CodeIgniter\View\View->render('pengurus/v_pengurus', [], true)
 5 APPPATH\Controllers\Pengurus.php(13): view('pengurus/v_pengurus', [...])
 6 SYSTEMPATH\CodeIgniter.php(919): App\Controllers\Pengurus->index()
 7 SYSTEMPATH\CodeIgniter.php(494): CodeIgniter\CodeIgniter->runController(Object(App\Controllers\Pengurus))
 8 SYSTEMPATH\CodeIgniter.php(353): CodeIgniter\CodeIgniter->handleRequest(null, Object(Config\Cache), false)
 9 FCPATH\index.php(79): CodeIgniter\CodeIgniter->run()
10 SYSTEMPATH\Commands\Server\rewrite.php(47): require_once('D:\\STMIK-Jayanusa\\SEMESTER 5\\Pemrograman WEB 2\\Project\\LatihanCI_Masjid\\public\\index.php')
CRITICAL - 2023-11-24 04:30:04 --> Array to string conversion
in APPPATH\Views\pengurus\v_pengurus.php on line 55.
 1 APPPATH\Views\pengurus\v_pengurus.php(55): CodeIgniter\Debug\Exceptions->errorHandler(2, 'Array to string conversion', 'D:\\STMIK-Jayanusa\\SEMESTER 5\\Pemrograman WEB 2\\Project\\LatihanCI_Masjid\\app\\Views\\pengurus\\v_pengurus.php', 55)
 2 SYSTEMPATH\View\View.php(226): include('D:\\STMIK-Jayanusa\\SEMESTER 5\\Pemrograman WEB 2\\Project\\LatihanCI_Masjid\\app\\Views\\pengurus\\v_pengurus.php')
 3 SYSTEMPATH\View\View.php(229): CodeIgniter\View\View->CodeIgniter\View\{closure}()
 4 SYSTEMPATH\Common.php(1188): CodeIgniter\View\View->render('pengurus/v_pengurus', [], true)
 5 APPPATH\Controllers\Pengurus.php(13): view('pengurus/v_pengurus', [...])
 6 SYSTEMPATH\CodeIgniter.php(919): App\Controllers\Pengurus->index()
 7 SYSTEMPATH\CodeIgniter.php(494): CodeIgniter\CodeIgniter->runController(Object(App\Controllers\Pengurus))
 8 SYSTEMPATH\CodeIgniter.php(353): CodeIgniter\CodeIgniter->handleRequest(null, Object(Config\Cache), false)
 9 FCPATH\index.php(79): CodeIgniter\CodeIgniter->run()
10 SYSTEMPATH\Commands\Server\rewrite.php(47): require_once('D:\\STMIK-Jayanusa\\SEMESTER 5\\Pemrograman WEB 2\\Project\\LatihanCI_Masjid\\public\\index.php')
CRITICAL - 2023-11-24 04:31:14 --> Array to string conversion
in APPPATH\Views\pengurus\v_pengurus.php on line 55.
 1 APPPATH\Views\pengurus\v_pengurus.php(55): CodeIgniter\Debug\Exceptions->errorHandler(2, 'Array to string conversion', 'D:\\STMIK-Jayanusa\\SEMESTER 5\\Pemrograman WEB 2\\Project\\LatihanCI_Masjid\\app\\Views\\pengurus\\v_pengurus.php', 55)
 2 SYSTEMPATH\View\View.php(226): include('D:\\STMIK-Jayanusa\\SEMESTER 5\\Pemrograman WEB 2\\Project\\LatihanCI_Masjid\\app\\Views\\pengurus\\v_pengurus.php')
 3 SYSTEMPATH\View\View.php(229): CodeIgniter\View\View->CodeIgniter\View\{closure}()
 4 SYSTEMPATH\Common.php(1188): CodeIgniter\View\View->render('pengurus/v_pengurus', [], true)
 5 APPPATH\Controllers\Pengurus.php(13): view('pengurus/v_pengurus', [...])
 6 SYSTEMPATH\CodeIgniter.php(919): App\Controllers\Pengurus->index()
 7 SYSTEMPATH\CodeIgniter.php(494): CodeIgniter\CodeIgniter->runController(Object(App\Controllers\Pengurus))
 8 SYSTEMPATH\CodeIgniter.php(353): CodeIgniter\CodeIgniter->handleRequest(null, Object(Config\Cache), false)
 9 FCPATH\index.php(79): CodeIgniter\CodeIgniter->run()
10 SYSTEMPATH\Commands\Server\rewrite.php(47): require_once('D:\\STMIK-Jayanusa\\SEMESTER 5\\Pemrograman WEB 2\\Project\\LatihanCI_Masjid\\public\\index.php')
CRITICAL - 2023-11-24 04:32:15 --> Array to string conversion
in APPPATH\Views\pengurus\v_pengurus.php on line 55.
 1 APPPATH\Views\pengurus\v_pengurus.php(55): CodeIgniter\Debug\Exceptions->errorHandler(2, 'Array to string conversion', 'D:\\STMIK-Jayanusa\\SEMESTER 5\\Pemrograman WEB 2\\Project\\LatihanCI_Masjid\\app\\Views\\pengurus\\v_pengurus.php', 55)
 2 SYSTEMPATH\View\View.php(226): include('D:\\STMIK-Jayanusa\\SEMESTER 5\\Pemrograman WEB 2\\Project\\LatihanCI_Masjid\\app\\Views\\pengurus\\v_pengurus.php')
 3 SYSTEMPATH\View\View.php(229): CodeIgniter\View\View->CodeIgniter\View\{closure}()
 4 SYSTEMPATH\Common.php(1188): CodeIgniter\View\View->render('pengurus/v_pengurus', [], true)
 5 APPPATH\Controllers\Pengurus.php(13): view('pengurus/v_pengurus', [...])
 6 SYSTEMPATH\CodeIgniter.php(919): App\Controllers\Pengurus->index()
 7 SYSTEMPATH\CodeIgniter.php(494): CodeIgniter\CodeIgniter->runController(Object(App\Controllers\Pengurus))
 8 SYSTEMPATH\CodeIgniter.php(353): CodeIgniter\CodeIgniter->handleRequest(null, Object(Config\Cache), false)
 9 FCPATH\index.php(79): CodeIgniter\CodeIgniter->run()
10 SYSTEMPATH\Commands\Server\rewrite.php(47): require_once('D:\\STMIK-Jayanusa\\SEMESTER 5\\Pemrograman WEB 2\\Project\\LatihanCI_Masjid\\public\\index.php')
CRITICAL - 2023-11-24 04:32:16 --> Array to string conversion
in APPPATH\Views\pengurus\v_pengurus.php on line 55.
 1 APPPATH\Views\pengurus\v_pengurus.php(55): CodeIgniter\Debug\Exceptions->errorHandler(2, 'Array to string conversion', 'D:\\STMIK-Jayanusa\\SEMESTER 5\\Pemrograman WEB 2\\Project\\LatihanCI_Masjid\\app\\Views\\pengurus\\v_pengurus.php', 55)
 2 SYSTEMPATH\View\View.php(226): include('D:\\STMIK-Jayanusa\\SEMESTER 5\\Pemrograman WEB 2\\Project\\LatihanCI_Masjid\\app\\Views\\pengurus\\v_pengurus.php')
 3 SYSTEMPATH\View\View.php(229): CodeIgniter\View\View->CodeIgniter\View\{closure}()
 4 SYSTEMPATH\Common.php(1188): CodeIgniter\View\View->render('pengurus/v_pengurus', [], true)
 5 APPPATH\Controllers\Pengurus.php(13): view('pengurus/v_pengurus', [...])
 6 SYSTEMPATH\CodeIgniter.php(919): App\Controllers\Pengurus->index()
 7 SYSTEMPATH\CodeIgniter.php(494): CodeIgniter\CodeIgniter->runController(Object(App\Controllers\Pengurus))
 8 SYSTEMPATH\CodeIgniter.php(353): CodeIgniter\CodeIgniter->handleRequest(null, Object(Config\Cache), false)
 9 FCPATH\index.php(79): CodeIgniter\CodeIgniter->run()
10 SYSTEMPATH\Commands\Server\rewrite.php(47): require_once('D:\\STMIK-Jayanusa\\SEMESTER 5\\Pemrograman WEB 2\\Project\\LatihanCI_Masjid\\public\\index.php')
CRITICAL - 2023-11-24 04:32:37 --> Array to string conversion
in APPPATH\Views\pengurus\v_pengurus.php on line 55.
 1 APPPATH\Views\pengurus\v_pengurus.php(55): CodeIgniter\Debug\Exceptions->errorHandler(2, 'Array to string conversion', 'D:\\STMIK-Jayanusa\\SEMESTER 5\\Pemrograman WEB 2\\Project\\LatihanCI_Masjid\\app\\Views\\pengurus\\v_pengurus.php', 55)
 2 SYSTEMPATH\View\View.php(226): include('D:\\STMIK-Jayanusa\\SEMESTER 5\\Pemrograman WEB 2\\Project\\LatihanCI_Masjid\\app\\Views\\pengurus\\v_pengurus.php')
 3 SYSTEMPATH\View\View.php(229): CodeIgniter\View\View->CodeIgniter\View\{closure}()
 4 SYSTEMPATH\Common.php(1188): CodeIgniter\View\View->render('pengurus/v_pengurus', [], true)
 5 APPPATH\Controllers\Pengurus.php(13): view('pengurus/v_pengurus', [...])
 6 SYSTEMPATH\CodeIgniter.php(919): App\Controllers\Pengurus->index()
 7 SYSTEMPATH\CodeIgniter.php(494): CodeIgniter\CodeIgniter->runController(Object(App\Controllers\Pengurus))
 8 SYSTEMPATH\CodeIgniter.php(353): CodeIgniter\CodeIgniter->handleRequest(null, Object(Config\Cache), false)
 9 FCPATH\index.php(79): CodeIgniter\CodeIgniter->run()
10 SYSTEMPATH\Commands\Server\rewrite.php(47): require_once('D:\\STMIK-Jayanusa\\SEMESTER 5\\Pemrograman WEB 2\\Project\\LatihanCI_Masjid\\public\\index.php')
CRITICAL - 2023-11-24 04:33:23 --> Array to string conversion
in APPPATH\Views\pengurus\v_pengurus.php on line 55.
 1 APPPATH\Views\pengurus\v_pengurus.php(55): CodeIgniter\Debug\Exceptions->errorHandler(2, 'Array to string conversion', 'D:\\STMIK-Jayanusa\\SEMESTER 5\\Pemrograman WEB 2\\Project\\LatihanCI_Masjid\\app\\Views\\pengurus\\v_pengurus.php', 55)
 2 SYSTEMPATH\View\View.php(226): include('D:\\STMIK-Jayanusa\\SEMESTER 5\\Pemrograman WEB 2\\Project\\LatihanCI_Masjid\\app\\Views\\pengurus\\v_pengurus.php')
 3 SYSTEMPATH\View\View.php(229): CodeIgniter\View\View->CodeIgniter\View\{closure}()
 4 SYSTEMPATH\Common.php(1188): CodeIgniter\View\View->render('pengurus/v_pengurus', [], true)
 5 APPPATH\Controllers\Pengurus.php(13): view('pengurus/v_pengurus', [...])
 6 SYSTEMPATH\CodeIgniter.php(919): App\Controllers\Pengurus->index()
 7 SYSTEMPATH\CodeIgniter.php(494): CodeIgniter\CodeIgniter->runController(Object(App\Controllers\Pengurus))
 8 SYSTEMPATH\CodeIgniter.php(353): CodeIgniter\CodeIgniter->handleRequest(null, Object(Config\Cache), false)
 9 FCPATH\index.php(79): CodeIgniter\CodeIgniter->run()
10 SYSTEMPATH\Commands\Server\rewrite.php(47): require_once('D:\\STMIK-Jayanusa\\SEMESTER 5\\Pemrograman WEB 2\\Project\\LatihanCI_Masjid\\public\\index.php')
CRITICAL - 2023-11-24 04:37:46 --> Array to string conversion
in APPPATH\Views\pengurus\v_pengurus.php on line 55.
 1 APPPATH\Views\pengurus\v_pengurus.php(55): CodeIgniter\Debug\Exceptions->errorHandler(2, 'Array to string conversion', 'D:\\STMIK-Jayanusa\\SEMESTER 5\\Pemrograman WEB 2\\Project\\LatihanCI_Masjid\\app\\Views\\pengurus\\v_pengurus.php', 55)
 2 SYSTEMPATH\View\View.php(226): include('D:\\STMIK-Jayanusa\\SEMESTER 5\\Pemrograman WEB 2\\Project\\LatihanCI_Masjid\\app\\Views\\pengurus\\v_pengurus.php')
 3 SYSTEMPATH\View\View.php(229): CodeIgniter\View\View->CodeIgniter\View\{closure}()
 4 SYSTEMPATH\Common.php(1188): CodeIgniter\View\View->render('pengurus/v_pengurus', [], true)
 5 APPPATH\Controllers\Pengurus.php(13): view('pengurus/v_pengurus', [...])
 6 SYSTEMPATH\CodeIgniter.php(919): App\Controllers\Pengurus->index()
 7 SYSTEMPATH\CodeIgniter.php(494): CodeIgniter\CodeIgniter->runController(Object(App\Controllers\Pengurus))
 8 SYSTEMPATH\CodeIgniter.php(353): CodeIgniter\CodeIgniter->handleRequest(null, Object(Config\Cache), false)
 9 FCPATH\index.php(79): CodeIgniter\CodeIgniter->run()
10 SYSTEMPATH\Commands\Server\rewrite.php(47): require_once('D:\\STMIK-Jayanusa\\SEMESTER 5\\Pemrograman WEB 2\\Project\\LatihanCI_Masjid\\public\\index.php')
CRITICAL - 2023-11-24 04:37:47 --> Array to string conversion
in APPPATH\Views\pengurus\v_pengurus.php on line 55.
 1 APPPATH\Views\pengurus\v_pengurus.php(55): CodeIgniter\Debug\Exceptions->errorHandler(2, 'Array to string conversion', 'D:\\STMIK-Jayanusa\\SEMESTER 5\\Pemrograman WEB 2\\Project\\LatihanCI_Masjid\\app\\Views\\pengurus\\v_pengurus.php', 55)
 2 SYSTEMPATH\View\View.php(226): include('D:\\STMIK-Jayanusa\\SEMESTER 5\\Pemrograman WEB 2\\Project\\LatihanCI_Masjid\\app\\Views\\pengurus\\v_pengurus.php')
 3 SYSTEMPATH\View\View.php(229): CodeIgniter\View\View->CodeIgniter\View\{closure}()
 4 SYSTEMPATH\Common.php(1188): CodeIgniter\View\View->render('pengurus/v_pengurus', [], true)
 5 APPPATH\Controllers\Pengurus.php(13): view('pengurus/v_pengurus', [...])
 6 SYSTEMPATH\CodeIgniter.php(919): App\Controllers\Pengurus->index()
 7 SYSTEMPATH\CodeIgniter.php(494): CodeIgniter\CodeIgniter->runController(Object(App\Controllers\Pengurus))
 8 SYSTEMPATH\CodeIgniter.php(353): CodeIgniter\CodeIgniter->handleRequest(null, Object(Config\Cache), false)
 9 FCPATH\index.php(79): CodeIgniter\CodeIgniter->run()
10 SYSTEMPATH\Commands\Server\rewrite.php(47): require_once('D:\\STMIK-Jayanusa\\SEMESTER 5\\Pemrograman WEB 2\\Project\\LatihanCI_Masjid\\public\\index.php')
CRITICAL - 2023-11-24 04:38:34 --> Array to string conversion
in APPPATH\Views\pengurus\v_pengurus.php on line 55.
 1 APPPATH\Views\pengurus\v_pengurus.php(55): CodeIgniter\Debug\Exceptions->errorHandler(2, 'Array to string conversion', 'D:\\STMIK-Jayanusa\\SEMESTER 5\\Pemrograman WEB 2\\Project\\LatihanCI_Masjid\\app\\Views\\pengurus\\v_pengurus.php', 55)
 2 SYSTEMPATH\View\View.php(226): include('D:\\STMIK-Jayanusa\\SEMESTER 5\\Pemrograman WEB 2\\Project\\LatihanCI_Masjid\\app\\Views\\pengurus\\v_pengurus.php')
 3 SYSTEMPATH\View\View.php(229): CodeIgniter\View\View->CodeIgniter\View\{closure}()
 4 SYSTEMPATH\Common.php(1188): CodeIgniter\View\View->render('pengurus/v_pengurus', [], true)
 5 APPPATH\Controllers\Pengurus.php(13): view('pengurus/v_pengurus', [...])
 6 SYSTEMPATH\CodeIgniter.php(919): App\Controllers\Pengurus->index()
 7 SYSTEMPATH\CodeIgniter.php(494): CodeIgniter\CodeIgniter->runController(Object(App\Controllers\Pengurus))
 8 SYSTEMPATH\CodeIgniter.php(353): CodeIgniter\CodeIgniter->handleRequest(null, Object(Config\Cache), false)
 9 FCPATH\index.php(79): CodeIgniter\CodeIgniter->run()
10 SYSTEMPATH\Commands\Server\rewrite.php(47): require_once('D:\\STMIK-Jayanusa\\SEMESTER 5\\Pemrograman WEB 2\\Project\\LatihanCI_Masjid\\public\\index.php')
CRITICAL - 2023-11-24 04:38:44 --> Array to string conversion
in APPPATH\Views\pengurus\v_pengurus.php on line 55.
 1 APPPATH\Views\pengurus\v_pengurus.php(55): CodeIgniter\Debug\Exceptions->errorHandler(2, 'Array to string conversion', 'D:\\STMIK-Jayanusa\\SEMESTER 5\\Pemrograman WEB 2\\Project\\LatihanCI_Masjid\\app\\Views\\pengurus\\v_pengurus.php', 55)
 2 SYSTEMPATH\View\View.php(226): include('D:\\STMIK-Jayanusa\\SEMESTER 5\\Pemrograman WEB 2\\Project\\LatihanCI_Masjid\\app\\Views\\pengurus\\v_pengurus.php')
 3 SYSTEMPATH\View\View.php(229): CodeIgniter\View\View->CodeIgniter\View\{closure}()
 4 SYSTEMPATH\Common.php(1188): CodeIgniter\View\View->render('pengurus/v_pengurus', [], true)
 5 APPPATH\Controllers\Pengurus.php(13): view('pengurus/v_pengurus', [...])
 6 SYSTEMPATH\CodeIgniter.php(919): App\Controllers\Pengurus->index()
 7 SYSTEMPATH\CodeIgniter.php(494): CodeIgniter\CodeIgniter->runController(Object(App\Controllers\Pengurus))
 8 SYSTEMPATH\CodeIgniter.php(353): CodeIgniter\CodeIgniter->handleRequest(null, Object(Config\Cache), false)
 9 FCPATH\index.php(79): CodeIgniter\CodeIgniter->run()
10 SYSTEMPATH\Commands\Server\rewrite.php(47): require_once('D:\\STMIK-Jayanusa\\SEMESTER 5\\Pemrograman WEB 2\\Project\\LatihanCI_Masjid\\public\\index.php')
CRITICAL - 2023-11-24 04:39:03 --> Array to string conversion
in APPPATH\Views\pengurus\v_pengurus.php on line 55.
 1 APPPATH\Views\pengurus\v_pengurus.php(55): CodeIgniter\Debug\Exceptions->errorHandler(2, 'Array to string conversion', 'D:\\STMIK-Jayanusa\\SEMESTER 5\\Pemrograman WEB 2\\Project\\LatihanCI_Masjid\\app\\Views\\pengurus\\v_pengurus.php', 55)
 2 SYSTEMPATH\View\View.php(226): include('D:\\STMIK-Jayanusa\\SEMESTER 5\\Pemrograman WEB 2\\Project\\LatihanCI_Masjid\\app\\Views\\pengurus\\v_pengurus.php')
 3 SYSTEMPATH\View\View.php(229): CodeIgniter\View\View->CodeIgniter\View\{closure}()
 4 SYSTEMPATH\Common.php(1188): CodeIgniter\View\View->render('pengurus/v_pengurus', [], true)
 5 APPPATH\Controllers\Pengurus.php(13): view('pengurus/v_pengurus', [...])
 6 SYSTEMPATH\CodeIgniter.php(919): App\Controllers\Pengurus->index()
 7 SYSTEMPATH\CodeIgniter.php(494): CodeIgniter\CodeIgniter->runController(Object(App\Controllers\Pengurus))
 8 SYSTEMPATH\CodeIgniter.php(353): CodeIgniter\CodeIgniter->handleRequest(null, Object(Config\Cache), false)
 9 FCPATH\index.php(79): CodeIgniter\CodeIgniter->run()
10 SYSTEMPATH\Commands\Server\rewrite.php(47): require_once('D:\\STMIK-Jayanusa\\SEMESTER 5\\Pemrograman WEB 2\\Project\\LatihanCI_Masjid\\public\\index.php')
CRITICAL - 2023-11-24 04:39:21 --> Array to string conversion
in APPPATH\Views\pengurus\v_pengurus.php on line 55.
 1 APPPATH\Views\pengurus\v_pengurus.php(55): CodeIgniter\Debug\Exceptions->errorHandler(2, 'Array to string conversion', 'D:\\STMIK-Jayanusa\\SEMESTER 5\\Pemrograman WEB 2\\Project\\LatihanCI_Masjid\\app\\Views\\pengurus\\v_pengurus.php', 55)
 2 SYSTEMPATH\View\View.php(226): include('D:\\STMIK-Jayanusa\\SEMESTER 5\\Pemrograman WEB 2\\Project\\LatihanCI_Masjid\\app\\Views\\pengurus\\v_pengurus.php')
 3 SYSTEMPATH\View\View.php(229): CodeIgniter\View\View->CodeIgniter\View\{closure}()
 4 SYSTEMPATH\Common.php(1188): CodeIgniter\View\View->render('pengurus/v_pengurus', [], true)
 5 APPPATH\Controllers\Pengurus.php(13): view('pengurus/v_pengurus', [...])
 6 SYSTEMPATH\CodeIgniter.php(919): App\Controllers\Pengurus->index()
 7 SYSTEMPATH\CodeIgniter.php(494): CodeIgniter\CodeIgniter->runController(Object(App\Controllers\Pengurus))
 8 SYSTEMPATH\CodeIgniter.php(353): CodeIgniter\CodeIgniter->handleRequest(null, Object(Config\Cache), false)
 9 FCPATH\index.php(79): CodeIgniter\CodeIgniter->run()
10 SYSTEMPATH\Commands\Server\rewrite.php(47): require_once('D:\\STMIK-Jayanusa\\SEMESTER 5\\Pemrograman WEB 2\\Project\\LatihanCI_Masjid\\public\\index.php')
CRITICAL - 2023-11-24 04:39:26 --> Undefined variable $pengurus
in APPPATH\Views\pengurus\v_pengurus.php on line 45.
 1 APPPATH\Views\pengurus\v_pengurus.php(45): CodeIgniter\Debug\Exceptions->errorHandler(2, 'Undefined variable $pengurus', 'D:\\STMIK-Jayanusa\\SEMESTER 5\\Pemrograman WEB 2\\Project\\LatihanCI_Masjid\\app\\Views\\pengurus\\v_pengurus.php', 45)
 2 SYSTEMPATH\View\View.php(226): include('D:\\STMIK-Jayanusa\\SEMESTER 5\\Pemrograman WEB 2\\Project\\LatihanCI_Masjid\\app\\Views\\pengurus\\v_pengurus.php')
 3 SYSTEMPATH\View\View.php(229): CodeIgniter\View\View->CodeIgniter\View\{closure}()
 4 SYSTEMPATH\Common.php(1188): CodeIgniter\View\View->render('pengurus/v_pengurus', [], true)
 5 APPPATH\Controllers\Layout.php(9): view('pengurus/v_pengurus')
 6 SYSTEMPATH\CodeIgniter.php(919): App\Controllers\Layout->index()
 7 SYSTEMPATH\CodeIgniter.php(494): CodeIgniter\CodeIgniter->runController(Object(App\Controllers\Layout))
 8 SYSTEMPATH\CodeIgniter.php(353): CodeIgniter\CodeIgniter->handleRequest(null, Object(Config\Cache), false)
 9 FCPATH\index.php(79): CodeIgniter\CodeIgniter->run()
10 SYSTEMPATH\Commands\Server\rewrite.php(47): require_once('D:\\STMIK-Jayanusa\\SEMESTER 5\\Pemrograman WEB 2\\Project\\LatihanCI_Masjid\\public\\index.php')
CRITICAL - 2023-11-24 04:42:09 --> Array to string conversion
in APPPATH\Views\pengurus\v_pengurus.php on line 55.
 1 APPPATH\Views\pengurus\v_pengurus.php(55): CodeIgniter\Debug\Exceptions->errorHandler(2, 'Array to string conversion', 'D:\\STMIK-Jayanusa\\SEMESTER 5\\Pemrograman WEB 2\\Project\\LatihanCI_Masjid\\app\\Views\\pengurus\\v_pengurus.php', 55)
 2 SYSTEMPATH\View\View.php(226): include('D:\\STMIK-Jayanusa\\SEMESTER 5\\Pemrograman WEB 2\\Project\\LatihanCI_Masjid\\app\\Views\\pengurus\\v_pengurus.php')
 3 SYSTEMPATH\View\View.php(229): CodeIgniter\View\View->CodeIgniter\View\{closure}()
 4 SYSTEMPATH\Common.php(1188): CodeIgniter\View\View->render('pengurus/v_pengurus', [], true)
 5 APPPATH\Controllers\Pengurus.php(13): view('pengurus/v_pengurus', [...])
 6 SYSTEMPATH\CodeIgniter.php(919): App\Controllers\Pengurus->index()
 7 SYSTEMPATH\CodeIgniter.php(494): CodeIgniter\CodeIgniter->runController(Object(App\Controllers\Pengurus))
 8 SYSTEMPATH\CodeIgniter.php(353): CodeIgniter\CodeIgniter->handleRequest(null, Object(Config\Cache), false)
 9 FCPATH\index.php(79): CodeIgniter\CodeIgniter->run()
10 SYSTEMPATH\Commands\Server\rewrite.php(47): require_once('D:\\STMIK-Jayanusa\\SEMESTER 5\\Pemrograman WEB 2\\Project\\LatihanCI_Masjid\\public\\index.php')
CRITICAL - 2023-11-24 04:48:41 --> Array to string conversion
in APPPATH\Views\pengurus\v_pengurus.php on line 55.
 1 APPPATH\Views\pengurus\v_pengurus.php(55): CodeIgniter\Debug\Exceptions->errorHandler(2, 'Array to string conversion', 'D:\\STMIK-Jayanusa\\SEMESTER 5\\Pemrograman WEB 2\\Project\\LatihanCI_Masjid\\app\\Views\\pengurus\\v_pengurus.php', 55)
 2 SYSTEMPATH\View\View.php(226): include('D:\\STMIK-Jayanusa\\SEMESTER 5\\Pemrograman WEB 2\\Project\\LatihanCI_Masjid\\app\\Views\\pengurus\\v_pengurus.php')
 3 SYSTEMPATH\View\View.php(229): CodeIgniter\View\View->CodeIgniter\View\{closure}()
 4 SYSTEMPATH\Common.php(1188): CodeIgniter\View\View->render('pengurus/v_pengurus', [], true)
 5 APPPATH\Controllers\Pengurus.php(17): view('pengurus/v_pengurus', [...])
 6 SYSTEMPATH\CodeIgniter.php(919): App\Controllers\Pengurus->index()
 7 SYSTEMPATH\CodeIgniter.php(494): CodeIgniter\CodeIgniter->runController(Object(App\Controllers\Pengurus))
 8 SYSTEMPATH\CodeIgniter.php(353): CodeIgniter\CodeIgniter->handleRequest(null, Object(Config\Cache), false)
 9 FCPATH\index.php(79): CodeIgniter\CodeIgniter->run()
10 SYSTEMPATH\Commands\Server\rewrite.php(47): require_once('D:\\STMIK-Jayanusa\\SEMESTER 5\\Pemrograman WEB 2\\Project\\LatihanCI_Masjid\\public\\index.php')
CRITICAL - 2023-11-24 04:51:58 --> Array to string conversion
in APPPATH\Views\pengurus\v_pengurus.php on line 55.
 1 APPPATH\Views\pengurus\v_pengurus.php(55): CodeIgniter\Debug\Exceptions->errorHandler(2, 'Array to string conversion', 'D:\\STMIK-Jayanusa\\SEMESTER 5\\Pemrograman WEB 2\\Project\\LatihanCI_Masjid\\app\\Views\\pengurus\\v_pengurus.php', 55)
 2 SYSTEMPATH\View\View.php(226): include('D:\\STMIK-Jayanusa\\SEMESTER 5\\Pemrograman WEB 2\\Project\\LatihanCI_Masjid\\app\\Views\\pengurus\\v_pengurus.php')
 3 SYSTEMPATH\View\View.php(229): CodeIgniter\View\View->CodeIgniter\View\{closure}()
 4 SYSTEMPATH\Common.php(1188): CodeIgniter\View\View->render('pengurus/v_pengurus', [], true)
 5 APPPATH\Controllers\Pengurus.php(17): view('pengurus/v_pengurus', [...])
 6 SYSTEMPATH\CodeIgniter.php(919): App\Controllers\Pengurus->index()
 7 SYSTEMPATH\CodeIgniter.php(494): CodeIgniter\CodeIgniter->runController(Object(App\Controllers\Pengurus))
 8 SYSTEMPATH\CodeIgniter.php(353): CodeIgniter\CodeIgniter->handleRequest(null, Object(Config\Cache), false)
 9 FCPATH\index.php(79): CodeIgniter\CodeIgniter->run()
10 SYSTEMPATH\Commands\Server\rewrite.php(47): require_once('D:\\STMIK-Jayanusa\\SEMESTER 5\\Pemrograman WEB 2\\Project\\LatihanCI_Masjid\\public\\index.php')
CRITICAL - 2023-11-24 11:11:32 --> Array to string conversion
in APPPATH\Views\pengurus\v_pengurus.php on line 55.
 1 APPPATH\Views\pengurus\v_pengurus.php(55): CodeIgniter\Debug\Exceptions->errorHandler(2, 'Array to string conversion', 'D:\\STMIK-Jayanusa\\SEMESTER 5\\Pemrograman WEB 2\\Project\\LatihanCI_Masjid\\app\\Views\\pengurus\\v_pengurus.php', 55)
 2 SYSTEMPATH\View\View.php(226): include('D:\\STMIK-Jayanusa\\SEMESTER 5\\Pemrograman WEB 2\\Project\\LatihanCI_Masjid\\app\\Views\\pengurus\\v_pengurus.php')
 3 SYSTEMPATH\View\View.php(229): CodeIgniter\View\View->CodeIgniter\View\{closure}()
 4 SYSTEMPATH\Common.php(1188): CodeIgniter\View\View->render('pengurus/v_pengurus', [], true)
 5 APPPATH\Controllers\Pengurus.php(17): view('pengurus/v_pengurus', [...])
 6 SYSTEMPATH\CodeIgniter.php(919): App\Controllers\Pengurus->index()
 7 SYSTEMPATH\CodeIgniter.php(494): CodeIgniter\CodeIgniter->runController(Object(App\Controllers\Pengurus))
 8 SYSTEMPATH\CodeIgniter.php(353): CodeIgniter\CodeIgniter->handleRequest(null, Object(Config\Cache), false)
 9 FCPATH\index.php(79): CodeIgniter\CodeIgniter->run()
10 SYSTEMPATH\Commands\Server\rewrite.php(47): require_once('D:\\STMIK-Jayanusa\\SEMESTER 5\\Pemrograman WEB 2\\Project\\LatihanCI_Masjid\\public\\index.php')
CRITICAL - 2023-11-24 11:11:40 --> Array to string conversion
in APPPATH\Views\pengurus\v_pengurus.php on line 55.
 1 APPPATH\Views\pengurus\v_pengurus.php(55): CodeIgniter\Debug\Exceptions->errorHandler(2, 'Array to string conversion', 'D:\\STMIK-Jayanusa\\SEMESTER 5\\Pemrograman WEB 2\\Project\\LatihanCI_Masjid\\app\\Views\\pengurus\\v_pengurus.php', 55)
 2 SYSTEMPATH\View\View.php(226): include('D:\\STMIK-Jayanusa\\SEMESTER 5\\Pemrograman WEB 2\\Project\\LatihanCI_Masjid\\app\\Views\\pengurus\\v_pengurus.php')
 3 SYSTEMPATH\View\View.php(229): CodeIgniter\View\View->CodeIgniter\View\{closure}()
 4 SYSTEMPATH\Common.php(1188): CodeIgniter\View\View->render('pengurus/v_pengurus', [], true)
 5 APPPATH\Controllers\Pengurus.php(17): view('pengurus/v_pengurus', [...])
 6 SYSTEMPATH\CodeIgniter.php(919): App\Controllers\Pengurus->index()
 7 SYSTEMPATH\CodeIgniter.php(494): CodeIgniter\CodeIgniter->runController(Object(App\Controllers\Pengurus))
 8 SYSTEMPATH\CodeIgniter.php(353): CodeIgniter\CodeIgniter->handleRequest(null, Object(Config\Cache), false)
 9 FCPATH\index.php(79): CodeIgniter\CodeIgniter->run()
10 SYSTEMPATH\Commands\Server\rewrite.php(47): require_once('D:\\STMIK-Jayanusa\\SEMESTER 5\\Pemrograman WEB 2\\Project\\LatihanCI_Masjid\\public\\index.php')
CRITICAL - 2023-11-24 11:41:24 --> Array to string conversion
in APPPATH\Views\pengurus\v_pengurus.php on line 55.
 1 APPPATH\Views\pengurus\v_pengurus.php(55): CodeIgniter\Debug\Exceptions->errorHandler(2, 'Array to string conversion', 'D:\\STMIK-Jayanusa\\SEMESTER 5\\Pemrograman WEB 2\\Project\\LatihanCI_Masjid\\app\\Views\\pengurus\\v_pengurus.php', 55)
 2 SYSTEMPATH\View\View.php(226): include('D:\\STMIK-Jayanusa\\SEMESTER 5\\Pemrograman WEB 2\\Project\\LatihanCI_Masjid\\app\\Views\\pengurus\\v_pengurus.php')
 3 SYSTEMPATH\View\View.php(229): CodeIgniter\View\View->CodeIgniter\View\{closure}()
 4 SYSTEMPATH\Common.php(1188): CodeIgniter\View\View->render('pengurus/v_pengurus', [], true)
 5 APPPATH\Controllers\Pengurus.php(13): view('pengurus/v_pengurus', [...])
 6 SYSTEMPATH\CodeIgniter.php(919): App\Controllers\Pengurus->index()
 7 SYSTEMPATH\CodeIgniter.php(494): CodeIgniter\CodeIgniter->runController(Object(App\Controllers\Pengurus))
 8 SYSTEMPATH\CodeIgniter.php(353): CodeIgniter\CodeIgniter->handleRequest(null, Object(Config\Cache), false)
 9 FCPATH\index.php(79): CodeIgniter\CodeIgniter->run()
10 SYSTEMPATH\Commands\Server\rewrite.php(47): require_once('D:\\STMIK-Jayanusa\\SEMESTER 5\\Pemrograman WEB 2\\Project\\LatihanCI_Masjid\\public\\index.php')
CRITICAL - 2023-11-24 11:45:04 --> You must set the database table to be used with your query.
in SYSTEMPATH\Database\BaseConnection.php on line 883.
 1 SYSTEMPATH\Model.php(635): CodeIgniter\Database\BaseConnection->table(null)
 2 SYSTEMPATH\Model.php(863): CodeIgniter\Model->builder()
 3 APPPATH\Controllers\Pengurus.php(34): CodeIgniter\Model->__call('deletepengurus', [...])
 4 SYSTEMPATH\CodeIgniter.php(919): App\Controllers\Pengurus->delete()
 5 SYSTEMPATH\CodeIgniter.php(494): CodeIgniter\CodeIgniter->runController(Object(App\Controllers\Pengurus))
 6 SYSTEMPATH\CodeIgniter.php(353): CodeIgniter\CodeIgniter->handleRequest(null, Object(Config\Cache), false)
 7 FCPATH\index.php(79): CodeIgniter\CodeIgniter->run()
 8 SYSTEMPATH\Commands\Server\rewrite.php(47): require_once('D:\\STMIK-Jayanusa\\SEMESTER 5\\Pemrograman WEB 2\\Project\\LatihanCI_Masjid\\public\\index.php')
CRITICAL - 2023-11-24 11:48:57 --> Array to string conversion
in APPPATH\Views\pengurus\v_pengurus.php on line 57.
 1 APPPATH\Views\pengurus\v_pengurus.php(57): CodeIgniter\Debug\Exceptions->errorHandler(2, 'Array to string conversion', 'D:\\STMIK-Jayanusa\\SEMESTER 5\\Pemrograman WEB 2\\Project\\LatihanCI_Masjid\\app\\Views\\pengurus\\v_pengurus.php', 57)
 2 SYSTEMPATH\View\View.php(226): include('D:\\STMIK-Jayanusa\\SEMESTER 5\\Pemrograman WEB 2\\Project\\LatihanCI_Masjid\\app\\Views\\pengurus\\v_pengurus.php')
 3 SYSTEMPATH\View\View.php(229): CodeIgniter\View\View->CodeIgniter\View\{closure}()
 4 SYSTEMPATH\Common.php(1188): CodeIgniter\View\View->render('pengurus/v_pengurus', [], true)
 5 APPPATH\Controllers\Pengurus.php(11): view('pengurus/v_pengurus', [...])
 6 SYSTEMPATH\CodeIgniter.php(919): App\Controllers\Pengurus->index()
 7 SYSTEMPATH\CodeIgniter.php(494): CodeIgniter\CodeIgniter->runController(Object(App\Controllers\Pengurus))
 8 SYSTEMPATH\CodeIgniter.php(353): CodeIgniter\CodeIgniter->handleRequest(null, Object(Config\Cache), false)
 9 FCPATH\index.php(79): CodeIgniter\CodeIgniter->run()
10 SYSTEMPATH\Commands\Server\rewrite.php(47): require_once('D:\\STMIK-Jayanusa\\SEMESTER 5\\Pemrograman WEB 2\\Project\\LatihanCI_Masjid\\public\\index.php')
CRITICAL - 2023-11-24 11:51:36 --> Undefined array key "nohp"
in APPPATH\Views\pengurus\v_pengurus.php on line 59.
 1 APPPATH\Views\pengurus\v_pengurus.php(59): CodeIgniter\Debug\Exceptions->errorHandler(2, 'Undefined array key "nohp"', 'D:\\STMIK-Jayanusa\\SEMESTER 5\\Pemrograman WEB 2\\Project\\LatihanCI_Masjid\\app\\Views\\pengurus\\v_pengurus.php', 59)
 2 SYSTEMPATH\View\View.php(226): include('D:\\STMIK-Jayanusa\\SEMESTER 5\\Pemrograman WEB 2\\Project\\LatihanCI_Masjid\\app\\Views\\pengurus\\v_pengurus.php')
 3 SYSTEMPATH\View\View.php(229): CodeIgniter\View\View->CodeIgniter\View\{closure}()
 4 SYSTEMPATH\Common.php(1188): CodeIgniter\View\View->render('pengurus/v_pengurus', [], true)
 5 APPPATH\Controllers\Pengurus.php(11): view('pengurus/v_pengurus', [...])
 6 SYSTEMPATH\CodeIgniter.php(919): App\Controllers\Pengurus->index()
 7 SYSTEMPATH\CodeIgniter.php(494): CodeIgniter\CodeIgniter->runController(Object(App\Controllers\Pengurus))
 8 SYSTEMPATH\CodeIgniter.php(353): CodeIgniter\CodeIgniter->handleRequest(null, Object(Config\Cache), false)
 9 FCPATH\index.php(79): CodeIgniter\CodeIgniter->run()
10 SYSTEMPATH\Commands\Server\rewrite.php(47): require_once('D:\\STMIK-Jayanusa\\SEMESTER 5\\Pemrograman WEB 2\\Project\\LatihanCI_Masjid\\public\\index.php')
CRITICAL - 2023-11-24 11:51:37 --> Undefined array key "nohp"
in APPPATH\Views\pengurus\v_pengurus.php on line 59.
 1 APPPATH\Views\pengurus\v_pengurus.php(59): CodeIgniter\Debug\Exceptions->errorHandler(2, 'Undefined array key "nohp"', 'D:\\STMIK-Jayanusa\\SEMESTER 5\\Pemrograman WEB 2\\Project\\LatihanCI_Masjid\\app\\Views\\pengurus\\v_pengurus.php', 59)
 2 SYSTEMPATH\View\View.php(226): include('D:\\STMIK-Jayanusa\\SEMESTER 5\\Pemrograman WEB 2\\Project\\LatihanCI_Masjid\\app\\Views\\pengurus\\v_pengurus.php')
 3 SYSTEMPATH\View\View.php(229): CodeIgniter\View\View->CodeIgniter\View\{closure}()
 4 SYSTEMPATH\Common.php(1188): CodeIgniter\View\View->render('pengurus/v_pengurus', [], true)
 5 APPPATH\Controllers\Pengurus.php(11): view('pengurus/v_pengurus', [...])
 6 SYSTEMPATH\CodeIgniter.php(919): App\Controllers\Pengurus->index()
 7 SYSTEMPATH\CodeIgniter.php(494): CodeIgniter\CodeIgniter->runController(Object(App\Controllers\Pengurus))
 8 SYSTEMPATH\CodeIgniter.php(353): CodeIgniter\CodeIgniter->handleRequest(null, Object(Config\Cache), false)
 9 FCPATH\index.php(79): CodeIgniter\CodeIgniter->run()
10 SYSTEMPATH\Commands\Server\rewrite.php(47): require_once('D:\\STMIK-Jayanusa\\SEMESTER 5\\Pemrograman WEB 2\\Project\\LatihanCI_Masjid\\public\\index.php')
CRITICAL - 2023-11-24 11:53:16 --> Array to string conversion
in APPPATH\Views\pengurus\v_pengurus.php on line 58.
 1 APPPATH\Views\pengurus\v_pengurus.php(58): CodeIgniter\Debug\Exceptions->errorHandler(2, 'Array to string conversion', 'D:\\STMIK-Jayanusa\\SEMESTER 5\\Pemrograman WEB 2\\Project\\LatihanCI_Masjid\\app\\Views\\pengurus\\v_pengurus.php', 58)
 2 SYSTEMPATH\View\View.php(226): include('D:\\STMIK-Jayanusa\\SEMESTER 5\\Pemrograman WEB 2\\Project\\LatihanCI_Masjid\\app\\Views\\pengurus\\v_pengurus.php')
 3 SYSTEMPATH\View\View.php(229): CodeIgniter\View\View->CodeIgniter\View\{closure}()
 4 SYSTEMPATH\Common.php(1188): CodeIgniter\View\View->render('pengurus/v_pengurus', [], true)
 5 APPPATH\Controllers\Pengurus.php(11): view('pengurus/v_pengurus', [...])
 6 SYSTEMPATH\CodeIgniter.php(919): App\Controllers\Pengurus->index()
 7 SYSTEMPATH\CodeIgniter.php(494): CodeIgniter\CodeIgniter->runController(Object(App\Controllers\Pengurus))
 8 SYSTEMPATH\CodeIgniter.php(353): CodeIgniter\CodeIgniter->handleRequest(null, Object(Config\Cache), false)
 9 FCPATH\index.php(79): CodeIgniter\CodeIgniter->run()
10 SYSTEMPATH\Commands\Server\rewrite.php(47): require_once('D:\\STMIK-Jayanusa\\SEMESTER 5\\Pemrograman WEB 2\\Project\\LatihanCI_Masjid\\public\\index.php')
CRITICAL - 2023-11-24 12:15:26 --> Class "App\Models\ModelUser" not found
in APPPATH\Controllers\User.php on line 9.
 1 SYSTEMPATH\CodeIgniter.php(919): App\Controllers\User->index()
 2 SYSTEMPATH\CodeIgniter.php(494): CodeIgniter\CodeIgniter->runController(Object(App\Controllers\User))
 3 SYSTEMPATH\CodeIgniter.php(353): CodeIgniter\CodeIgniter->handleRequest(null, Object(Config\Cache), false)
 4 FCPATH\index.php(79): CodeIgniter\CodeIgniter->run()
 5 SYSTEMPATH\Commands\Server\rewrite.php(47): require_once('D:\\STMIK-Jayanusa\\SEMESTER 5\\Pemrograman WEB 2\\Project\\LatihanCI_Masjid\\public\\index.php')
ERROR - 2023-11-24 12:31:35 --> mysqli_sql_exception: Unknown column 'jabatan' in 'field list' in D:\STMIK-Jayanusa\SEMESTER 5\Pemrograman WEB 2\Project\LatihanCI_Masjid\system\Database\MySQLi\Connection.php:306
Stack trace:
#0 D:\STMIK-Jayanusa\SEMESTER 5\Pemrograman WEB 2\Project\LatihanCI_Masjid\system\Database\MySQLi\Connection.php(306): mysqli->query('INSERT INTO `tb...', 0)
#1 D:\STMIK-Jayanusa\SEMESTER 5\Pemrograman WEB 2\Project\LatihanCI_Masjid\system\Database\BaseConnection.php(692): CodeIgniter\Database\MySQLi\Connection->execute('INSERT INTO `tb...')
#2 D:\STMIK-Jayanusa\SEMESTER 5\Pemrograman WEB 2\Project\LatihanCI_Masjid\system\Database\BaseConnection.php(606): CodeIgniter\Database\BaseConnection->simpleQuery('INSERT INTO `tb...')
#3 D:\STMIK-Jayanusa\SEMESTER 5\Pemrograman WEB 2\Project\LatihanCI_Masjid\system\Database\BaseBuilder.php(2308): CodeIgniter\Database\BaseConnection->query('INSERT INTO `tb...', Array, false)
#4 D:\STMIK-Jayanusa\SEMESTER 5\Pemrograman WEB 2\Project\LatihanCI_Masjid\app\Models\ModelUser.php(17): CodeIgniter\Database\BaseBuilder->insert(Array)
#5 D:\STMIK-Jayanusa\SEMESTER 5\Pemrograman WEB 2\Project\LatihanCI_Masjid\app\Controllers\User.php(37): App\Models\ModelUser->insertData(Array)
#6 D:\STMIK-Jayanusa\SEMESTER 5\Pemrograman WEB 2\Project\LatihanCI_Masjid\system\CodeIgniter.php(919): App\Controllers\User->save()
#7 D:\STMIK-Jayanusa\SEMESTER 5\Pemrograman WEB 2\Project\LatihanCI_Masjid\system\CodeIgniter.php(494): CodeIgniter\CodeIgniter->runController(Object(App\Controllers\User))
#8 D:\STMIK-Jayanusa\SEMESTER 5\Pemrograman WEB 2\Project\LatihanCI_Masjid\system\CodeIgniter.php(353): CodeIgniter\CodeIgniter->handleRequest(NULL, Object(Config\Cache), false)
#9 D:\STMIK-Jayanusa\SEMESTER 5\Pemrograman WEB 2\Project\LatihanCI_Masjid\public\index.php(79): CodeIgniter\CodeIgniter->run()
#10 D:\STMIK-Jayanusa\SEMESTER 5\Pemrograman WEB 2\Project\LatihanCI_Masjid\system\Commands\Server\rewrite.php(47): require_once('D:\\STMIK-Jayanu...')
#11 {main}
CRITICAL - 2023-11-24 12:31:35 --> Unknown column 'jabatan' in 'field list'
in SYSTEMPATH\Database\BaseConnection.php on line 646.
 1 SYSTEMPATH\Database\BaseBuilder.php(2308): CodeIgniter\Database\BaseConnection->query('INSERT INTO `tbl_user` (`id_user`, `nama_user`, `jabatan`, `alamat`, `no_hp`) VALUES (:id_user:, :nama_user:, :jabatan:, :alamat:, :no_hp:)', [...], false)
 2 APPPATH\Models\ModelUser.php(17): CodeIgniter\Database\BaseBuilder->insert([...])
 3 APPPATH\Controllers\User.php(37): App\Models\ModelUser->insertData([...])
 4 SYSTEMPATH\CodeIgniter.php(919): App\Controllers\User->save()
 5 SYSTEMPATH\CodeIgniter.php(494): CodeIgniter\CodeIgniter->runController(Object(App\Controllers\User))
 6 SYSTEMPATH\CodeIgniter.php(353): CodeIgniter\CodeIgniter->handleRequest(null, Object(Config\Cache), false)
 7 FCPATH\index.php(79): CodeIgniter\CodeIgniter->run()
 8 SYSTEMPATH\Commands\Server\rewrite.php(47): require_once('D:\\STMIK-Jayanusa\\SEMESTER 5\\Pemrograman WEB 2\\Project\\LatihanCI_Masjid\\public\\index.php')
