CRITICAL - 2023-11-27 07:16:25 --> Call to undefined method CodeIgniter\Router\RouteCollection::setAutoroutesute()
in APPPATH\Config\Routes.php on line 9.
 1 SYSTEMPATH\Router\RouteCollection.php(339): require()
 2 SYSTEMPATH\CodeIgniter.php(787): CodeIgniter\Router\RouteCollection->loadRoutes()
 3 SYSTEMPATH\CodeIgniter.php(442): CodeIgniter\CodeIgniter->tryToRouteIt(null)
 4 SYSTEMPATH\CodeIgniter.php(353): CodeIgniter\CodeIgniter->handleRequest(null, Object(Config\Cache), false)
 5 FCPATH\index.php(79): CodeIgniter\CodeIgniter->run()
 6 SYSTEMPATH\Commands\Server\rewrite.php(47): require_once('D:\\STMIK-Jayanusa\\SEMESTER 5\\Pemrograman WEB 2\\Project\\LatihanCI_Masjid\\public\\index.php')
CRITICAL - 2023-11-27 07:16:29 --> Call to undefined method CodeIgniter\Router\RouteCollection::setAutoroutesute()
in APPPATH\Config\Routes.php on line 9.
 1 SYSTEMPATH\Router\RouteCollection.php(339): require()
 2 SYSTEMPATH\CodeIgniter.php(787): CodeIgniter\Router\RouteCollection->loadRoutes()
 3 SYSTEMPATH\CodeIgniter.php(442): CodeIgniter\CodeIgniter->tryToRouteIt(null)
 4 SYSTEMPATH\CodeIgniter.php(353): CodeIgniter\CodeIgniter->handleRequest(null, Object(Config\Cache), false)
 5 FCPATH\index.php(79): CodeIgniter\CodeIgniter->run()
 6 SYSTEMPATH\Commands\Server\rewrite.php(47): require_once('D:\\STMIK-Jayanusa\\SEMESTER 5\\Pemrograman WEB 2\\Project\\LatihanCI_Masjid\\public\\index.php')
CRITICAL - 2023-11-27 07:16:31 --> Call to undefined method CodeIgniter\Router\RouteCollection::setAutoroutesute()
in APPPATH\Config\Routes.php on line 9.
 1 SYSTEMPATH\Router\RouteCollection.php(339): require()
 2 SYSTEMPATH\CodeIgniter.php(787): CodeIgniter\Router\RouteCollection->loadRoutes()
 3 SYSTEMPATH\CodeIgniter.php(442): CodeIgniter\CodeIgniter->tryToRouteIt(null)
 4 SYSTEMPATH\CodeIgniter.php(353): CodeIgniter\CodeIgniter->handleRequest(null, Object(Config\Cache), false)
 5 FCPATH\index.php(79): CodeIgniter\CodeIgniter->run()
 6 SYSTEMPATH\Commands\Server\rewrite.php(47): require_once('D:\\STMIK-Jayanusa\\SEMESTER 5\\Pemrograman WEB 2\\Project\\LatihanCI_Masjid\\public\\index.php')
CRITICAL - 2023-11-27 07:17:00 --> Call to undefined method CodeIgniter\Router\RouteCollection::setAutoroutesute()
in APPPATH\Config\Routes.php on line 9.
 1 SYSTEMPATH\Router\RouteCollection.php(339): require()
 2 SYSTEMPATH\CodeIgniter.php(787): CodeIgniter\Router\RouteCollection->loadRoutes()
 3 SYSTEMPATH\CodeIgniter.php(442): CodeIgniter\CodeIgniter->tryToRouteIt(null)
 4 SYSTEMPATH\CodeIgniter.php(353): CodeIgniter\CodeIgniter->handleRequest(null, Object(Config\Cache), false)
 5 FCPATH\index.php(79): CodeIgniter\CodeIgniter->run()
 6 SYSTEMPATH\Commands\Server\rewrite.php(47): require_once('D:\\STMIK-Jayanusa\\SEMESTER 5\\Pemrograman WEB 2\\Project\\LatihanCI_Masjid\\public\\index.php')
CRITICAL - 2023-11-27 07:17:01 --> Call to undefined method CodeIgniter\Router\RouteCollection::setAutoroutesute()
in APPPATH\Config\Routes.php on line 9.
 1 SYSTEMPATH\Router\RouteCollection.php(339): require()
 2 SYSTEMPATH\CodeIgniter.php(787): CodeIgniter\Router\RouteCollection->loadRoutes()
 3 SYSTEMPATH\CodeIgniter.php(442): CodeIgniter\CodeIgniter->tryToRouteIt(null)
 4 SYSTEMPATH\CodeIgniter.php(353): CodeIgniter\CodeIgniter->handleRequest(null, Object(Config\Cache), false)
 5 FCPATH\index.php(79): CodeIgniter\CodeIgniter->run()
 6 SYSTEMPATH\Commands\Server\rewrite.php(47): require_once('D:\\STMIK-Jayanusa\\SEMESTER 5\\Pemrograman WEB 2\\Project\\LatihanCI_Masjid\\public\\index.php')
CRITICAL - 2023-11-27 07:17:22 --> Call to undefined method CodeIgniter\Router\RouteCollection::setAutoroutesute()
in APPPATH\Config\Routes.php on line 9.
 1 SYSTEMPATH\Router\RouteCollection.php(339): require()
 2 SYSTEMPATH\CodeIgniter.php(787): CodeIgniter\Router\RouteCollection->loadRoutes()
 3 SYSTEMPATH\CodeIgniter.php(442): CodeIgniter\CodeIgniter->tryToRouteIt(null)
 4 SYSTEMPATH\CodeIgniter.php(353): CodeIgniter\CodeIgniter->handleRequest(null, Object(Config\Cache), false)
 5 FCPATH\index.php(79): CodeIgniter\CodeIgniter->run()
 6 SYSTEMPATH\Commands\Server\rewrite.php(47): require_once('D:\\STMIK-Jayanusa\\SEMESTER 5\\Pemrograman WEB 2\\Project\\LatihanCI_Masjid\\public\\index.php')
CRITICAL - 2023-11-27 07:17:26 --> Call to undefined method CodeIgniter\Router\RouteCollection::setAutoroutesute()
in APPPATH\Config\Routes.php on line 9.
 1 SYSTEMPATH\Router\RouteCollection.php(339): require()
 2 SYSTEMPATH\CodeIgniter.php(787): CodeIgniter\Router\RouteCollection->loadRoutes()
 3 SYSTEMPATH\CodeIgniter.php(442): CodeIgniter\CodeIgniter->tryToRouteIt(null)
 4 SYSTEMPATH\CodeIgniter.php(353): CodeIgniter\CodeIgniter->handleRequest(null, Object(Config\Cache), false)
 5 FCPATH\index.php(79): CodeIgniter\CodeIgniter->run()
 6 SYSTEMPATH\Commands\Server\rewrite.php(47): require_once('D:\\STMIK-Jayanusa\\SEMESTER 5\\Pemrograman WEB 2\\Project\\LatihanCI_Masjid\\public\\index.php')
CRITICAL - 2023-11-27 07:18:15 --> Call to undefined method CodeIgniter\Router\RouteCollection::setAutoroutesute()
in APPPATH\Config\Routes.php on line 9.
 1 SYSTEMPATH\Router\RouteCollection.php(339): require()
 2 SYSTEMPATH\CodeIgniter.php(787): CodeIgniter\Router\RouteCollection->loadRoutes()
 3 SYSTEMPATH\CodeIgniter.php(442): CodeIgniter\CodeIgniter->tryToRouteIt(null)
 4 SYSTEMPATH\CodeIgniter.php(353): CodeIgniter\CodeIgniter->handleRequest(null, Object(Config\Cache), false)
 5 FCPATH\index.php(79): CodeIgniter\CodeIgniter->run()
 6 SYSTEMPATH\Commands\Server\rewrite.php(47): require_once('D:\\STMIK-Jayanusa\\SEMESTER 5\\Pemrograman WEB 2\\Project\\LatihanCI_Masjid\\public\\index.php')
CRITICAL - 2023-11-27 07:18:38 --> Call to undefined method CodeIgniter\Router\RouteCollection::setAutoroutesute()
in APPPATH\Config\Routes.php on line 9.
 1 SYSTEMPATH\Router\RouteCollection.php(339): require()
 2 SYSTEMPATH\CodeIgniter.php(787): CodeIgniter\Router\RouteCollection->loadRoutes()
 3 SYSTEMPATH\CodeIgniter.php(442): CodeIgniter\CodeIgniter->tryToRouteIt(null)
 4 SYSTEMPATH\CodeIgniter.php(353): CodeIgniter\CodeIgniter->handleRequest(null, Object(Config\Cache), false)
 5 FCPATH\index.php(79): CodeIgniter\CodeIgniter->run()
 6 SYSTEMPATH\Commands\Server\rewrite.php(47): require_once('D:\\STMIK-Jayanusa\\SEMESTER 5\\Pemrograman WEB 2\\Project\\LatihanCI_Masjid\\public\\index.php')
CRITICAL - 2023-11-27 07:19:15 --> Call to undefined method CodeIgniter\Router\RouteCollection::setAutoroutesute()
in APPPATH\Config\Routes.php on line 9.
 1 SYSTEMPATH\Router\RouteCollection.php(339): require()
 2 SYSTEMPATH\CodeIgniter.php(787): CodeIgniter\Router\RouteCollection->loadRoutes()
 3 SYSTEMPATH\CodeIgniter.php(442): CodeIgniter\CodeIgniter->tryToRouteIt(null)
 4 SYSTEMPATH\CodeIgniter.php(353): CodeIgniter\CodeIgniter->handleRequest(null, Object(Config\Cache), false)
 5 FCPATH\index.php(79): CodeIgniter\CodeIgniter->run()
 6 SYSTEMPATH\Commands\Server\rewrite.php(47): require_once('D:\\STMIK-Jayanusa\\SEMESTER 5\\Pemrograman WEB 2\\Project\\LatihanCI_Masjid\\public\\index.php')
CRITICAL - 2023-11-27 07:19:26 --> Call to undefined method CodeIgniter\Router\RouteCollection::setAutoroutesute()
in APPPATH\Config\Routes.php on line 9.
 1 SYSTEMPATH\Router\RouteCollection.php(339): require()
 2 SYSTEMPATH\CodeIgniter.php(787): CodeIgniter\Router\RouteCollection->loadRoutes()
 3 SYSTEMPATH\CodeIgniter.php(442): CodeIgniter\CodeIgniter->tryToRouteIt(null)
 4 SYSTEMPATH\CodeIgniter.php(353): CodeIgniter\CodeIgniter->handleRequest(null, Object(Config\Cache), false)
 5 FCPATH\index.php(79): CodeIgniter\CodeIgniter->run()
 6 SYSTEMPATH\Commands\Server\rewrite.php(47): require_once('D:\\STMIK-Jayanusa\\SEMESTER 5\\Pemrograman WEB 2\\Project\\LatihanCI_Masjid\\public\\index.php')
CRITICAL - 2023-11-27 07:32:21 --> Class "App\Controllers\ModelAgenda" not found
in APPPATH\Controllers\Agenda.php on line 11.
 1 SYSTEMPATH\CodeIgniter.php(919): App\Controllers\Agenda->index()
 2 SYSTEMPATH\CodeIgniter.php(494): CodeIgniter\CodeIgniter->runController(Object(App\Controllers\Agenda))
 3 SYSTEMPATH\CodeIgniter.php(353): CodeIgniter\CodeIgniter->handleRequest(null, Object(Config\Cache), false)
 4 FCPATH\index.php(79): CodeIgniter\CodeIgniter->run()
 5 SYSTEMPATH\Commands\Server\rewrite.php(47): require_once('D:\\STMIK-Jayanusa\\SEMESTER 5\\Pemrograman WEB 2\\Project\\LatihanCI_Masjid\\public\\index.php')
CRITICAL - 2023-11-27 07:33:04 --> Class "App\Controllers\ModelAgenda" not found
in APPPATH\Controllers\Agenda.php on line 11.
 1 SYSTEMPATH\CodeIgniter.php(919): App\Controllers\Agenda->index()
 2 SYSTEMPATH\CodeIgniter.php(494): CodeIgniter\CodeIgniter->runController(Object(App\Controllers\Agenda))
 3 SYSTEMPATH\CodeIgniter.php(353): CodeIgniter\CodeIgniter->handleRequest(null, Object(Config\Cache), false)
 4 FCPATH\index.php(79): CodeIgniter\CodeIgniter->run()
 5 SYSTEMPATH\Commands\Server\rewrite.php(47): require_once('D:\\STMIK-Jayanusa\\SEMESTER 5\\Pemrograman WEB 2\\Project\\LatihanCI_Masjid\\public\\index.php')
CRITICAL - 2023-11-27 07:36:57 --> Class "App\Controllers\ModelAgenda" not found
in APPPATH\Controllers\Agenda.php on line 11.
 1 SYSTEMPATH\CodeIgniter.php(919): App\Controllers\Agenda->index()
 2 SYSTEMPATH\CodeIgniter.php(494): CodeIgniter\CodeIgniter->runController(Object(App\Controllers\Agenda))
 3 SYSTEMPATH\CodeIgniter.php(353): CodeIgniter\CodeIgniter->handleRequest(null, Object(Config\Cache), false)
 4 FCPATH\index.php(79): CodeIgniter\CodeIgniter->run()
 5 SYSTEMPATH\Commands\Server\rewrite.php(47): require_once('D:\\STMIK-Jayanusa\\SEMESTER 5\\Pemrograman WEB 2\\Project\\LatihanCI_Masjid\\public\\index.php')
CRITICAL - 2023-11-27 07:36:58 --> Class "App\Controllers\ModelAgenda" not found
in APPPATH\Controllers\Agenda.php on line 11.
 1 SYSTEMPATH\CodeIgniter.php(919): App\Controllers\Agenda->index()
 2 SYSTEMPATH\CodeIgniter.php(494): CodeIgniter\CodeIgniter->runController(Object(App\Controllers\Agenda))
 3 SYSTEMPATH\CodeIgniter.php(353): CodeIgniter\CodeIgniter->handleRequest(null, Object(Config\Cache), false)
 4 FCPATH\index.php(79): CodeIgniter\CodeIgniter->run()
 5 SYSTEMPATH\Commands\Server\rewrite.php(47): require_once('D:\\STMIK-Jayanusa\\SEMESTER 5\\Pemrograman WEB 2\\Project\\LatihanCI_Masjid\\public\\index.php')
INFO - 2023-11-27 07:37:03 --> Session: Class initialized using 'CodeIgniter\Session\Handlers\FileHandler' driver.
CRITICAL - 2023-11-27 07:37:09 --> Class "App\Controllers\ModelAgenda" not found
in APPPATH\Controllers\Agenda.php on line 11.
 1 SYSTEMPATH\CodeIgniter.php(919): App\Controllers\Agenda->index()
 2 SYSTEMPATH\CodeIgniter.php(494): CodeIgniter\CodeIgniter->runController(Object(App\Controllers\Agenda))
 3 SYSTEMPATH\CodeIgniter.php(353): CodeIgniter\CodeIgniter->handleRequest(null, Object(Config\Cache), false)
 4 FCPATH\index.php(79): CodeIgniter\CodeIgniter->run()
 5 SYSTEMPATH\Commands\Server\rewrite.php(47): require_once('D:\\STMIK-Jayanusa\\SEMESTER 5\\Pemrograman WEB 2\\Project\\LatihanCI_Masjid\\public\\index.php')
CRITICAL - 2023-11-27 07:38:17 --> Undefined variable $pengurus
in APPPATH\Views\agenda\v_agenda.php on line 47.
 1 APPPATH\Views\agenda\v_agenda.php(47): CodeIgniter\Debug\Exceptions->errorHandler(2, 'Undefined variable $pengurus', 'D:\\STMIK-Jayanusa\\SEMESTER 5\\Pemrograman WEB 2\\Project\\LatihanCI_Masjid\\app\\Views\\agenda\\v_agenda.php', 47)
 2 SYSTEMPATH\View\View.php(226): include('D:\\STMIK-Jayanusa\\SEMESTER 5\\Pemrograman WEB 2\\Project\\LatihanCI_Masjid\\app\\Views\\agenda\\v_agenda.php')
 3 SYSTEMPATH\View\View.php(229): CodeIgniter\View\View->CodeIgniter\View\{closure}()
 4 SYSTEMPATH\Common.php(1188): CodeIgniter\View\View->render('agenda/v_agenda', [], true)
 5 APPPATH\Controllers\Agenda.php(13): view('agenda/v_agenda', [...])
 6 SYSTEMPATH\CodeIgniter.php(919): App\Controllers\Agenda->index()
 7 SYSTEMPATH\CodeIgniter.php(494): CodeIgniter\CodeIgniter->runController(Object(App\Controllers\Agenda))
 8 SYSTEMPATH\CodeIgniter.php(353): CodeIgniter\CodeIgniter->handleRequest(null, Object(Config\Cache), false)
 9 FCPATH\index.php(79): CodeIgniter\CodeIgniter->run()
10 SYSTEMPATH\Commands\Server\rewrite.php(47): require_once('D:\\STMIK-Jayanusa\\SEMESTER 5\\Pemrograman WEB 2\\Project\\LatihanCI_Masjid\\public\\index.php')
INFO - 2023-11-27 07:38:48 --> Session: Class initialized using 'CodeIgniter\Session\Handlers\FileHandler' driver.
INFO - 2023-11-27 07:39:42 --> Session: Class initialized using 'CodeIgniter\Session\Handlers\FileHandler' driver.
ERROR - 2023-11-27 07:39:56 --> mysqli_sql_exception: Unknown column 'alamat' in 'field list' in D:\STMIK-Jayanusa\SEMESTER 5\Pemrograman WEB 2\Project\LatihanCI_Masjid\system\Database\MySQLi\Connection.php:306
Stack trace:
#0 D:\STMIK-Jayanusa\SEMESTER 5\Pemrograman WEB 2\Project\LatihanCI_Masjid\system\Database\MySQLi\Connection.php(306): mysqli->query('INSERT INTO `tb...', 0)
#1 D:\STMIK-Jayanusa\SEMESTER 5\Pemrograman WEB 2\Project\LatihanCI_Masjid\system\Database\BaseConnection.php(692): CodeIgniter\Database\MySQLi\Connection->execute('INSERT INTO `tb...')
#2 D:\STMIK-Jayanusa\SEMESTER 5\Pemrograman WEB 2\Project\LatihanCI_Masjid\system\Database\BaseConnection.php(606): CodeIgniter\Database\BaseConnection->simpleQuery('INSERT INTO `tb...')
#3 D:\STMIK-Jayanusa\SEMESTER 5\Pemrograman WEB 2\Project\LatihanCI_Masjid\system\Database\BaseBuilder.php(2308): CodeIgniter\Database\BaseConnection->query('INSERT INTO `tb...', Array, false)
#4 D:\STMIK-Jayanusa\SEMESTER 5\Pemrograman WEB 2\Project\LatihanCI_Masjid\app\Models\ModelAgenda.php(17): CodeIgniter\Database\BaseBuilder->insert(Array)
#5 D:\STMIK-Jayanusa\SEMESTER 5\Pemrograman WEB 2\Project\LatihanCI_Masjid\app\Controllers\Agenda.php(39): App\Models\ModelAgenda->insertData(Array)
#6 D:\STMIK-Jayanusa\SEMESTER 5\Pemrograman WEB 2\Project\LatihanCI_Masjid\system\CodeIgniter.php(919): App\Controllers\Agenda->save()
#7 D:\STMIK-Jayanusa\SEMESTER 5\Pemrograman WEB 2\Project\LatihanCI_Masjid\system\CodeIgniter.php(494): CodeIgniter\CodeIgniter->runController(Object(App\Controllers\Agenda))
#8 D:\STMIK-Jayanusa\SEMESTER 5\Pemrograman WEB 2\Project\LatihanCI_Masjid\system\CodeIgniter.php(353): CodeIgniter\CodeIgniter->handleRequest(NULL, Object(Config\Cache), false)
#9 D:\STMIK-Jayanusa\SEMESTER 5\Pemrograman WEB 2\Project\LatihanCI_Masjid\public\index.php(79): CodeIgniter\CodeIgniter->run()
#10 D:\STMIK-Jayanusa\SEMESTER 5\Pemrograman WEB 2\Project\LatihanCI_Masjid\system\Commands\Server\rewrite.php(47): require_once('D:\\STMIK-Jayanu...')
#11 {main}
CRITICAL - 2023-11-27 07:39:56 --> Unknown column 'alamat' in 'field list'
in SYSTEMPATH\Database\BaseConnection.php on line 646.
 1 SYSTEMPATH\Database\BaseBuilder.php(2308): CodeIgniter\Database\BaseConnection->query('INSERT INTO `tbl_agenda` (`id_agenda`, `namakegiatan`, `tanggal`, `alamat`, `jam`) VALUES (:id_agenda:, :namakegiatan:, :tanggal:, :alamat:, :jam:)', [...], false)
 2 APPPATH\Models\ModelAgenda.php(17): CodeIgniter\Database\BaseBuilder->insert([...])
 3 APPPATH\Controllers\Agenda.php(39): App\Models\ModelAgenda->insertData([...])
 4 SYSTEMPATH\CodeIgniter.php(919): App\Controllers\Agenda->save()
 5 SYSTEMPATH\CodeIgniter.php(494): CodeIgniter\CodeIgniter->runController(Object(App\Controllers\Agenda))
 6 SYSTEMPATH\CodeIgniter.php(353): CodeIgniter\CodeIgniter->handleRequest(null, Object(Config\Cache), false)
 7 FCPATH\index.php(79): CodeIgniter\CodeIgniter->run()
 8 SYSTEMPATH\Commands\Server\rewrite.php(47): require_once('D:\\STMIK-Jayanusa\\SEMESTER 5\\Pemrograman WEB 2\\Project\\LatihanCI_Masjid\\public\\index.php')
CRITICAL - 2023-11-27 07:40:38 --> Undefined array key "nama_agenda"
in APPPATH\Views\agenda\v_agenda.php on line 52.
 1 APPPATH\Views\agenda\v_agenda.php(52): CodeIgniter\Debug\Exceptions->errorHandler(2, 'Undefined array key "nama_agenda"', 'D:\\STMIK-Jayanusa\\SEMESTER 5\\Pemrograman WEB 2\\Project\\LatihanCI_Masjid\\app\\Views\\agenda\\v_agenda.php', 52)
 2 SYSTEMPATH\View\View.php(226): include('D:\\STMIK-Jayanusa\\SEMESTER 5\\Pemrograman WEB 2\\Project\\LatihanCI_Masjid\\app\\Views\\agenda\\v_agenda.php')
 3 SYSTEMPATH\View\View.php(229): CodeIgniter\View\View->CodeIgniter\View\{closure}()
 4 SYSTEMPATH\Common.php(1188): CodeIgniter\View\View->render('agenda/v_agenda', [], true)
 5 APPPATH\Controllers\Agenda.php(13): view('agenda/v_agenda', [...])
 6 SYSTEMPATH\CodeIgniter.php(919): App\Controllers\Agenda->index()
 7 SYSTEMPATH\CodeIgniter.php(494): CodeIgniter\CodeIgniter->runController(Object(App\Controllers\Agenda))
 8 SYSTEMPATH\CodeIgniter.php(353): CodeIgniter\CodeIgniter->handleRequest(null, Object(Config\Cache), false)
 9 FCPATH\index.php(79): CodeIgniter\CodeIgniter->run()
10 SYSTEMPATH\Commands\Server\rewrite.php(47): require_once('D:\\STMIK-Jayanusa\\SEMESTER 5\\Pemrograman WEB 2\\Project\\LatihanCI_Masjid\\public\\index.php')
INFO - 2023-11-27 07:41:08 --> Session: Class initialized using 'CodeIgniter\Session\Handlers\FileHandler' driver.
INFO - 2023-11-27 07:41:18 --> Session: Class initialized using 'CodeIgniter\Session\Handlers\FileHandler' driver.
INFO - 2023-11-27 07:41:33 --> Session: Class initialized using 'CodeIgniter\Session\Handlers\FileHandler' driver.
INFO - 2023-11-27 07:41:37 --> Session: Class initialized using 'CodeIgniter\Session\Handlers\FileHandler' driver.
INFO - 2023-11-27 07:41:47 --> Session: Class initialized using 'CodeIgniter\Session\Handlers\FileHandler' driver.
INFO - 2023-11-27 07:42:47 --> Session: Class initialized using 'CodeIgniter\Session\Handlers\FileHandler' driver.
INFO - 2023-11-27 07:43:00 --> Session: Class initialized using 'CodeIgniter\Session\Handlers\FileHandler' driver.
INFO - 2023-11-27 07:43:03 --> Session: Class initialized using 'CodeIgniter\Session\Handlers\FileHandler' driver.
INFO - 2023-11-27 07:43:05 --> Session: Class initialized using 'CodeIgniter\Session\Handlers\FileHandler' driver.
INFO - 2023-11-27 07:43:19 --> Session: Class initialized using 'CodeIgniter\Session\Handlers\FileHandler' driver.
INFO - 2023-11-27 07:43:21 --> Session: Class initialized using 'CodeIgniter\Session\Handlers\FileHandler' driver.
INFO - 2023-11-27 07:43:36 --> Session: Class initialized using 'CodeIgniter\Session\Handlers\FileHandler' driver.
INFO - 2023-11-27 07:44:06 --> Session: Class initialized using 'CodeIgniter\Session\Handlers\FileHandler' driver.
INFO - 2023-11-27 07:44:23 --> Session: Class initialized using 'CodeIgniter\Session\Handlers\FileHandler' driver.
INFO - 2023-11-27 07:44:59 --> Session: Class initialized using 'CodeIgniter\Session\Handlers\FileHandler' driver.
INFO - 2023-11-27 07:45:53 --> Session: Class initialized using 'CodeIgniter\Session\Handlers\FileHandler' driver.
INFO - 2023-11-27 07:47:22 --> Session: Class initialized using 'CodeIgniter\Session\Handlers\FileHandler' driver.
INFO - 2023-11-27 07:47:31 --> Session: Class initialized using 'CodeIgniter\Session\Handlers\FileHandler' driver.
INFO - 2023-11-27 07:49:44 --> Session: Class initialized using 'CodeIgniter\Session\Handlers\FileHandler' driver.
INFO - 2023-11-27 07:50:09 --> Session: Class initialized using 'CodeIgniter\Session\Handlers\FileHandler' driver.
INFO - 2023-11-27 07:51:59 --> Session: Class initialized using 'CodeIgniter\Session\Handlers\FileHandler' driver.
INFO - 2023-11-27 07:52:51 --> Session: Class initialized using 'CodeIgniter\Session\Handlers\FileHandler' driver.
INFO - 2023-11-27 07:54:08 --> Session: Class initialized using 'CodeIgniter\Session\Handlers\FileHandler' driver.
INFO - 2023-11-27 07:54:25 --> Session: Class initialized using 'CodeIgniter\Session\Handlers\FileHandler' driver.
INFO - 2023-11-27 07:54:29 --> Session: Class initialized using 'CodeIgniter\Session\Handlers\FileHandler' driver.
INFO - 2023-11-27 07:54:38 --> Session: Class initialized using 'CodeIgniter\Session\Handlers\FileHandler' driver.
INFO - 2023-11-27 07:54:42 --> Session: Class initialized using 'CodeIgniter\Session\Handlers\FileHandler' driver.
INFO - 2023-11-27 07:54:54 --> Session: Class initialized using 'CodeIgniter\Session\Handlers\FileHandler' driver.
INFO - 2023-11-27 07:55:01 --> Session: Class initialized using 'CodeIgniter\Session\Handlers\FileHandler' driver.
INFO - 2023-11-27 07:55:10 --> Session: Class initialized using 'CodeIgniter\Session\Handlers\FileHandler' driver.
INFO - 2023-11-27 07:55:14 --> Session: Class initialized using 'CodeIgniter\Session\Handlers\FileHandler' driver.
INFO - 2023-11-27 07:55:27 --> Session: Class initialized using 'CodeIgniter\Session\Handlers\FileHandler' driver.
INFO - 2023-11-27 07:56:26 --> Session: Class initialized using 'CodeIgniter\Session\Handlers\FileHandler' driver.
INFO - 2023-11-27 07:56:30 --> Session: Class initialized using 'CodeIgniter\Session\Handlers\FileHandler' driver.
INFO - 2023-11-27 07:56:37 --> Session: Class initialized using 'CodeIgniter\Session\Handlers\FileHandler' driver.
INFO - 2023-11-27 07:56:39 --> Session: Class initialized using 'CodeIgniter\Session\Handlers\FileHandler' driver.
INFO - 2023-11-27 07:56:45 --> Session: Class initialized using 'CodeIgniter\Session\Handlers\FileHandler' driver.
INFO - 2023-11-27 07:56:57 --> Session: Class initialized using 'CodeIgniter\Session\Handlers\FileHandler' driver.
INFO - 2023-11-27 07:59:37 --> Session: Class initialized using 'CodeIgniter\Session\Handlers\FileHandler' driver.
INFO - 2023-11-27 07:59:52 --> Session: Class initialized using 'CodeIgniter\Session\Handlers\FileHandler' driver.
INFO - 2023-11-27 07:59:54 --> Session: Class initialized using 'CodeIgniter\Session\Handlers\FileHandler' driver.
INFO - 2023-11-27 08:00:35 --> Session: Class initialized using 'CodeIgniter\Session\Handlers\FileHandler' driver.
INFO - 2023-11-27 08:01:19 --> Session: Class initialized using 'CodeIgniter\Session\Handlers\FileHandler' driver.
INFO - 2023-11-27 08:01:31 --> Session: Class initialized using 'CodeIgniter\Session\Handlers\FileHandler' driver.
INFO - 2023-11-27 08:01:51 --> Session: Class initialized using 'CodeIgniter\Session\Handlers\FileHandler' driver.
INFO - 2023-11-27 08:02:33 --> Session: Class initialized using 'CodeIgniter\Session\Handlers\FileHandler' driver.
INFO - 2023-11-27 08:02:48 --> Session: Class initialized using 'CodeIgniter\Session\Handlers\FileHandler' driver.
INFO - 2023-11-27 08:03:00 --> Session: Class initialized using 'CodeIgniter\Session\Handlers\FileHandler' driver.
INFO - 2023-11-27 08:03:14 --> Session: Class initialized using 'CodeIgniter\Session\Handlers\FileHandler' driver.
INFO - 2023-11-27 08:03:21 --> Session: Class initialized using 'CodeIgniter\Session\Handlers\FileHandler' driver.
INFO - 2023-11-27 08:03:24 --> Session: Class initialized using 'CodeIgniter\Session\Handlers\FileHandler' driver.
