CRITICAL - 2023-11-23 18:26:57 --> Invalid file: "layout/menu.php"
in SYSTEMPATH\Exceptions\FrameworkException.php on line 39.
 1 SYSTEMPATH\View\View.php(214): CodeIgniter\Exceptions\FrameworkException::forInvalidFile('layout/menu.php')
 2 SYSTEMPATH\View\View.php(242): CodeIgniter\View\View->render('layout/menu', [], true)
 3 SYSTEMPATH\Common.php(1188): CodeIgniter\View\View->render('layout/beranda', [], true)
 4 APPPATH\Controllers\Layout.php(9): view('layout/beranda')
 5 SYSTEMPATH\CodeIgniter.php(919): App\Controllers\Layout->index()
 6 SYSTEMPATH\CodeIgniter.php(494): CodeIgniter\CodeIgniter->runController(Object(App\Controllers\Layout))
 7 SYSTEMPATH\CodeIgniter.php(353): CodeIgniter\CodeIgniter->handleRequest(null, Object(Config\Cache), false)
 8 FCPATH\index.php(79): CodeIgniter\CodeIgniter->run()
 9 SYSTEMPATH\Commands\Server\rewrite.php(47): require_once('D:\\STMIK-Jayanusa\\SEMESTER 5\\Pemrograman WEB 2\\Project\\LatihanCI_Masjid\\public\\index.php')
CRITICAL - 2023-11-23 18:26:58 --> Invalid file: "layout/menu.php"
in SYSTEMPATH\Exceptions\FrameworkException.php on line 39.
 1 SYSTEMPATH\View\View.php(214): CodeIgniter\Exceptions\FrameworkException::forInvalidFile('layout/menu.php')
 2 SYSTEMPATH\View\View.php(242): CodeIgniter\View\View->render('layout/menu', [], true)
 3 SYSTEMPATH\Common.php(1188): CodeIgniter\View\View->render('layout/beranda', [], true)
 4 APPPATH\Controllers\Layout.php(9): view('layout/beranda')
 5 SYSTEMPATH\CodeIgniter.php(919): App\Controllers\Layout->index()
 6 SYSTEMPATH\CodeIgniter.php(494): CodeIgniter\CodeIgniter->runController(Object(App\Controllers\Layout))
 7 SYSTEMPATH\CodeIgniter.php(353): CodeIgniter\CodeIgniter->handleRequest(null, Object(Config\Cache), false)
 8 FCPATH\index.php(79): CodeIgniter\CodeIgniter->run()
 9 SYSTEMPATH\Commands\Server\rewrite.php(47): require_once('D:\\STMIK-Jayanusa\\SEMESTER 5\\Pemrograman WEB 2\\Project\\LatihanCI_Masjid\\public\\index.php')
CRITICAL - 2023-11-23 18:27:00 --> Invalid file: "layout/menu.php"
in SYSTEMPATH\Exceptions\FrameworkException.php on line 39.
 1 SYSTEMPATH\View\View.php(214): CodeIgniter\Exceptions\FrameworkException::forInvalidFile('layout/menu.php')
 2 SYSTEMPATH\View\View.php(242): CodeIgniter\View\View->render('layout/menu', [], true)
 3 SYSTEMPATH\Common.php(1188): CodeIgniter\View\View->render('layout/beranda', [], true)
 4 APPPATH\Controllers\Layout.php(9): view('layout/beranda')
 5 SYSTEMPATH\CodeIgniter.php(919): App\Controllers\Layout->index()
 6 SYSTEMPATH\CodeIgniter.php(494): CodeIgniter\CodeIgniter->runController(Object(App\Controllers\Layout))
 7 SYSTEMPATH\CodeIgniter.php(353): CodeIgniter\CodeIgniter->handleRequest(null, Object(Config\Cache), false)
 8 FCPATH\index.php(79): CodeIgniter\CodeIgniter->run()
 9 SYSTEMPATH\Commands\Server\rewrite.php(47): require_once('D:\\STMIK-Jayanusa\\SEMESTER 5\\Pemrograman WEB 2\\Project\\LatihanCI_Masjid\\public\\index.php')
CRITICAL - 2023-11-23 18:27:03 --> Invalid file: "layout/menu.php"
in SYSTEMPATH\Exceptions\FrameworkException.php on line 39.
 1 SYSTEMPATH\View\View.php(214): CodeIgniter\Exceptions\FrameworkException::forInvalidFile('layout/menu.php')
 2 SYSTEMPATH\View\View.php(242): CodeIgniter\View\View->render('layout/menu', [], true)
 3 SYSTEMPATH\Common.php(1188): CodeIgniter\View\View->render('layout/beranda', [], true)
 4 APPPATH\Controllers\Layout.php(9): view('layout/beranda')
 5 SYSTEMPATH\CodeIgniter.php(919): App\Controllers\Layout->index()
 6 SYSTEMPATH\CodeIgniter.php(494): CodeIgniter\CodeIgniter->runController(Object(App\Controllers\Layout))
 7 SYSTEMPATH\CodeIgniter.php(353): CodeIgniter\CodeIgniter->handleRequest(null, Object(Config\Cache), false)
 8 FCPATH\index.php(79): CodeIgniter\CodeIgniter->run()
 9 SYSTEMPATH\Commands\Server\rewrite.php(47): require_once('D:\\STMIK-Jayanusa\\SEMESTER 5\\Pemrograman WEB 2\\Project\\LatihanCI_Masjid\\public\\index.php')
CRITICAL - 2023-11-23 18:27:24 --> Invalid file: "layout/menu.php"
in SYSTEMPATH\Exceptions\FrameworkException.php on line 39.
 1 SYSTEMPATH\View\View.php(214): CodeIgniter\Exceptions\FrameworkException::forInvalidFile('layout/menu.php')
 2 SYSTEMPATH\View\View.php(242): CodeIgniter\View\View->render('layout/menu', [], true)
 3 SYSTEMPATH\Common.php(1188): CodeIgniter\View\View->render('layout/beranda', [], true)
 4 APPPATH\Controllers\Layout.php(9): view('layout/beranda')
 5 SYSTEMPATH\CodeIgniter.php(919): App\Controllers\Layout->index()
 6 SYSTEMPATH\CodeIgniter.php(494): CodeIgniter\CodeIgniter->runController(Object(App\Controllers\Layout))
 7 SYSTEMPATH\CodeIgniter.php(353): CodeIgniter\CodeIgniter->handleRequest(null, Object(Config\Cache), false)
 8 FCPATH\index.php(79): CodeIgniter\CodeIgniter->run()
 9 SYSTEMPATH\Commands\Server\rewrite.php(47): require_once('D:\\STMIK-Jayanusa\\SEMESTER 5\\Pemrograman WEB 2\\Project\\LatihanCI_Masjid\\public\\index.php')
CRITICAL - 2023-11-23 18:27:41 --> Invalid file: "layout/menu.php"
in SYSTEMPATH\Exceptions\FrameworkException.php on line 39.
 1 SYSTEMPATH\View\View.php(214): CodeIgniter\Exceptions\FrameworkException::forInvalidFile('layout/menu.php')
 2 SYSTEMPATH\View\View.php(242): CodeIgniter\View\View->render('layout/menu', [], true)
 3 SYSTEMPATH\Common.php(1188): CodeIgniter\View\View->render('layout/beranda', [], true)
 4 APPPATH\Controllers\Layout.php(9): view('layout/beranda')
 5 SYSTEMPATH\CodeIgniter.php(919): App\Controllers\Layout->index()
 6 SYSTEMPATH\CodeIgniter.php(494): CodeIgniter\CodeIgniter->runController(Object(App\Controllers\Layout))
 7 SYSTEMPATH\CodeIgniter.php(353): CodeIgniter\CodeIgniter->handleRequest(null, Object(Config\Cache), false)
 8 FCPATH\index.php(79): CodeIgniter\CodeIgniter->run()
 9 SYSTEMPATH\Commands\Server\rewrite.php(47): require_once('D:\\STMIK-Jayanusa\\SEMESTER 5\\Pemrograman WEB 2\\Project\\LatihanCI_Masjid\\public\\index.php')
CRITICAL - 2023-11-23 18:28:32 --> Invalid file: "layout/menu.php"
in SYSTEMPATH\Exceptions\FrameworkException.php on line 39.
 1 SYSTEMPATH\View\View.php(214): CodeIgniter\Exceptions\FrameworkException::forInvalidFile('layout/menu.php')
 2 SYSTEMPATH\View\View.php(242): CodeIgniter\View\View->render('layout/menu', [], true)
 3 SYSTEMPATH\Common.php(1188): CodeIgniter\View\View->render('layout/beranda', [], true)
 4 APPPATH\Controllers\Layout.php(9): view('layout/beranda')
 5 SYSTEMPATH\CodeIgniter.php(919): App\Controllers\Layout->index()
 6 SYSTEMPATH\CodeIgniter.php(494): CodeIgniter\CodeIgniter->runController(Object(App\Controllers\Layout))
 7 SYSTEMPATH\CodeIgniter.php(353): CodeIgniter\CodeIgniter->handleRequest(null, Object(Config\Cache), false)
 8 FCPATH\index.php(79): CodeIgniter\CodeIgniter->run()
 9 SYSTEMPATH\Commands\Server\rewrite.php(47): require_once('D:\\STMIK-Jayanusa\\SEMESTER 5\\Pemrograman WEB 2\\Project\\LatihanCI_Masjid\\public\\index.php')
CRITICAL - 2023-11-23 18:29:00 --> Invalid file: "layout/menu.php"
in SYSTEMPATH\Exceptions\FrameworkException.php on line 39.
 1 SYSTEMPATH\View\View.php(214): CodeIgniter\Exceptions\FrameworkException::forInvalidFile('layout/menu.php')
 2 SYSTEMPATH\View\View.php(242): CodeIgniter\View\View->render('layout/menu', [], true)
 3 SYSTEMPATH\Common.php(1188): CodeIgniter\View\View->render('layout/beranda', [], true)
 4 APPPATH\Controllers\Layout.php(9): view('layout/beranda')
 5 SYSTEMPATH\CodeIgniter.php(919): App\Controllers\Layout->index()
 6 SYSTEMPATH\CodeIgniter.php(494): CodeIgniter\CodeIgniter->runController(Object(App\Controllers\Layout))
 7 SYSTEMPATH\CodeIgniter.php(353): CodeIgniter\CodeIgniter->handleRequest(null, Object(Config\Cache), false)
 8 FCPATH\index.php(79): CodeIgniter\CodeIgniter->run()
 9 SYSTEMPATH\Commands\Server\rewrite.php(47): require_once('D:\\STMIK-Jayanusa\\SEMESTER 5\\Pemrograman WEB 2\\Project\\LatihanCI_Masjid\\public\\index.php')
CRITICAL - 2023-11-23 18:29:43 --> Invalid file: "layout/menu.php"
in SYSTEMPATH\Exceptions\FrameworkException.php on line 39.
 1 SYSTEMPATH\View\View.php(214): CodeIgniter\Exceptions\FrameworkException::forInvalidFile('layout/menu.php')
 2 SYSTEMPATH\View\View.php(242): CodeIgniter\View\View->render('layout/menu', [], true)
 3 SYSTEMPATH\Common.php(1188): CodeIgniter\View\View->render('layout/beranda', [], true)
 4 APPPATH\Controllers\Layout.php(9): view('layout/beranda')
 5 SYSTEMPATH\CodeIgniter.php(919): App\Controllers\Layout->index()
 6 SYSTEMPATH\CodeIgniter.php(494): CodeIgniter\CodeIgniter->runController(Object(App\Controllers\Layout))
 7 SYSTEMPATH\CodeIgniter.php(353): CodeIgniter\CodeIgniter->handleRequest(null, Object(Config\Cache), false)
 8 FCPATH\index.php(79): CodeIgniter\CodeIgniter->run()
 9 SYSTEMPATH\Commands\Server\rewrite.php(47): require_once('D:\\STMIK-Jayanusa\\SEMESTER 5\\Pemrograman WEB 2\\Project\\LatihanCI_Masjid\\public\\index.php')
CRITICAL - 2023-11-23 18:29:54 --> Invalid file: "layout/menu.php"
in SYSTEMPATH\Exceptions\FrameworkException.php on line 39.
 1 SYSTEMPATH\View\View.php(214): CodeIgniter\Exceptions\FrameworkException::forInvalidFile('layout/menu.php')
 2 SYSTEMPATH\View\View.php(242): CodeIgniter\View\View->render('layout/menu', [], true)
 3 SYSTEMPATH\Common.php(1188): CodeIgniter\View\View->render('layout/beranda', [], true)
 4 APPPATH\Controllers\Layout.php(9): view('layout/beranda')
 5 SYSTEMPATH\CodeIgniter.php(919): App\Controllers\Layout->index()
 6 SYSTEMPATH\CodeIgniter.php(494): CodeIgniter\CodeIgniter->runController(Object(App\Controllers\Layout))
 7 SYSTEMPATH\CodeIgniter.php(353): CodeIgniter\CodeIgniter->handleRequest(null, Object(Config\Cache), false)
 8 FCPATH\index.php(79): CodeIgniter\CodeIgniter->run()
 9 SYSTEMPATH\Commands\Server\rewrite.php(47): require_once('D:\\STMIK-Jayanusa\\SEMESTER 5\\Pemrograman WEB 2\\Project\\LatihanCI_Masjid\\public\\index.php')
CRITICAL - 2023-11-23 18:32:31 --> Invalid file: "layout/menu.php"
in SYSTEMPATH\Exceptions\FrameworkException.php on line 39.
 1 SYSTEMPATH\View\View.php(214): CodeIgniter\Exceptions\FrameworkException::forInvalidFile('layout/menu.php')
 2 SYSTEMPATH\View\View.php(242): CodeIgniter\View\View->render('layout/menu', [], true)
 3 SYSTEMPATH\Common.php(1188): CodeIgniter\View\View->render('layout/beranda', [], true)
 4 APPPATH\Controllers\Layout.php(9): view('layout/beranda')
 5 SYSTEMPATH\CodeIgniter.php(919): App\Controllers\Layout->index()
 6 SYSTEMPATH\CodeIgniter.php(494): CodeIgniter\CodeIgniter->runController(Object(App\Controllers\Layout))
 7 SYSTEMPATH\CodeIgniter.php(353): CodeIgniter\CodeIgniter->handleRequest(null, Object(Config\Cache), false)
 8 FCPATH\index.php(79): CodeIgniter\CodeIgniter->run()
 9 SYSTEMPATH\Commands\Server\rewrite.php(47): require_once('D:\\STMIK-Jayanusa\\SEMESTER 5\\Pemrograman WEB 2\\Project\\LatihanCI_Masjid\\public\\index.php')
